<?xml version="1.0" encoding="UTF-8"?>
<coverage generated="1767769421867" clover="3.2.0">
  <project timestamp="1767769421867" name="All files">
    <metrics statements="147" coveredstatements="143" conditionals="77" coveredconditionals="65" methods="26" coveredmethods="25" elements="250" coveredelements="233" complexity="0" loc="147" ncloc="147" packages="1" files="1" classes="1"/>
    <file name="parser.ts" path="/Users/kenneth/Documents/Nichole/steam-lesson-agent-v1/lib/export/parser.ts">
      <metrics statements="147" coveredstatements="143" conditionals="77" coveredconditionals="65" methods="26" coveredmethods="25"/>
      <line num="11" count="4" type="stmt"/>
      <line num="15" count="26" type="stmt"/>
      <line num="19" count="9" type="stmt"/>
      <line num="27" count="9" type="stmt"/>
      <line num="31" count="71" type="stmt"/>
      <line num="32" count="350" type="stmt"/>
      <line num="36" count="8" type="stmt"/>
      <line num="37" count="8" type="stmt"/>
      <line num="39" count="14" type="stmt"/>
      <line num="42" count="8" type="stmt"/>
      <line num="43" count="8" type="stmt"/>
      <line num="44" count="14" type="stmt"/>
      <line num="45" count="14" type="cond" truecount="1" falsecount="0"/>
      <line num="47" count="8" type="stmt"/>
      <line num="57" count="4" type="stmt"/>
      <line num="58" count="4" type="stmt"/>
      <line num="59" count="4" type="stmt"/>
      <line num="61" count="4" type="stmt"/>
      <line num="63" count="4" type="stmt"/>
      <line num="64" count="16" type="stmt"/>
      <line num="65" count="16" type="cond" truecount="1" falsecount="0"/>
      <line num="66" count="8" type="stmt"/>
      <line num="67" count="8" type="stmt"/>
      <line num="70" count="8" type="stmt"/>
      <line num="71" count="8" type="cond" truecount="1" falsecount="0"/>
      <line num="72" count="5" type="stmt"/>
      <line num="73" count="5" type="stmt"/>
      <line num="76" count="3" type="stmt"/>
      <line num="77" count="3" type="stmt"/>
      <line num="78" count="9" type="stmt"/>
      <line num="79" count="9" type="stmt"/>
      <line num="81" count="9" type="cond" truecount="0" falsecount="1"/>
      <line num="83" count="9" type="cond" truecount="1" falsecount="0"/>
      <line num="92" count="3" type="cond" truecount="2" falsecount="0"/>
      <line num="93" count="3" type="stmt"/>
      <line num="94" count="3" type="stmt"/>
      <line num="97" count="6" type="cond" truecount="1" falsecount="0"/>
      <line num="107" count="3" type="cond" truecount="2" falsecount="0"/>
      <line num="108" count="3" type="stmt"/>
      <line num="109" count="3" type="stmt"/>
      <line num="112" count="3" type="cond" truecount="1" falsecount="0"/>
      <line num="121" count="3" type="cond" truecount="2" falsecount="0"/>
      <line num="122" count="3" type="stmt"/>
      <line num="123" count="3" type="stmt"/>
      <line num="127" count="3" type="cond" truecount="0" falsecount="1"/>
      <line num="130" count="4" type="stmt"/>
      <line num="131" count="4" type="stmt"/>
      <line num="135" count="14" type="cond" truecount="1" falsecount="0"/>
      <line num="136" count="10" type="stmt"/>
      <line num="137" count="16" type="stmt"/>
      <line num="138" count="10" type="stmt"/>
      <line num="140" count="10" type="cond" truecount="1" falsecount="3"/>
      <line num="141" count="10" type="stmt"/>
      <line num="144" count="4" type="stmt"/>
      <line num="145" count="4" type="cond" truecount="1" falsecount="1"/>
      <line num="146" count="4" type="stmt"/>
      <line num="148" count="4" type="stmt"/>
      <line num="162" count="4" type="stmt"/>
      <line num="163" count="4" type="stmt"/>
      <line num="164" count="4" type="stmt"/>
      <line num="165" count="4" type="stmt"/>
      <line num="166" count="4" type="stmt"/>
      <line num="168" count="4" type="stmt"/>
      <line num="169" count="34" type="cond" truecount="2" falsecount="0"/>
      <line num="170" count="14" type="stmt"/>
      <line num="173" count="4" type="stmt"/>
      <line num="174" count="18" type="cond" truecount="2" falsecount="0"/>
      <line num="175" count="2" type="stmt"/>
      <line num="178" count="4" type="stmt"/>
      <line num="179" count="65" type="stmt"/>
      <line num="181" count="65" type="stmt"/>
      <line num="182" count="65" type="stmt"/>
      <line num="183" count="65" type="cond" truecount="1" falsecount="0"/>
      <line num="184" count="2" type="stmt"/>
      <line num="185" count="2" type="stmt"/>
      <line num="186" count="2" type="stmt"/>
      <line num="189" count="63" type="cond" truecount="1" falsecount="0"/>
      <line num="190" count="59" type="stmt"/>
      <line num="191" count="59" type="cond" truecount="1" falsecount="0"/>
      <line num="192" count="13" type="stmt"/>
      <line num="193" count="13" type="stmt"/>
      <line num="195" count="13" type="cond" truecount="3" falsecount="0"/>
      <line num="196" count="3" type="stmt"/>
      <line num="197" count="3" type="stmt"/>
      <line num="200" count="10" type="cond" truecount="3" falsecount="0"/>
      <line num="201" count="10" type="stmt"/>
      <line num="202" count="10" type="cond" truecount="1" falsecount="0"/>
      <line num="203" count="10" type="stmt"/>
      <line num="204" count="10" type="stmt"/>
      <line num="205" count="10" type="stmt"/>
      <line num="208" count="0" type="stmt"/>
      <line num="209" count="0" type="stmt"/>
      <line num="212" count="46" type="stmt"/>
      <line num="213" count="46" type="cond" truecount="1" falsecount="0"/>
      <line num="214" count="14" type="stmt"/>
      <line num="215" count="14" type="stmt"/>
      <line num="218" count="32" type="stmt"/>
      <line num="219" count="32" type="cond" truecount="1" falsecount="0"/>
      <line num="220" count="4" type="stmt"/>
      <line num="221" count="4" type="stmt"/>
      <line num="225" count="32" type="stmt"/>
      <line num="228" count="4" type="stmt"/>
      <line num="229" count="4" type="cond" truecount="1" falsecount="0"/>
      <line num="231" count="4" type="cond" truecount="1" falsecount="0"/>
      <line num="232" count="1" type="cond" truecount="1" falsecount="1"/>
      <line num="233" count="1" type="stmt"/>
      <line num="234" count="1" type="cond" truecount="2" falsecount="0"/>
      <line num="237" count="4" type="stmt"/>
      <line num="238" count="4" type="stmt"/>
      <line num="239" count="4" type="stmt"/>
      <line num="240" count="4" type="stmt"/>
      <line num="241" count="4" type="stmt"/>
      <line num="243" count="4" type="cond" truecount="1" falsecount="0"/>
      <line num="244" count="1" type="stmt"/>
      <line num="245" count="1" type="stmt"/>
      <line num="246" count="1" type="stmt"/>
      <line num="247" count="1" type="stmt"/>
      <line num="248" count="5" type="stmt"/>
      <line num="249" count="5" type="cond" truecount="2" falsecount="0"/>
      <line num="250" count="3" type="stmt"/>
      <line num="252" count="1" type="stmt"/>
      <line num="259" count="4" type="stmt"/>
      <line num="260" count="11" type="stmt"/>
      <line num="262" count="4" type="stmt"/>
      <line num="263" count="11" type="stmt"/>
      <line num="265" count="4" type="stmt"/>
      <line num="266" count="11" type="stmt"/>
      <line num="268" count="4" type="stmt"/>
      <line num="269" count="11" type="stmt"/>
      <line num="271" count="4" type="stmt"/>
      <line num="272" count="11" type="stmt"/>
      <line num="274" count="11" type="stmt"/>
      <line num="276" count="4" type="cond" truecount="1" falsecount="2"/>
      <line num="277" count="0" type="stmt"/>
      <line num="280" count="4" type="stmt"/>
      <line num="281" count="17" type="cond" truecount="2" falsecount="0"/>
      <line num="283" count="4" type="stmt"/>
      <line num="284" count="4" type="stmt"/>
      <line num="285" count="4" type="stmt"/>
      <line num="286" count="4" type="stmt"/>
      <line num="288" count="4" type="cond" truecount="2" falsecount="0"/>
      <line num="289" count="1" type="stmt"/>
      <line num="290" count="1" type="stmt"/>
      <line num="292" count="3" type="stmt"/>
      <line num="293" count="5" type="cond" truecount="2" falsecount="0"/>
      <line num="294" count="0" type="stmt"/>
      <line num="298" count="4" type="stmt"/>
    </file>
  </project>
</coverage>
