{"/Users/kenneth/Documents/Nichole/steam-lesson-agent-v1/lib/export/parser.ts": {"path":"/Users/kenneth/Documents/Nichole/steam-lesson-agent-v1/lib/export/parser.ts","statementMap":{"0":{"start":{"line":144,"column":16},"end":{"line":144,"column":38}},"1":{"start":{"line":11,"column":2},"end":{"line":11,"column":null}},"2":{"start":{"line":15,"column":2},"end":{"line":15,"column":null}},"3":{"start":{"line":19,"column":2},"end":{"line":23,"column":null}},"4":{"start":{"line":27,"column":2},"end":{"line":27,"column":null}},"5":{"start":{"line":31,"column":21},"end":{"line":31,"column":null}},"6":{"start":{"line":32,"column":2},"end":{"line":32,"column":null}},"7":{"start":{"line":32,"column":28},"end":{"line":32,"column":null}},"8":{"start":{"line":36,"column":18},"end":{"line":36,"column":null}},"9":{"start":{"line":37,"column":19},"end":{"line":40,"column":null}},"10":{"start":{"line":39,"column":14},"end":{"line":39,"column":null}},"11":{"start":{"line":42,"column":55},"end":{"line":42,"column":57}},"12":{"start":{"line":43,"column":2},"end":{"line":46,"column":null}},"13":{"start":{"line":44,"column":18},"end":{"line":44,"column":null}},"14":{"start":{"line":45,"column":4},"end":{"line":45,"column":null}},"15":{"start":{"line":45,"column":15},"end":{"line":45,"column":null}},"16":{"start":{"line":47,"column":2},"end":{"line":47,"column":null}},"17":{"start":{"line":57,"column":19},"end":{"line":57,"column":null}},"18":{"start":{"line":58,"column":16},"end":{"line":58,"column":null}},"19":{"start":{"line":59,"column":17},"end":{"line":59,"column":null}},"20":{"start":{"line":61,"column":34},"end":{"line":61,"column":36}},"21":{"start":{"line":63,"column":2},"end":{"line":128,"column":null}},"22":{"start":{"line":64,"column":17},"end":{"line":64,"column":null}},"23":{"start":{"line":65,"column":4},"end":{"line":68,"column":null}},"24":{"start":{"line":66,"column":6},"end":{"line":66,"column":null}},"25":{"start":{"line":67,"column":6},"end":{"line":67,"column":null}},"26":{"start":{"line":70,"column":18},"end":{"line":70,"column":null}},"27":{"start":{"line":71,"column":4},"end":{"line":74,"column":null}},"28":{"start":{"line":72,"column":6},"end":{"line":72,"column":null}},"29":{"start":{"line":73,"column":6},"end":{"line":73,"column":null}},"30":{"start":{"line":76,"column":29},"end":{"line":76,"column":null}},"31":{"start":{"line":77,"column":4},"end":{"line":125,"column":null}},"32":{"start":{"line":78,"column":16},"end":{"line":78,"column":null}},"33":{"start":{"line":79,"column":16},"end":{"line":79,"column":null}},"34":{"start":{"line":81,"column":6},"end":{"line":81,"column":null}},"35":{"start":{"line":81,"column":14},"end":{"line":81,"column":null}},"36":{"start":{"line":83,"column":6},"end":{"line":95,"column":null}},"37":{"start":{"line":92,"column":8},"end":{"line":92,"column":null}},"38":{"start":{"line":93,"column":8},"end":{"line":93,"column":null}},"39":{"start":{"line":94,"column":8},"end":{"line":94,"column":null}},"40":{"start":{"line":97,"column":6},"end":{"line":110,"column":null}},"41":{"start":{"line":107,"column":8},"end":{"line":107,"column":null}},"42":{"start":{"line":108,"column":8},"end":{"line":108,"column":null}},"43":{"start":{"line":109,"column":8},"end":{"line":109,"column":null}},"44":{"start":{"line":112,"column":6},"end":{"line":124,"column":null}},"45":{"start":{"line":121,"column":8},"end":{"line":121,"column":null}},"46":{"start":{"line":122,"column":8},"end":{"line":122,"column":null}},"47":{"start":{"line":123,"column":8},"end":{"line":123,"column":null}},"48":{"start":{"line":127,"column":4},"end":{"line":127,"column":null}},"49":{"start":{"line":127,"column":29},"end":{"line":127,"column":null}},"50":{"start":{"line":130,"column":19},"end":{"line":130,"column":null}},"51":{"start":{"line":131,"column":2},"end":{"line":131,"column":null}},"52":{"start":{"line":135,"column":2},"end":{"line":135,"column":null}},"53":{"start":{"line":135,"column":16},"end":{"line":135,"column":null}},"54":{"start":{"line":136,"column":18},"end":{"line":136,"column":null}},"55":{"start":{"line":137,"column":16},"end":{"line":137,"column":null}},"56":{"start":{"line":137,"column":39},"end":{"line":137,"column":49}},"57":{"start":{"line":138,"column":16},"end":{"line":138,"column":null}},"58":{"start":{"line":140,"column":2},"end":{"line":140,"column":null}},"59":{"start":{"line":140,"column":48},"end":{"line":140,"column":null}},"60":{"start":{"line":141,"column":2},"end":{"line":141,"column":null}},"61":{"start":{"line":145,"column":23},"end":{"line":145,"column":null}},"62":{"start":{"line":146,"column":15},"end":{"line":146,"column":null}},"63":{"start":{"line":148,"column":31},"end":{"line":160,"column":null}},"64":{"start":{"line":162,"column":16},"end":{"line":162,"column":null}},"65":{"start":{"line":163,"column":31},"end":{"line":163,"column":33}},"66":{"start":{"line":164,"column":20},"end":{"line":164,"column":null}},"67":{"start":{"line":165,"column":38},"end":{"line":165,"column":null}},"68":{"start":{"line":166,"column":22},"end":{"line":166,"column":null}},"69":{"start":{"line":168,"column":19},"end":{"line":171,"column":null}},"70":{"start":{"line":169,"column":4},"end":{"line":170,"column":null}},"71":{"start":{"line":169,"column":17},"end":{"line":169,"column":null}},"72":{"start":{"line":170,"column":9},"end":{"line":170,"column":null}},"73":{"start":{"line":173,"column":19},"end":{"line":176,"column":null}},"74":{"start":{"line":174,"column":4},"end":{"line":175,"column":null}},"75":{"start":{"line":174,"column":17},"end":{"line":174,"column":null}},"76":{"start":{"line":175,"column":9},"end":{"line":175,"column":null}},"77":{"start":{"line":178,"column":2},"end":{"line":226,"column":null}},"78":{"start":{"line":179,"column":17},"end":{"line":179,"column":null}},"79":{"start":{"line":181,"column":20},"end":{"line":181,"column":null}},"80":{"start":{"line":182,"column":23},"end":{"line":182,"column":null}},"81":{"start":{"line":183,"column":4},"end":{"line":187,"column":null}},"82":{"start":{"line":184,"column":6},"end":{"line":184,"column":null}},"83":{"start":{"line":185,"column":6},"end":{"line":185,"column":null}},"84":{"start":{"line":186,"column":6},"end":{"line":186,"column":null}},"85":{"start":{"line":189,"column":4},"end":{"line":223,"column":null}},"86":{"start":{"line":190,"column":27},"end":{"line":190,"column":null}},"87":{"start":{"line":191,"column":6},"end":{"line":210,"column":null}},"88":{"start":{"line":192,"column":22},"end":{"line":192,"column":44}},"89":{"start":{"line":193,"column":22},"end":{"line":193,"column":37}},"90":{"start":{"line":195,"column":8},"end":{"line":198,"column":null}},"91":{"start":{"line":196,"column":10},"end":{"line":196,"column":null}},"92":{"start":{"line":197,"column":10},"end":{"line":197,"column":null}},"93":{"start":{"line":200,"column":8},"end":{"line":206,"column":null}},"94":{"start":{"line":201,"column":28},"end":{"line":201,"column":null}},"95":{"start":{"line":202,"column":10},"end":{"line":202,"column":null}},"96":{"start":{"line":202,"column":25},"end":{"line":202,"column":null}},"97":{"start":{"line":203,"column":10},"end":{"line":203,"column":null}},"98":{"start":{"line":204,"column":10},"end":{"line":204,"column":null}},"99":{"start":{"line":205,"column":10},"end":{"line":205,"column":null}},"100":{"start":{"line":208,"column":8},"end":{"line":208,"column":null}},"101":{"start":{"line":209,"column":8},"end":{"line":209,"column":null}},"102":{"start":{"line":212,"column":26},"end":{"line":212,"column":null}},"103":{"start":{"line":213,"column":6},"end":{"line":216,"column":null}},"104":{"start":{"line":214,"column":8},"end":{"line":214,"column":null}},"105":{"start":{"line":215,"column":8},"end":{"line":215,"column":null}},"106":{"start":{"line":218,"column":27},"end":{"line":218,"column":null}},"107":{"start":{"line":219,"column":6},"end":{"line":222,"column":null}},"108":{"start":{"line":220,"column":8},"end":{"line":220,"column":null}},"109":{"start":{"line":221,"column":8},"end":{"line":221,"column":null}},"110":{"start":{"line":225,"column":4},"end":{"line":225,"column":null}},"111":{"start":{"line":228,"column":15},"end":{"line":228,"column":null}},"112":{"start":{"line":229,"column":2},"end":{"line":229,"column":null}},"113":{"start":{"line":229,"column":12},"end":{"line":229,"column":null}},"114":{"start":{"line":231,"column":2},"end":{"line":235,"column":null}},"115":{"start":{"line":232,"column":26},"end":{"line":232,"column":null}},"116":{"start":{"line":232,"column":42},"end":{"line":232,"column":66}},"117":{"start":{"line":233,"column":25},"end":{"line":233,"column":null}},"118":{"start":{"line":234,"column":4},"end":{"line":234,"column":null}},"119":{"start":{"line":237,"column":54},"end":{"line":237,"column":null}},"120":{"start":{"line":238,"column":2},"end":{"line":238,"column":null}},"121":{"start":{"line":239,"column":2},"end":{"line":239,"column":null}},"122":{"start":{"line":240,"column":2},"end":{"line":240,"column":null}},"123":{"start":{"line":241,"column":2},"end":{"line":241,"column":null}},"124":{"start":{"line":243,"column":2},"end":{"line":257,"column":null}},"125":{"start":{"line":244,"column":25},"end":{"line":244,"column":null}},"126":{"start":{"line":245,"column":28},"end":{"line":245,"column":30}},"127":{"start":{"line":246,"column":35},"end":{"line":246,"column":37}},"128":{"start":{"line":247,"column":4},"end":{"line":251,"column":null}},"129":{"start":{"line":248,"column":16},"end":{"line":248,"column":null}},"130":{"start":{"line":249,"column":6},"end":{"line":250,"column":null}},"131":{"start":{"line":249,"column":13},"end":{"line":249,"column":null}},"132":{"start":{"line":250,"column":11},"end":{"line":250,"column":null}},"133":{"start":{"line":252,"column":4},"end":{"line":256,"column":null}},"134":{"start":{"line":259,"column":28},"end":{"line":260,"column":null}},"135":{"start":{"line":260,"column":4},"end":{"line":260,"column":null}},"136":{"start":{"line":262,"column":27},"end":{"line":263,"column":null}},"137":{"start":{"line":263,"column":4},"end":{"line":263,"column":null}},"138":{"start":{"line":265,"column":27},"end":{"line":266,"column":null}},"139":{"start":{"line":266,"column":4},"end":{"line":266,"column":null}},"140":{"start":{"line":268,"column":29},"end":{"line":269,"column":null}},"141":{"start":{"line":269,"column":4},"end":{"line":269,"column":null}},"142":{"start":{"line":271,"column":28},"end":{"line":272,"column":null}},"143":{"start":{"line":272,"column":4},"end":{"line":272,"column":null}},"144":{"start":{"line":274,"column":27},"end":{"line":274,"column":null}},"145":{"start":{"line":274,"column":55},"end":{"line":274,"column":null}},"146":{"start":{"line":276,"column":2},"end":{"line":278,"column":null}},"147":{"start":{"line":277,"column":4},"end":{"line":277,"column":null}},"148":{"start":{"line":280,"column":22},"end":{"line":281,"column":null}},"149":{"start":{"line":281,"column":4},"end":{"line":281,"column":null}},"150":{"start":{"line":281,"column":27},"end":{"line":281,"column":82}},"151":{"start":{"line":281,"column":91},"end":{"line":281,"column":101}},"152":{"start":{"line":283,"column":2},"end":{"line":283,"column":null}},"153":{"start":{"line":284,"column":2},"end":{"line":284,"column":null}},"154":{"start":{"line":285,"column":2},"end":{"line":285,"column":null}},"155":{"start":{"line":286,"column":2},"end":{"line":286,"column":null}},"156":{"start":{"line":288,"column":2},"end":{"line":296,"column":null}},"157":{"start":{"line":289,"column":26},"end":{"line":289,"column":null}},"158":{"start":{"line":290,"column":4},"end":{"line":290,"column":null}},"159":{"start":{"line":292,"column":4},"end":{"line":295,"column":null}},"160":{"start":{"line":293,"column":19},"end":{"line":293,"column":null}},"161":{"start":{"line":294,"column":16},"end":{"line":294,"column":null}},"162":{"start":{"line":298,"column":2},"end":{"line":298,"column":null}}},"fnMap":{"0":{"name":"normalizeText","decl":{"start":{"line":10,"column":9},"end":{"line":10,"column":23}},"loc":{"start":{"line":10,"column":35},"end":{"line":12,"column":null}}},"1":{"name":"stripMarkdownEmphasis","decl":{"start":{"line":14,"column":9},"end":{"line":14,"column":31}},"loc":{"start":{"line":14,"column":43},"end":{"line":16,"column":null}}},"2":{"name":"normalizeKey","decl":{"start":{"line":18,"column":9},"end":{"line":18,"column":22}},"loc":{"start":{"line":18,"column":33},"end":{"line":24,"column":null}}},"3":{"name":"cleanValue","decl":{"start":{"line":26,"column":9},"end":{"line":26,"column":20}},"loc":{"start":{"line":26,"column":33},"end":{"line":28,"column":null}}},"4":{"name":"titleIncludes","decl":{"start":{"line":30,"column":9},"end":{"line":30,"column":23}},"loc":{"start":{"line":30,"column":56},"end":{"line":33,"column":null}}},"5":{"name":"(anonymous_6)","decl":{"start":{"line":32,"column":23},"end":{"line":32,"column":28}},"loc":{"start":{"line":32,"column":28},"end":{"line":32,"column":null}}},"6":{"name":"extractKeyValueSegments","decl":{"start":{"line":35,"column":9},"end":{"line":35,"column":33}},"loc":{"start":{"line":35,"column":45},"end":{"line":48,"column":null}}},"7":{"name":"(anonymous_8)","decl":{"start":{"line":39,"column":9},"end":{"line":39,"column":14}},"loc":{"start":{"line":39,"column":14},"end":{"line":39,"column":null}}},"8":{"name":"extractMetadataFromIntro","decl":{"start":{"line":50,"column":9},"end":{"line":50,"column":34}},"loc":{"start":{"line":50,"column":54},"end":{"line":132,"column":null}}},"9":{"name":"finalizeSection","decl":{"start":{"line":134,"column":9},"end":{"line":134,"column":25}},"loc":{"start":{"line":134,"column":54},"end":{"line":142,"column":null}}},"10":{"name":"(anonymous_11)","decl":{"start":{"line":137,"column":34},"end":{"line":137,"column":39}},"loc":{"start":{"line":137,"column":39},"end":{"line":137,"column":49}}},"11":{"name":"parseMarkdownToLesson","decl":{"start":{"line":144,"column":16},"end":{"line":144,"column":38}},"loc":{"start":{"line":144,"column":54},"end":{"line":299,"column":null}}},"12":{"name":"(anonymous_13)","decl":{"start":{"line":168,"column":19},"end":{"line":168,"column":20}},"loc":{"start":{"line":168,"column":20},"end":{"line":171,"column":null}}},"13":{"name":"(anonymous_14)","decl":{"start":{"line":173,"column":19},"end":{"line":173,"column":20}},"loc":{"start":{"line":173,"column":20},"end":{"line":176,"column":null}}},"14":{"name":"(anonymous_15)","decl":{"start":{"line":232,"column":37},"end":{"line":232,"column":42}},"loc":{"start":{"line":232,"column":42},"end":{"line":232,"column":66}}},"15":{"name":"(anonymous_16)","decl":{"start":{"line":259,"column":51},"end":{"line":259,"column":null}},"loc":{"start":{"line":260,"column":4},"end":{"line":260,"column":null}}},"16":{"name":"(anonymous_17)","decl":{"start":{"line":262,"column":50},"end":{"line":262,"column":null}},"loc":{"start":{"line":263,"column":4},"end":{"line":263,"column":null}}},"17":{"name":"(anonymous_18)","decl":{"start":{"line":265,"column":50},"end":{"line":265,"column":null}},"loc":{"start":{"line":266,"column":4},"end":{"line":266,"column":null}}},"18":{"name":"(anonymous_19)","decl":{"start":{"line":268,"column":52},"end":{"line":268,"column":null}},"loc":{"start":{"line":269,"column":4},"end":{"line":269,"column":null}}},"19":{"name":"(anonymous_20)","decl":{"start":{"line":271,"column":51},"end":{"line":271,"column":null}},"loc":{"start":{"line":272,"column":4},"end":{"line":272,"column":null}}},"20":{"name":"(anonymous_21)","decl":{"start":{"line":274,"column":50},"end":{"line":274,"column":55}},"loc":{"start":{"line":274,"column":55},"end":{"line":274,"column":null}}},"21":{"name":"(anonymous_22)","decl":{"start":{"line":280,"column":22},"end":{"line":280,"column":23}},"loc":{"start":{"line":281,"column":4},"end":{"line":281,"column":null}}},"22":{"name":"(anonymous_23)","decl":{"start":{"line":281,"column":21},"end":{"line":281,"column":27}},"loc":{"start":{"line":281,"column":27},"end":{"line":281,"column":82}}},"23":{"name":"(anonymous_24)","decl":{"start":{"line":281,"column":86},"end":{"line":281,"column":91}},"loc":{"start":{"line":281,"column":91},"end":{"line":281,"column":101}}},"24":{"name":"(anonymous_25)","decl":{"start":{"line":293,"column":14},"end":{"line":293,"column":19}},"loc":{"start":{"line":293,"column":19},"end":{"line":293,"column":null}}},"25":{"name":"(anonymous_26)","decl":{"start":{"line":294,"column":11},"end":{"line":294,"column":16}},"loc":{"start":{"line":294,"column":16},"end":{"line":294,"column":null}}}},"branchMap":{"0":{"loc":{"start":{"line":45,"column":4},"end":{"line":45,"column":null}},"type":"if","locations":[{"start":{"line":45,"column":4},"end":{"line":45,"column":null}}]},"1":{"loc":{"start":{"line":65,"column":4},"end":{"line":68,"column":null}},"type":"if","locations":[{"start":{"line":65,"column":4},"end":{"line":68,"column":null}}]},"2":{"loc":{"start":{"line":71,"column":4},"end":{"line":74,"column":null}},"type":"if","locations":[{"start":{"line":71,"column":4},"end":{"line":74,"column":null}}]},"3":{"loc":{"start":{"line":81,"column":6},"end":{"line":81,"column":null}},"type":"if","locations":[{"start":{"line":81,"column":6},"end":{"line":81,"column":null}}]},"4":{"loc":{"start":{"line":83,"column":6},"end":{"line":95,"column":null}},"type":"if","locations":[{"start":{"line":83,"column":6},"end":{"line":95,"column":null}}]},"5":{"loc":{"start":{"line":84,"column":8},"end":{"line":90,"column":null}},"type":"binary-expr","locations":[{"start":{"line":84,"column":8},"end":{"line":84,"column":null}},{"start":{"line":85,"column":8},"end":{"line":85,"column":null}},{"start":{"line":86,"column":8},"end":{"line":86,"column":null}},{"start":{"line":87,"column":8},"end":{"line":87,"column":null}},{"start":{"line":88,"column":8},"end":{"line":88,"column":null}},{"start":{"line":89,"column":8},"end":{"line":89,"column":null}},{"start":{"line":90,"column":8},"end":{"line":90,"column":null}}]},"6":{"loc":{"start":{"line":92,"column":21},"end":{"line":92,"column":null}},"type":"binary-expr","locations":[{"start":{"line":92,"column":21},"end":{"line":92,"column":35}},{"start":{"line":92,"column":35},"end":{"line":92,"column":null}}]},"7":{"loc":{"start":{"line":97,"column":6},"end":{"line":110,"column":null}},"type":"if","locations":[{"start":{"line":97,"column":6},"end":{"line":110,"column":null}}]},"8":{"loc":{"start":{"line":98,"column":8},"end":{"line":105,"column":null}},"type":"binary-expr","locations":[{"start":{"line":98,"column":8},"end":{"line":98,"column":null}},{"start":{"line":99,"column":8},"end":{"line":99,"column":null}},{"start":{"line":100,"column":8},"end":{"line":100,"column":null}},{"start":{"line":101,"column":8},"end":{"line":101,"column":null}},{"start":{"line":102,"column":8},"end":{"line":102,"column":null}},{"start":{"line":103,"column":8},"end":{"line":103,"column":null}},{"start":{"line":104,"column":8},"end":{"line":104,"column":null}},{"start":{"line":105,"column":8},"end":{"line":105,"column":null}}]},"9":{"loc":{"start":{"line":107,"column":18},"end":{"line":107,"column":null}},"type":"binary-expr","locations":[{"start":{"line":107,"column":18},"end":{"line":107,"column":29}},{"start":{"line":107,"column":29},"end":{"line":107,"column":null}}]},"10":{"loc":{"start":{"line":112,"column":6},"end":{"line":124,"column":null}},"type":"if","locations":[{"start":{"line":112,"column":6},"end":{"line":124,"column":null}}]},"11":{"loc":{"start":{"line":113,"column":8},"end":{"line":119,"column":null}},"type":"binary-expr","locations":[{"start":{"line":113,"column":8},"end":{"line":113,"column":null}},{"start":{"line":114,"column":8},"end":{"line":114,"column":null}},{"start":{"line":115,"column":8},"end":{"line":115,"column":null}},{"start":{"line":116,"column":8},"end":{"line":116,"column":null}},{"start":{"line":117,"column":8},"end":{"line":117,"column":null}},{"start":{"line":118,"column":8},"end":{"line":118,"column":null}},{"start":{"line":119,"column":8},"end":{"line":119,"column":null}}]},"12":{"loc":{"start":{"line":121,"column":19},"end":{"line":121,"column":null}},"type":"binary-expr","locations":[{"start":{"line":121,"column":19},"end":{"line":121,"column":31}},{"start":{"line":121,"column":31},"end":{"line":121,"column":null}}]},"13":{"loc":{"start":{"line":127,"column":4},"end":{"line":127,"column":null}},"type":"if","locations":[{"start":{"line":127,"column":4},"end":{"line":127,"column":null}}]},"14":{"loc":{"start":{"line":135,"column":2},"end":{"line":135,"column":null}},"type":"if","locations":[{"start":{"line":135,"column":2},"end":{"line":135,"column":null}}]},"15":{"loc":{"start":{"line":140,"column":2},"end":{"line":140,"column":null}},"type":"if","locations":[{"start":{"line":140,"column":2},"end":{"line":140,"column":null}}]},"16":{"loc":{"start":{"line":140,"column":6},"end":{"line":140,"column":48}},"type":"binary-expr","locations":[{"start":{"line":140,"column":6},"end":{"line":140,"column":16}},{"start":{"line":140,"column":16},"end":{"line":140,"column":28}},{"start":{"line":140,"column":28},"end":{"line":140,"column":48}}]},"17":{"loc":{"start":{"line":145,"column":23},"end":{"line":145,"column":null}},"type":"cond-expr","locations":[{"start":{"line":145,"column":54},"end":{"line":145,"column":65}},{"start":{"line":145,"column":65},"end":{"line":145,"column":null}}]},"18":{"loc":{"start":{"line":169,"column":4},"end":{"line":170,"column":null}},"type":"if","locations":[{"start":{"line":169,"column":4},"end":{"line":170,"column":null}},{"start":{"line":170,"column":9},"end":{"line":170,"column":null}}]},"19":{"loc":{"start":{"line":174,"column":4},"end":{"line":175,"column":null}},"type":"if","locations":[{"start":{"line":174,"column":4},"end":{"line":175,"column":null}},{"start":{"line":175,"column":9},"end":{"line":175,"column":null}}]},"20":{"loc":{"start":{"line":183,"column":4},"end":{"line":187,"column":null}},"type":"if","locations":[{"start":{"line":183,"column":4},"end":{"line":187,"column":null}}]},"21":{"loc":{"start":{"line":189,"column":4},"end":{"line":223,"column":null}},"type":"if","locations":[{"start":{"line":189,"column":4},"end":{"line":223,"column":null}}]},"22":{"loc":{"start":{"line":191,"column":6},"end":{"line":210,"column":null}},"type":"if","locations":[{"start":{"line":191,"column":6},"end":{"line":210,"column":null}}]},"23":{"loc":{"start":{"line":195,"column":8},"end":{"line":198,"column":null}},"type":"if","locations":[{"start":{"line":195,"column":8},"end":{"line":198,"column":null}}]},"24":{"loc":{"start":{"line":195,"column":12},"end":{"line":195,"column":40}},"type":"binary-expr","locations":[{"start":{"line":195,"column":12},"end":{"line":195,"column":27}},{"start":{"line":195,"column":27},"end":{"line":195,"column":40}}]},"25":{"loc":{"start":{"line":200,"column":8},"end":{"line":206,"column":null}},"type":"if","locations":[{"start":{"line":200,"column":8},"end":{"line":206,"column":null}}]},"26":{"loc":{"start":{"line":200,"column":12},"end":{"line":200,"column":40}},"type":"binary-expr","locations":[{"start":{"line":200,"column":12},"end":{"line":200,"column":27}},{"start":{"line":200,"column":27},"end":{"line":200,"column":40}}]},"27":{"loc":{"start":{"line":202,"column":10},"end":{"line":202,"column":null}},"type":"if","locations":[{"start":{"line":202,"column":10},"end":{"line":202,"column":null}}]},"28":{"loc":{"start":{"line":213,"column":6},"end":{"line":216,"column":null}},"type":"if","locations":[{"start":{"line":213,"column":6},"end":{"line":216,"column":null}}]},"29":{"loc":{"start":{"line":219,"column":6},"end":{"line":222,"column":null}},"type":"if","locations":[{"start":{"line":219,"column":6},"end":{"line":222,"column":null}}]},"30":{"loc":{"start":{"line":229,"column":2},"end":{"line":229,"column":null}},"type":"if","locations":[{"start":{"line":229,"column":2},"end":{"line":229,"column":null}}]},"31":{"loc":{"start":{"line":231,"column":2},"end":{"line":235,"column":null}},"type":"if","locations":[{"start":{"line":231,"column":2},"end":{"line":235,"column":null}}]},"32":{"loc":{"start":{"line":232,"column":26},"end":{"line":232,"column":null}},"type":"binary-expr","locations":[{"start":{"line":232,"column":26},"end":{"line":232,"column":66}},{"start":{"line":232,"column":66},"end":{"line":232,"column":null}}]},"33":{"loc":{"start":{"line":234,"column":20},"end":{"line":234,"column":53}},"type":"binary-expr","locations":[{"start":{"line":234,"column":20},"end":{"line":234,"column":37}},{"start":{"line":234,"column":41},"end":{"line":234,"column":53}}]},"34":{"loc":{"start":{"line":243,"column":2},"end":{"line":257,"column":null}},"type":"if","locations":[{"start":{"line":243,"column":2},"end":{"line":257,"column":null}}]},"35":{"loc":{"start":{"line":249,"column":6},"end":{"line":250,"column":null}},"type":"if","locations":[{"start":{"line":249,"column":6},"end":{"line":250,"column":null}},{"start":{"line":250,"column":11},"end":{"line":250,"column":null}}]},"36":{"loc":{"start":{"line":276,"column":2},"end":{"line":278,"column":null}},"type":"if","locations":[{"start":{"line":276,"column":2},"end":{"line":278,"column":null}}]},"37":{"loc":{"start":{"line":276,"column":6},"end":{"line":276,"column":73}},"type":"binary-expr","locations":[{"start":{"line":276,"column":6},"end":{"line":276,"column":37}},{"start":{"line":276,"column":37},"end":{"line":276,"column":73}}]},"38":{"loc":{"start":{"line":281,"column":27},"end":{"line":281,"column":82}},"type":"cond-expr","locations":[{"start":{"line":281,"column":48},"end":{"line":281,"column":55}},{"start":{"line":281,"column":58},"end":{"line":281,"column":82}}]},"39":{"loc":{"start":{"line":288,"column":2},"end":{"line":296,"column":null}},"type":"if","locations":[{"start":{"line":288,"column":2},"end":{"line":296,"column":null}},{"start":{"line":291,"column":9},"end":{"line":296,"column":null}}]},"40":{"loc":{"start":{"line":293,"column":19},"end":{"line":293,"column":null}},"type":"binary-expr","locations":[{"start":{"line":293,"column":19},"end":{"line":293,"column":51}},{"start":{"line":293,"column":51},"end":{"line":293,"column":null}}]}},"s":{"0":4,"1":4,"2":26,"3":9,"4":9,"5":71,"6":71,"7":350,"8":8,"9":8,"10":14,"11":8,"12":8,"13":14,"14":14,"15":9,"16":8,"17":4,"18":4,"19":4,"20":4,"21":4,"22":16,"23":16,"24":8,"25":8,"26":8,"27":8,"28":5,"29":5,"30":3,"31":3,"32":9,"33":9,"34":9,"35":0,"36":9,"37":3,"38":3,"39":3,"40":6,"41":3,"42":3,"43":3,"44":3,"45":3,"46":3,"47":3,"48":3,"49":0,"50":4,"51":4,"52":14,"53":4,"54":10,"55":10,"56":16,"57":10,"58":10,"59":0,"60":10,"61":4,"62":4,"63":4,"64":4,"65":4,"66":4,"67":4,"68":4,"69":4,"70":34,"71":20,"72":14,"73":4,"74":18,"75":16,"76":2,"77":4,"78":65,"79":65,"80":65,"81":65,"82":2,"83":2,"84":2,"85":63,"86":59,"87":59,"88":13,"89":13,"90":13,"91":3,"92":3,"93":10,"94":10,"95":10,"96":7,"97":10,"98":10,"99":10,"100":0,"101":0,"102":46,"103":46,"104":14,"105":14,"106":32,"107":32,"108":4,"109":4,"110":32,"111":4,"112":4,"113":3,"114":4,"115":1,"116":1,"117":1,"118":1,"119":4,"120":4,"121":4,"122":4,"123":4,"124":4,"125":1,"126":1,"127":1,"128":1,"129":5,"130":5,"131":2,"132":3,"133":1,"134":4,"135":11,"136":4,"137":11,"138":4,"139":11,"140":4,"141":11,"142":4,"143":11,"144":4,"145":11,"146":4,"147":0,"148":4,"149":17,"150":9,"151":15,"152":4,"153":4,"154":4,"155":4,"156":4,"157":1,"158":1,"159":3,"160":5,"161":0,"162":4},"f":{"0":4,"1":26,"2":9,"3":9,"4":71,"5":350,"6":8,"7":14,"8":4,"9":14,"10":16,"11":4,"12":34,"13":18,"14":1,"15":11,"16":11,"17":11,"18":11,"19":11,"20":11,"21":17,"22":9,"23":15,"24":5,"25":0},"b":{"0":[9],"1":[8],"2":[5],"3":[0],"4":[3],"5":[9,8,7,7,6,6,6],"6":[3,3],"7":[3],"8":[6,5,5,4,4,4,3,3],"9":[3,3],"10":[3],"11":[3,2,1,1,0,0,0],"12":[3,3],"13":[0],"14":[4],"15":[0],"16":[10,0,0],"17":[4,0],"18":[20,14],"19":[16,2],"20":[2],"21":[59],"22":[13],"23":[3],"24":[13,3],"25":[10],"26":[10,1],"27":[7],"28":[14],"29":[4],"30":[3],"31":[1],"32":[1,0],"33":[1,1],"34":[1],"35":[2,3],"36":[0],"37":[4,0],"38":[8,1],"39":[1,3],"40":[5,5]}}
}
