TN:
SF:lib/export/parser.ts
FN:10,normalizeText
FN:14,stripMarkdownEmphasis
FN:18,normalizeKey
FN:26,cleanValue
FN:30,titleIncludes
FN:32,(anonymous_6)
FN:35,extractKeyValueSegments
FN:39,(anonymous_8)
FN:50,extractMetadataFromIntro
FN:134,finalizeSection
FN:137,(anonymous_11)
FN:144,parseMarkdownToLesson
FN:168,(anonymous_13)
FN:173,(anonymous_14)
FN:232,(anonymous_15)
FN:259,(anonymous_16)
FN:262,(anonymous_17)
FN:265,(anonymous_18)
FN:268,(anonymous_19)
FN:271,(anonymous_20)
FN:274,(anonymous_21)
FN:280,(anonymous_22)
FN:281,(anonymous_23)
FN:281,(anonymous_24)
FN:293,(anonymous_25)
FN:294,(anonymous_26)
FNF:26
FNH:25
FNDA:4,normalizeText
FNDA:26,stripMarkdownEmphasis
FNDA:9,normalizeKey
FNDA:9,cleanValue
FNDA:71,titleIncludes
FNDA:350,(anonymous_6)
FNDA:8,extractKeyValueSegments
FNDA:14,(anonymous_8)
FNDA:4,extractMetadataFromIntro
FNDA:14,finalizeSection
FNDA:16,(anonymous_11)
FNDA:4,parseMarkdownToLesson
FNDA:34,(anonymous_13)
FNDA:18,(anonymous_14)
FNDA:1,(anonymous_15)
FNDA:11,(anonymous_16)
FNDA:11,(anonymous_17)
FNDA:11,(anonymous_18)
FNDA:11,(anonymous_19)
FNDA:11,(anonymous_20)
FNDA:11,(anonymous_21)
FNDA:17,(anonymous_22)
FNDA:9,(anonymous_23)
FNDA:15,(anonymous_24)
FNDA:5,(anonymous_25)
FNDA:0,(anonymous_26)
DA:11,4
DA:15,26
DA:19,9
DA:27,9
DA:31,71
DA:32,350
DA:36,8
DA:37,8
DA:39,14
DA:42,8
DA:43,8
DA:44,14
DA:45,14
DA:47,8
DA:57,4
DA:58,4
DA:59,4
DA:61,4
DA:63,4
DA:64,16
DA:65,16
DA:66,8
DA:67,8
DA:70,8
DA:71,8
DA:72,5
DA:73,5
DA:76,3
DA:77,3
DA:78,9
DA:79,9
DA:81,9
DA:83,9
DA:92,3
DA:93,3
DA:94,3
DA:97,6
DA:107,3
DA:108,3
DA:109,3
DA:112,3
DA:121,3
DA:122,3
DA:123,3
DA:127,3
DA:130,4
DA:131,4
DA:135,14
DA:136,10
DA:137,16
DA:138,10
DA:140,10
DA:141,10
DA:144,4
DA:145,4
DA:146,4
DA:148,4
DA:162,4
DA:163,4
DA:164,4
DA:165,4
DA:166,4
DA:168,4
DA:169,34
DA:170,14
DA:173,4
DA:174,18
DA:175,2
DA:178,4
DA:179,65
DA:181,65
DA:182,65
DA:183,65
DA:184,2
DA:185,2
DA:186,2
DA:189,63
DA:190,59
DA:191,59
DA:192,13
DA:193,13
DA:195,13
DA:196,3
DA:197,3
DA:200,10
DA:201,10
DA:202,10
DA:203,10
DA:204,10
DA:205,10
DA:208,0
DA:209,0
DA:212,46
DA:213,46
DA:214,14
DA:215,14
DA:218,32
DA:219,32
DA:220,4
DA:221,4
DA:225,32
DA:228,4
DA:229,4
DA:231,4
DA:232,1
DA:233,1
DA:234,1
DA:237,4
DA:238,4
DA:239,4
DA:240,4
DA:241,4
DA:243,4
DA:244,1
DA:245,1
DA:246,1
DA:247,1
DA:248,5
DA:249,5
DA:250,3
DA:252,1
DA:259,4
DA:260,11
DA:262,4
DA:263,11
DA:265,4
DA:266,11
DA:268,4
DA:269,11
DA:271,4
DA:272,11
DA:274,11
DA:276,4
DA:277,0
DA:280,4
DA:281,17
DA:283,4
DA:284,4
DA:285,4
DA:286,4
DA:288,4
DA:289,1
DA:290,1
DA:292,3
DA:293,5
DA:294,0
DA:298,4
LF:147
LH:143
BRDA:45,0,0,9
BRDA:65,1,0,8
BRDA:71,2,0,5
BRDA:81,3,0,0
BRDA:83,4,0,3
BRDA:84,5,0,9
BRDA:84,5,1,8
BRDA:84,5,2,7
BRDA:84,5,3,7
BRDA:84,5,4,6
BRDA:84,5,5,6
BRDA:84,5,6,6
BRDA:92,6,0,3
BRDA:92,6,1,3
BRDA:97,7,0,3
BRDA:98,8,0,6
BRDA:98,8,1,5
BRDA:98,8,2,5
BRDA:98,8,3,4
BRDA:98,8,4,4
BRDA:98,8,5,4
BRDA:98,8,6,3
BRDA:98,8,7,3
BRDA:107,9,0,3
BRDA:107,9,1,3
BRDA:112,10,0,3
BRDA:113,11,0,3
BRDA:113,11,1,2
BRDA:113,11,2,1
BRDA:113,11,3,1
BRDA:113,11,4,0
BRDA:113,11,5,0
BRDA:113,11,6,0
BRDA:121,12,0,3
BRDA:121,12,1,3
BRDA:127,13,0,0
BRDA:135,14,0,4
BRDA:140,15,0,0
BRDA:140,16,0,10
BRDA:140,16,1,0
BRDA:140,16,2,0
BRDA:145,17,0,4
BRDA:145,17,1,0
BRDA:169,18,0,20
BRDA:169,18,1,14
BRDA:174,19,0,16
BRDA:174,19,1,2
BRDA:183,20,0,2
BRDA:189,21,0,59
BRDA:191,22,0,13
BRDA:195,23,0,3
BRDA:195,24,0,13
BRDA:195,24,1,3
BRDA:200,25,0,10
BRDA:200,26,0,10
BRDA:200,26,1,1
BRDA:202,27,0,7
BRDA:213,28,0,14
BRDA:219,29,0,4
BRDA:229,30,0,3
BRDA:231,31,0,1
BRDA:232,32,0,1
BRDA:232,32,1,0
BRDA:234,33,0,1
BRDA:234,33,1,1
BRDA:243,34,0,1
BRDA:249,35,0,2
BRDA:249,35,1,3
BRDA:276,36,0,0
BRDA:276,37,0,4
BRDA:276,37,1,0
BRDA:281,38,0,8
BRDA:281,38,1,1
BRDA:288,39,0,1
BRDA:288,39,1,3
BRDA:293,40,0,5
BRDA:293,40,1,5
BRF:77
BRH:65
end_of_record
