<?xml version="1.0" encoding="UTF-8"?>
<coverage generated="1768404990387" clover="3.2.0">
  <project timestamp="1768404990387" name="All files">
    <metrics statements="157" coveredstatements="157" conditionals="46" coveredconditionals="45" methods="35" coveredmethods="34" elements="238" coveredelements="236" complexity="0" loc="157" ncloc="157" packages="1" files="1" classes="1"/>
    <file name="page.tsx" path="/Users/kenneth/Documents/Nichole/steam-lesson-agent-v1/app/page.tsx">
      <metrics statements="157" coveredstatements="157" conditionals="46" coveredconditionals="45" methods="35" coveredmethods="34"/>
      <line num="3" count="1" type="stmt"/>
      <line num="4" count="1" type="stmt"/>
      <line num="5" count="1" type="stmt"/>
      <line num="8" count="1" type="stmt"/>
      <line num="9" count="1" type="stmt"/>
      <line num="10" count="1" type="stmt"/>
      <line num="11" count="1" type="stmt"/>
      <line num="12" count="1" type="stmt"/>
      <line num="13" count="1" type="stmt"/>
      <line num="14" count="1" type="stmt"/>
      <line num="15" count="1" type="stmt"/>
      <line num="16" count="1" type="stmt"/>
      <line num="17" count="1" type="stmt"/>
      <line num="18" count="1" type="stmt"/>
      <line num="19" count="1" type="stmt"/>
      <line num="22" count="18" type="stmt"/>
      <line num="23" count="77" type="stmt"/>
      <line num="24" count="77" type="stmt"/>
      <line num="25" count="77" type="stmt"/>
      <line num="26" count="77" type="stmt"/>
      <line num="27" count="77" type="stmt"/>
      <line num="28" count="77" type="stmt"/>
      <line num="29" count="77" type="stmt"/>
      <line num="30" count="77" type="stmt"/>
      <line num="31" count="77" type="stmt"/>
      <line num="32" count="77" type="stmt"/>
      <line num="33" count="77" type="stmt"/>
      <line num="34" count="77" type="stmt"/>
      <line num="35" count="77" type="stmt"/>
      <line num="36" count="77" type="stmt"/>
      <line num="39" count="77" type="stmt"/>
      <line num="40" count="77" type="stmt"/>
      <line num="42" count="77" type="stmt"/>
      <line num="51" count="77" type="stmt"/>
      <line num="52" count="18" type="cond" truecount="3" falsecount="0"/>
      <line num="53" count="17" type="stmt"/>
      <line num="57" count="77" type="stmt"/>
      <line num="58" count="18" type="stmt"/>
      <line num="64" count="77" type="stmt"/>
      <line num="65" count="18" type="cond" truecount="1" falsecount="0"/>
      <line num="66" count="1" type="stmt"/>
      <line num="71" count="77" type="stmt"/>
      <line num="73" count="77" type="stmt"/>
      <line num="74" count="18" type="stmt"/>
      <line num="75" count="18" type="cond" truecount="3" falsecount="0"/>
      <line num="76" count="4" type="stmt"/>
      <line num="78" count="4" type="stmt"/>
      <line num="80" count="4" type="stmt"/>
      <line num="81" count="4" type="cond" truecount="1" falsecount="0"/>
      <line num="82" count="3" type="cond" truecount="2" falsecount="0"/>
      <line num="83" count="3" type="stmt"/>
      <line num="84" count="3" type="stmt"/>
      <line num="85" count="3" type="cond" truecount="1" falsecount="1"/>
      <line num="86" count="3" type="stmt"/>
      <line num="92" count="77" type="stmt"/>
      <line num="93" count="4" type="stmt"/>
      <line num="94" count="4" type="stmt"/>
      <line num="95" count="4" type="cond" truecount="2" falsecount="0"/>
      <line num="96" count="3" type="stmt"/>
      <line num="99" count="1" type="stmt"/>
      <line num="100" count="1" type="cond" truecount="1" falsecount="0"/>
      <line num="101" count="1" type="stmt"/>
      <line num="102" count="1" type="stmt"/>
      <line num="110" count="77" type="stmt"/>
      <line num="111" count="2" type="cond" truecount="1" falsecount="0"/>
      <line num="112" count="1" type="stmt"/>
      <line num="113" count="1" type="stmt"/>
      <line num="115" count="1" type="stmt"/>
      <line num="118" count="77" type="stmt"/>
      <line num="119" count="7" type="cond" truecount="1" falsecount="0"/>
      <line num="120" count="6" type="cond" truecount="2" falsecount="0"/>
      <line num="121" count="6" type="stmt"/>
      <line num="122" count="6" type="stmt"/>
      <line num="124" count="6" type="cond" truecount="3" falsecount="0"/>
      <line num="125" count="1" type="stmt"/>
      <line num="126" count="1" type="stmt"/>
      <line num="127" count="1" type="stmt"/>
      <line num="128" count="1" type="stmt"/>
      <line num="129" count="1" type="stmt"/>
      <line num="133" count="5" type="stmt"/>
      <line num="134" count="5" type="stmt"/>
      <line num="135" count="5" type="stmt"/>
      <line num="136" count="5" type="stmt"/>
      <line num="139" count="5" type="stmt"/>
      <line num="142" count="5" type="stmt"/>
      <line num="146" count="5" type="stmt"/>
      <line num="149" count="2" type="stmt"/>
      <line num="153" count="2" type="stmt"/>
      <line num="155" count="2" type="stmt"/>
      <line num="156" count="2" type="stmt"/>
      <line num="158" count="2" type="stmt"/>
      <line num="160" count="2" type="cond" truecount="2" falsecount="0"/>
      <line num="163" count="2" type="stmt"/>
      <line num="166" count="1" type="stmt"/>
      <line num="167" count="1" type="cond" truecount="2" falsecount="0"/>
      <line num="171" count="1" type="stmt"/>
      <line num="172" count="1" type="stmt"/>
      <line num="174" count="6" type="stmt"/>
      <line num="178" count="77" type="stmt"/>
      <line num="179" count="2" type="stmt"/>
      <line num="180" count="2" type="stmt"/>
      <line num="181" count="2" type="stmt"/>
      <line num="182" count="2" type="stmt"/>
      <line num="185" count="2" type="stmt"/>
      <line num="187" count="2" type="stmt"/>
      <line num="189" count="2" type="stmt"/>
      <line num="190" count="1" type="stmt"/>
      <line num="192" count="1" type="stmt"/>
      <line num="193" count="1" type="stmt"/>
      <line num="195" count="2" type="stmt"/>
      <line num="199" count="77" type="stmt"/>
      <line num="200" count="1" type="stmt"/>
      <line num="203" count="77" type="stmt"/>
      <line num="204" count="1" type="stmt"/>
      <line num="206" count="1" type="cond" truecount="1" falsecount="0"/>
      <line num="207" count="1" type="stmt"/>
      <line num="211" count="77" type="stmt"/>
      <line num="212" count="5" type="stmt"/>
      <line num="215" count="77" type="stmt"/>
      <line num="216" count="4" type="stmt"/>
      <line num="219" count="77" type="stmt"/>
      <line num="220" count="3" type="stmt"/>
      <line num="221" count="3" type="cond" truecount="1" falsecount="0"/>
      <line num="223" count="2" type="stmt"/>
      <line num="224" count="2" type="stmt"/>
      <line num="229" count="1" type="cond" truecount="1" falsecount="0"/>
      <line num="230" count="1" type="stmt"/>
      <line num="231" count="1" type="stmt"/>
      <line num="232" count="1" type="stmt"/>
      <line num="235" count="1" type="stmt"/>
      <line num="239" count="77" type="stmt"/>
      <line num="240" count="1" type="stmt"/>
      <line num="243" count="77" type="stmt"/>
      <line num="244" count="3" type="cond" truecount="1" falsecount="0"/>
      <line num="246" count="2" type="stmt"/>
      <line num="247" count="2" type="stmt"/>
      <line num="252" count="1" type="cond" truecount="1" falsecount="0"/>
      <line num="253" count="1" type="stmt"/>
      <line num="254" count="1" type="stmt"/>
      <line num="255" count="1" type="stmt"/>
      <line num="258" count="1" type="stmt"/>
      <line num="262" count="77" type="stmt"/>
      <line num="263" count="1" type="stmt"/>
      <line num="266" count="77" type="stmt"/>
      <line num="268" count="6" type="cond" truecount="2" falsecount="0"/>
      <line num="271" count="2" type="stmt"/>
      <line num="272" count="2" type="cond" truecount="1" falsecount="0"/>
      <line num="274" count="1" type="stmt"/>
      <line num="276" count="1" type="stmt"/>
      <line num="279" count="1" type="stmt"/>
      <line num="280" count="1" type="stmt"/>
      <line num="284" count="77" type="stmt"/>
      <line num="285" count="27" type="cond" truecount="3" falsecount="0"/>
      <line num="286" count="2" type="stmt"/>
      <line num="290" count="77" type="cond" truecount="3" falsecount="0"/>
      <line num="291" count="2" type="stmt"/>
      <line num="311" count="4" type="stmt"/>
    </file>
  </project>
</coverage>
