{"/Users/kennethkwok/Documents/Nicole/SteamPlatForm-main/lib/editor/agent.ts": {"path":"/Users/kennethkwok/Documents/Nicole/SteamPlatForm-main/lib/editor/agent.ts","statementMap":{"0":{"start":{"line":80,"column":22},"end":{"line":80,"column":null}},"1":{"start":{"line":203,"column":23},"end":{"line":203,"column":null}},"2":{"start":{"line":354,"column":23},"end":{"line":354,"column":null}},"3":{"start":{"line":1,"column":27},"end":{"line":1,"column":null}},"4":{"start":{"line":2,"column":68},"end":{"line":2,"column":null}},"5":{"start":{"line":3,"column":34},"end":{"line":3,"column":null}},"6":{"start":{"line":4,"column":31},"end":{"line":4,"column":null}},"7":{"start":{"line":5,"column":119},"end":{"line":5,"column":null}},"8":{"start":{"line":6,"column":32},"end":{"line":6,"column":null}},"9":{"start":{"line":7,"column":39},"end":{"line":7,"column":null}},"10":{"start":{"line":10,"column":22},"end":{"line":34,"column":31}},"11":{"start":{"line":36,"column":32},"end":{"line":56,"column":94}},"12":{"start":{"line":59,"column":17},"end":{"line":59,"column":45}},"13":{"start":{"line":60,"column":2},"end":{"line":62,"column":null}},"14":{"start":{"line":61,"column":4},"end":{"line":61,"column":null}},"15":{"start":{"line":64,"column":2},"end":{"line":72,"column":null}},"16":{"start":{"line":85,"column":21},"end":{"line":85,"column":null}},"17":{"start":{"line":86,"column":16},"end":{"line":86,"column":null}},"18":{"start":{"line":87,"column":38},"end":{"line":87,"column":40}},"19":{"start":{"line":89,"column":27},"end":{"line":93,"column":null}},"20":{"start":{"line":95,"column":16},"end":{"line":95,"column":null}},"21":{"start":{"line":96,"column":14},"end":{"line":96,"column":null}},"22":{"start":{"line":99,"column":23},"end":{"line":99,"column":null}},"23":{"start":{"line":102,"column":79},"end":{"line":104,"column":null}},"24":{"start":{"line":106,"column":2},"end":{"line":112,"column":null}},"25":{"start":{"line":107,"column":4},"end":{"line":111,"column":null}},"26":{"start":{"line":108,"column":6},"end":{"line":108,"column":null}},"27":{"start":{"line":110,"column":6},"end":{"line":110,"column":null}},"28":{"start":{"line":114,"column":2},"end":{"line":114,"column":null}},"29":{"start":{"line":117,"column":19},"end":{"line":117,"column":null}},"30":{"start":{"line":118,"column":24},"end":{"line":118,"column":null}},"31":{"start":{"line":119,"column":20},"end":{"line":119,"column":null}},"32":{"start":{"line":121,"column":2},"end":{"line":121,"column":null}},"33":{"start":{"line":122,"column":2},"end":{"line":122,"column":null}},"34":{"start":{"line":124,"column":2},"end":{"line":179,"column":null}},"35":{"start":{"line":125,"column":4},"end":{"line":125,"column":null}},"36":{"start":{"line":126,"column":4},"end":{"line":126,"column":null}},"37":{"start":{"line":128,"column":21},"end":{"line":128,"column":null}},"38":{"start":{"line":129,"column":4},"end":{"line":129,"column":null}},"39":{"start":{"line":132,"column":22},"end":{"line":132,"column":47}},"40":{"start":{"line":133,"column":4},"end":{"line":134,"column":null}},"41":{"start":{"line":136,"column":4},"end":{"line":143,"column":null}},"42":{"start":{"line":138,"column":6},"end":{"line":138,"column":null}},"43":{"start":{"line":139,"column":6},"end":{"line":142,"column":null}},"44":{"start":{"line":146,"column":4},"end":{"line":172,"column":null}},"45":{"start":{"line":147,"column":6},"end":{"line":147,"column":null}},"46":{"start":{"line":148,"column":19},"end":{"line":148,"column":null}},"47":{"start":{"line":148,"column":35},"end":{"line":148,"column":59}},"48":{"start":{"line":149,"column":6},"end":{"line":171,"column":null}},"49":{"start":{"line":150,"column":8},"end":{"line":168,"column":null}},"50":{"start":{"line":152,"column":25},"end":{"line":152,"column":null}},"51":{"start":{"line":153,"column":10},"end":{"line":153,"column":null}},"52":{"start":{"line":154,"column":10},"end":{"line":154,"column":null}},"53":{"start":{"line":156,"column":10},"end":{"line":159,"column":null}},"54":{"start":{"line":161,"column":27},"end":{"line":161,"column":null}},"55":{"start":{"line":162,"column":10},"end":{"line":162,"column":null}},"56":{"start":{"line":163,"column":10},"end":{"line":163,"column":null}},"57":{"start":{"line":164,"column":10},"end":{"line":167,"column":null}},"58":{"start":{"line":170,"column":8},"end":{"line":170,"column":null}},"59":{"start":{"line":175,"column":24},"end":{"line":175,"column":null}},"60":{"start":{"line":176,"column":4},"end":{"line":178,"column":null}},"61":{"start":{"line":177,"column":6},"end":{"line":177,"column":null}},"62":{"start":{"line":181,"column":2},"end":{"line":181,"column":null}},"63":{"start":{"line":182,"column":2},"end":{"line":185,"column":null}},"64":{"start":{"line":208,"column":2},"end":{"line":208,"column":null}},"65":{"start":{"line":209,"column":21},"end":{"line":209,"column":null}},"66":{"start":{"line":210,"column":16},"end":{"line":210,"column":null}},"67":{"start":{"line":211,"column":38},"end":{"line":211,"column":40}},"68":{"start":{"line":212,"column":25},"end":{"line":212,"column":null}},"69":{"start":{"line":215,"column":35},"end":{"line":215,"column":37}},"70":{"start":{"line":217,"column":27},"end":{"line":224,"column":null}},"71":{"start":{"line":222,"column":6},"end":{"line":222,"column":null}},"72":{"start":{"line":226,"column":16},"end":{"line":226,"column":null}},"73":{"start":{"line":227,"column":14},"end":{"line":227,"column":null}},"74":{"start":{"line":228,"column":23},"end":{"line":228,"column":null}},"75":{"start":{"line":230,"column":79},"end":{"line":232,"column":null}},"76":{"start":{"line":234,"column":2},"end":{"line":240,"column":null}},"77":{"start":{"line":235,"column":4},"end":{"line":239,"column":null}},"78":{"start":{"line":236,"column":6},"end":{"line":236,"column":null}},"79":{"start":{"line":238,"column":6},"end":{"line":238,"column":null}},"80":{"start":{"line":242,"column":2},"end":{"line":242,"column":null}},"81":{"start":{"line":244,"column":19},"end":{"line":244,"column":null}},"82":{"start":{"line":245,"column":24},"end":{"line":245,"column":null}},"83":{"start":{"line":246,"column":20},"end":{"line":246,"column":null}},"84":{"start":{"line":248,"column":2},"end":{"line":335,"column":null}},"85":{"start":{"line":249,"column":4},"end":{"line":249,"column":null}},"86":{"start":{"line":252,"column":4},"end":{"line":254,"column":null}},"87":{"start":{"line":253,"column":6},"end":{"line":253,"column":null}},"88":{"start":{"line":257,"column":21},"end":{"line":257,"column":null}},"89":{"start":{"line":258,"column":4},"end":{"line":258,"column":null}},"90":{"start":{"line":260,"column":23},"end":{"line":260,"column":null}},"91":{"start":{"line":261,"column":22},"end":{"line":261,"column":47}},"92":{"start":{"line":264,"column":4},"end":{"line":266,"column":null}},"93":{"start":{"line":265,"column":6},"end":{"line":265,"column":null}},"94":{"start":{"line":268,"column":4},"end":{"line":280,"column":null}},"95":{"start":{"line":269,"column":6},"end":{"line":269,"column":null}},"96":{"start":{"line":271,"column":6},"end":{"line":277,"column":null}},"97":{"start":{"line":272,"column":8},"end":{"line":276,"column":null}},"98":{"start":{"line":273,"column":10},"end":{"line":273,"column":null}},"99":{"start":{"line":274,"column":10},"end":{"line":274,"column":null}},"100":{"start":{"line":275,"column":10},"end":{"line":275,"column":null}},"101":{"start":{"line":278,"column":6},"end":{"line":278,"column":null}},"102":{"start":{"line":279,"column":6},"end":{"line":279,"column":null}},"103":{"start":{"line":282,"column":4},"end":{"line":328,"column":null}},"104":{"start":{"line":283,"column":21},"end":{"line":283,"column":56}},"105":{"start":{"line":286,"column":6},"end":{"line":289,"column":null}},"106":{"start":{"line":291,"column":19},"end":{"line":291,"column":null}},"107":{"start":{"line":291,"column":35},"end":{"line":291,"column":59}},"108":{"start":{"line":292,"column":6},"end":{"line":327,"column":null}},"109":{"start":{"line":293,"column":8},"end":{"line":326,"column":null}},"110":{"start":{"line":295,"column":25},"end":{"line":295,"column":null}},"111":{"start":{"line":298,"column":10},"end":{"line":301,"column":null}},"112":{"start":{"line":302,"column":10},"end":{"line":302,"column":null}},"113":{"start":{"line":305,"column":10},"end":{"line":312,"column":null}},"114":{"start":{"line":306,"column":25},"end":{"line":306,"column":null}},"115":{"start":{"line":307,"column":12},"end":{"line":311,"column":null}},"116":{"start":{"line":308,"column":14},"end":{"line":308,"column":null}},"117":{"start":{"line":309,"column":14},"end":{"line":309,"column":null}},"118":{"start":{"line":310,"column":14},"end":{"line":310,"column":null}},"119":{"start":{"line":314,"column":10},"end":{"line":314,"column":null}},"120":{"start":{"line":316,"column":27},"end":{"line":316,"column":null}},"121":{"start":{"line":319,"column":10},"end":{"line":322,"column":null}},"122":{"start":{"line":323,"column":10},"end":{"line":323,"column":null}},"123":{"start":{"line":325,"column":10},"end":{"line":325,"column":null}},"124":{"start":{"line":331,"column":24},"end":{"line":331,"column":null}},"125":{"start":{"line":332,"column":4},"end":{"line":334,"column":null}},"126":{"start":{"line":333,"column":6},"end":{"line":333,"column":null}},"127":{"start":{"line":337,"column":2},"end":{"line":337,"column":null}},"128":{"start":{"line":338,"column":2},"end":{"line":338,"column":null}},"129":{"start":{"line":339,"column":2},"end":{"line":344,"column":null}},"130":{"start":{"line":340,"column":4},"end":{"line":343,"column":null}},"131":{"start":{"line":341,"column":6},"end":{"line":341,"column":null}},"132":{"start":{"line":342,"column":6},"end":{"line":342,"column":null}},"133":{"start":{"line":345,"column":2},"end":{"line":345,"column":null}},"134":{"start":{"line":360,"column":2},"end":{"line":360,"column":null}},"135":{"start":{"line":361,"column":2},"end":{"line":361,"column":null}},"136":{"start":{"line":363,"column":26},"end":{"line":363,"column":null}},"137":{"start":{"line":364,"column":20},"end":{"line":364,"column":null}},"138":{"start":{"line":365,"column":2},"end":{"line":369,"column":null}},"139":{"start":{"line":366,"column":4},"end":{"line":366,"column":null}},"140":{"start":{"line":367,"column":4},"end":{"line":367,"column":null}},"141":{"start":{"line":368,"column":4},"end":{"line":368,"column":null}},"142":{"start":{"line":371,"column":19},"end":{"line":371,"column":null}},"143":{"start":{"line":372,"column":16},"end":{"line":372,"column":null}},"144":{"start":{"line":373,"column":28},"end":{"line":373,"column":null}},"145":{"start":{"line":374,"column":2},"end":{"line":374,"column":null}},"146":{"start":{"line":374,"column":25},"end":{"line":374,"column":null}},"147":{"start":{"line":376,"column":25},"end":{"line":376,"column":null}},"148":{"start":{"line":377,"column":35},"end":{"line":377,"column":37}},"149":{"start":{"line":380,"column":28},"end":{"line":380,"column":68}},"150":{"start":{"line":382,"column":35},"end":{"line":402,"column":null}},"151":{"start":{"line":389,"column":20},"end":{"line":389,"column":null}},"152":{"start":{"line":390,"column":27},"end":{"line":390,"column":null}},"153":{"start":{"line":391,"column":23},"end":{"line":391,"column":57}},"154":{"start":{"line":392,"column":6},"end":{"line":392,"column":null}},"155":{"start":{"line":393,"column":6},"end":{"line":393,"column":null}},"156":{"start":{"line":394,"column":6},"end":{"line":394,"column":null}},"157":{"start":{"line":397,"column":6},"end":{"line":397,"column":null}},"158":{"start":{"line":398,"column":6},"end":{"line":398,"column":null}},"159":{"start":{"line":399,"column":6},"end":{"line":399,"column":null}},"160":{"start":{"line":400,"column":6},"end":{"line":400,"column":null}},"161":{"start":{"line":405,"column":21},"end":{"line":405,"column":null}},"162":{"start":{"line":406,"column":19},"end":{"line":409,"column":null}},"163":{"start":{"line":410,"column":16},"end":{"line":410,"column":null}},"164":{"start":{"line":412,"column":14},"end":{"line":412,"column":null}},"165":{"start":{"line":413,"column":23},"end":{"line":413,"column":null}},"166":{"start":{"line":415,"column":79},"end":{"line":417,"column":null}},"167":{"start":{"line":419,"column":2},"end":{"line":425,"column":null}},"168":{"start":{"line":420,"column":4},"end":{"line":424,"column":null}},"169":{"start":{"line":421,"column":6},"end":{"line":421,"column":null}},"170":{"start":{"line":423,"column":6},"end":{"line":423,"column":null}},"171":{"start":{"line":427,"column":2},"end":{"line":427,"column":null}},"172":{"start":{"line":429,"column":19},"end":{"line":429,"column":null}},"173":{"start":{"line":430,"column":24},"end":{"line":430,"column":null}},"174":{"start":{"line":431,"column":20},"end":{"line":431,"column":null}},"175":{"start":{"line":433,"column":2},"end":{"line":513,"column":null}},"176":{"start":{"line":434,"column":4},"end":{"line":434,"column":null}},"177":{"start":{"line":436,"column":4},"end":{"line":438,"column":null}},"178":{"start":{"line":437,"column":6},"end":{"line":437,"column":null}},"179":{"start":{"line":440,"column":21},"end":{"line":440,"column":null}},"180":{"start":{"line":441,"column":4},"end":{"line":441,"column":null}},"181":{"start":{"line":443,"column":23},"end":{"line":443,"column":null}},"182":{"start":{"line":444,"column":22},"end":{"line":444,"column":47}},"183":{"start":{"line":446,"column":4},"end":{"line":448,"column":null}},"184":{"start":{"line":447,"column":6},"end":{"line":447,"column":null}},"185":{"start":{"line":450,"column":4},"end":{"line":463,"column":null}},"186":{"start":{"line":451,"column":6},"end":{"line":451,"column":null}},"187":{"start":{"line":453,"column":6},"end":{"line":460,"column":null}},"188":{"start":{"line":454,"column":8},"end":{"line":459,"column":null}},"189":{"start":{"line":455,"column":10},"end":{"line":458,"column":null}},"190":{"start":{"line":456,"column":12},"end":{"line":456,"column":null}},"191":{"start":{"line":457,"column":12},"end":{"line":457,"column":null}},"192":{"start":{"line":461,"column":6},"end":{"line":461,"column":null}},"193":{"start":{"line":462,"column":6},"end":{"line":462,"column":null}},"194":{"start":{"line":465,"column":4},"end":{"line":507,"column":null}},"195":{"start":{"line":466,"column":21},"end":{"line":466,"column":56}},"196":{"start":{"line":468,"column":6},"end":{"line":471,"column":null}},"197":{"start":{"line":473,"column":19},"end":{"line":473,"column":null}},"198":{"start":{"line":473,"column":35},"end":{"line":473,"column":59}},"199":{"start":{"line":474,"column":6},"end":{"line":506,"column":null}},"200":{"start":{"line":475,"column":8},"end":{"line":505,"column":null}},"201":{"start":{"line":477,"column":25},"end":{"line":477,"column":null}},"202":{"start":{"line":479,"column":10},"end":{"line":482,"column":null}},"203":{"start":{"line":483,"column":10},"end":{"line":483,"column":null}},"204":{"start":{"line":485,"column":10},"end":{"line":492,"column":null}},"205":{"start":{"line":486,"column":25},"end":{"line":486,"column":null}},"206":{"start":{"line":487,"column":12},"end":{"line":491,"column":null}},"207":{"start":{"line":488,"column":14},"end":{"line":488,"column":null}},"208":{"start":{"line":489,"column":14},"end":{"line":489,"column":null}},"209":{"start":{"line":490,"column":14},"end":{"line":490,"column":null}},"210":{"start":{"line":494,"column":10},"end":{"line":494,"column":null}},"211":{"start":{"line":496,"column":27},"end":{"line":496,"column":null}},"212":{"start":{"line":498,"column":10},"end":{"line":501,"column":null}},"213":{"start":{"line":502,"column":10},"end":{"line":502,"column":null}},"214":{"start":{"line":504,"column":10},"end":{"line":504,"column":null}},"215":{"start":{"line":509,"column":24},"end":{"line":509,"column":null}},"216":{"start":{"line":510,"column":4},"end":{"line":512,"column":null}},"217":{"start":{"line":511,"column":6},"end":{"line":511,"column":null}},"218":{"start":{"line":515,"column":2},"end":{"line":515,"column":null}},"219":{"start":{"line":516,"column":2},"end":{"line":516,"column":null}},"220":{"start":{"line":517,"column":2},"end":{"line":523,"column":null}},"221":{"start":{"line":518,"column":4},"end":{"line":522,"column":null}},"222":{"start":{"line":519,"column":6},"end":{"line":521,"column":null}},"223":{"start":{"line":520,"column":8},"end":{"line":520,"column":null}},"224":{"start":{"line":524,"column":2},"end":{"line":524,"column":null}}},"fnMap":{"0":{"name":"createLLMClient","decl":{"start":{"line":58,"column":9},"end":{"line":58,"column":null}},"loc":{"start":{"line":58,"column":9},"end":{"line":73,"column":null}}},"1":{"name":"runEditorAgent","decl":{"start":{"line":80,"column":22},"end":{"line":80,"column":null}},"loc":{"start":{"line":83,"column":69},"end":{"line":186,"column":null}}},"2":{"name":"(anonymous_6)","decl":{"start":{"line":148,"column":30},"end":{"line":148,"column":35}},"loc":{"start":{"line":148,"column":35},"end":{"line":148,"column":59}}},"3":{"name":"runEditorAgentStream","decl":{"start":{"line":203,"column":23},"end":{"line":203,"column":null}},"loc":{"start":{"line":206,"column":69},"end":{"line":346,"column":null}}},"4":{"name":"(anonymous_8)","decl":{"start":{"line":221,"column":19},"end":{"line":221,"column":20}},"loc":{"start":{"line":221,"column":20},"end":{"line":223,"column":null}}},"5":{"name":"(anonymous_9)","decl":{"start":{"line":291,"column":30},"end":{"line":291,"column":35}},"loc":{"start":{"line":291,"column":35},"end":{"line":291,"column":59}}},"6":{"name":"runMultiDocAgentStream","decl":{"start":{"line":354,"column":23},"end":{"line":354,"column":null}},"loc":{"start":{"line":358,"column":69},"end":{"line":525,"column":null}}},"7":{"name":"(anonymous_11)","decl":{"start":{"line":374,"column":20},"end":{"line":374,"column":25}},"loc":{"start":{"line":374,"column":25},"end":{"line":374,"column":null}}},"8":{"name":"(anonymous_12)","decl":{"start":{"line":388,"column":19},"end":{"line":388,"column":20}},"loc":{"start":{"line":388,"column":20},"end":{"line":395,"column":null}}},"9":{"name":"(anonymous_13)","decl":{"start":{"line":396,"column":22},"end":{"line":396,"column":23}},"loc":{"start":{"line":396,"column":30},"end":{"line":401,"column":null}}},"10":{"name":"(anonymous_14)","decl":{"start":{"line":473,"column":30},"end":{"line":473,"column":35}},"loc":{"start":{"line":473,"column":35},"end":{"line":473,"column":59}}}},"branchMap":{"0":{"loc":{"start":{"line":60,"column":2},"end":{"line":62,"column":null}},"type":"if","locations":[{"start":{"line":60,"column":2},"end":{"line":62,"column":null}}]},"1":{"loc":{"start":{"line":65,"column":11},"end":{"line":65,"column":null}},"type":"binary-expr","locations":[{"start":{"line":65,"column":11},"end":{"line":65,"column":37}},{"start":{"line":65,"column":41},"end":{"line":65,"column":null}}]},"2":{"loc":{"start":{"line":68,"column":15},"end":{"line":68,"column":null}},"type":"binary-expr","locations":[{"start":{"line":68,"column":15},"end":{"line":68,"column":44}},{"start":{"line":68,"column":48},"end":{"line":68,"column":null}}]},"3":{"loc":{"start":{"line":83,"column":2},"end":{"line":83,"column":69}},"type":"default-arg","locations":[{"start":{"line":83,"column":67},"end":{"line":83,"column":69}}]},"4":{"loc":{"start":{"line":107,"column":4},"end":{"line":111,"column":null}},"type":"if","locations":[{"start":{"line":107,"column":4},"end":{"line":111,"column":null}},{"start":{"line":109,"column":11},"end":{"line":111,"column":null}}]},"5":{"loc":{"start":{"line":132,"column":22},"end":{"line":132,"column":47}},"type":"binary-expr","locations":[{"start":{"line":132,"column":22},"end":{"line":132,"column":41}},{"start":{"line":132,"column":45},"end":{"line":132,"column":47}}]},"6":{"loc":{"start":{"line":134,"column":6},"end":{"line":134,"column":null}},"type":"cond-expr","locations":[{"start":{"line":134,"column":45},"end":{"line":134,"column":78}},{"start":{"line":134,"column":78},"end":{"line":134,"column":null}}]},"7":{"loc":{"start":{"line":136,"column":4},"end":{"line":143,"column":null}},"type":"if","locations":[{"start":{"line":136,"column":4},"end":{"line":143,"column":null}}]},"8":{"loc":{"start":{"line":140,"column":18},"end":{"line":140,"column":null}},"type":"cond-expr","locations":[{"start":{"line":140,"column":57},"end":{"line":140,"column":73}},{"start":{"line":140,"column":76},"end":{"line":140,"column":null}}]},"9":{"loc":{"start":{"line":149,"column":6},"end":{"line":171,"column":null}},"type":"if","locations":[{"start":{"line":149,"column":6},"end":{"line":171,"column":null}},{"start":{"line":169,"column":13},"end":{"line":171,"column":null}}]},"10":{"loc":{"start":{"line":158,"column":26},"end":{"line":158,"column":61}},"type":"binary-expr","locations":[{"start":{"line":158,"column":26},"end":{"line":158,"column":37}},{"start":{"line":158,"column":41},"end":{"line":158,"column":61}}]},"11":{"loc":{"start":{"line":161,"column":27},"end":{"line":161,"column":null}},"type":"cond-expr","locations":[{"start":{"line":161,"column":52},"end":{"line":161,"column":65}},{"start":{"line":161,"column":68},"end":{"line":161,"column":null}}]},"12":{"loc":{"start":{"line":166,"column":26},"end":{"line":166,"column":61}},"type":"binary-expr","locations":[{"start":{"line":166,"column":26},"end":{"line":166,"column":37}},{"start":{"line":166,"column":41},"end":{"line":166,"column":61}}]},"13":{"loc":{"start":{"line":176,"column":4},"end":{"line":178,"column":null}},"type":"if","locations":[{"start":{"line":176,"column":4},"end":{"line":178,"column":null}}]},"14":{"loc":{"start":{"line":206,"column":2},"end":{"line":206,"column":69}},"type":"default-arg","locations":[{"start":{"line":206,"column":67},"end":{"line":206,"column":69}}]},"15":{"loc":{"start":{"line":235,"column":4},"end":{"line":239,"column":null}},"type":"if","locations":[{"start":{"line":235,"column":4},"end":{"line":239,"column":null}},{"start":{"line":237,"column":11},"end":{"line":239,"column":null}}]},"16":{"loc":{"start":{"line":252,"column":4},"end":{"line":254,"column":null}},"type":"if","locations":[{"start":{"line":252,"column":4},"end":{"line":254,"column":null}}]},"17":{"loc":{"start":{"line":260,"column":23},"end":{"line":260,"column":null}},"type":"cond-expr","locations":[{"start":{"line":260,"column":62},"end":{"line":260,"column":78}},{"start":{"line":260,"column":81},"end":{"line":260,"column":null}}]},"18":{"loc":{"start":{"line":261,"column":22},"end":{"line":261,"column":47}},"type":"binary-expr","locations":[{"start":{"line":261,"column":22},"end":{"line":261,"column":41}},{"start":{"line":261,"column":45},"end":{"line":261,"column":47}}]},"19":{"loc":{"start":{"line":264,"column":4},"end":{"line":266,"column":null}},"type":"if","locations":[{"start":{"line":264,"column":4},"end":{"line":266,"column":null}}]},"20":{"loc":{"start":{"line":268,"column":4},"end":{"line":280,"column":null}},"type":"if","locations":[{"start":{"line":268,"column":4},"end":{"line":280,"column":null}}]},"21":{"loc":{"start":{"line":272,"column":8},"end":{"line":276,"column":null}},"type":"if","locations":[{"start":{"line":272,"column":8},"end":{"line":276,"column":null}}]},"22":{"loc":{"start":{"line":283,"column":21},"end":{"line":283,"column":56}},"type":"binary-expr","locations":[{"start":{"line":283,"column":21},"end":{"line":283,"column":32}},{"start":{"line":283,"column":36},"end":{"line":283,"column":56}}]},"23":{"loc":{"start":{"line":292,"column":6},"end":{"line":327,"column":null}},"type":"if","locations":[{"start":{"line":292,"column":6},"end":{"line":327,"column":null}}]},"24":{"loc":{"start":{"line":307,"column":12},"end":{"line":311,"column":null}},"type":"if","locations":[{"start":{"line":307,"column":12},"end":{"line":311,"column":null}}]},"25":{"loc":{"start":{"line":316,"column":27},"end":{"line":316,"column":null}},"type":"cond-expr","locations":[{"start":{"line":316,"column":52},"end":{"line":316,"column":65}},{"start":{"line":316,"column":68},"end":{"line":316,"column":null}}]},"26":{"loc":{"start":{"line":332,"column":4},"end":{"line":334,"column":null}},"type":"if","locations":[{"start":{"line":332,"column":4},"end":{"line":334,"column":null}}]},"27":{"loc":{"start":{"line":340,"column":4},"end":{"line":343,"column":null}},"type":"if","locations":[{"start":{"line":340,"column":4},"end":{"line":343,"column":null}}]},"28":{"loc":{"start":{"line":358,"column":2},"end":{"line":358,"column":69}},"type":"default-arg","locations":[{"start":{"line":358,"column":67},"end":{"line":358,"column":69}}]},"29":{"loc":{"start":{"line":365,"column":2},"end":{"line":369,"column":null}},"type":"if","locations":[{"start":{"line":365,"column":2},"end":{"line":369,"column":null}}]},"30":{"loc":{"start":{"line":380,"column":28},"end":{"line":380,"column":68}},"type":"binary-expr","locations":[{"start":{"line":380,"column":28},"end":{"line":380,"column":66}},{"start":{"line":380,"column":66},"end":{"line":380,"column":68}}]},"31":{"loc":{"start":{"line":391,"column":23},"end":{"line":391,"column":57}},"type":"binary-expr","locations":[{"start":{"line":391,"column":23},"end":{"line":391,"column":55}},{"start":{"line":391,"column":55},"end":{"line":391,"column":57}}]},"32":{"loc":{"start":{"line":399,"column":28},"end":{"line":399,"column":62}},"type":"binary-expr","locations":[{"start":{"line":399,"column":28},"end":{"line":399,"column":60}},{"start":{"line":399,"column":60},"end":{"line":399,"column":62}}]},"33":{"loc":{"start":{"line":420,"column":4},"end":{"line":424,"column":null}},"type":"if","locations":[{"start":{"line":420,"column":4},"end":{"line":424,"column":null}},{"start":{"line":422,"column":11},"end":{"line":424,"column":null}}]},"34":{"loc":{"start":{"line":436,"column":4},"end":{"line":438,"column":null}},"type":"if","locations":[{"start":{"line":436,"column":4},"end":{"line":438,"column":null}}]},"35":{"loc":{"start":{"line":443,"column":23},"end":{"line":443,"column":null}},"type":"cond-expr","locations":[{"start":{"line":443,"column":62},"end":{"line":443,"column":78}},{"start":{"line":443,"column":81},"end":{"line":443,"column":null}}]},"36":{"loc":{"start":{"line":444,"column":22},"end":{"line":444,"column":47}},"type":"binary-expr","locations":[{"start":{"line":444,"column":22},"end":{"line":444,"column":41}},{"start":{"line":444,"column":45},"end":{"line":444,"column":47}}]},"37":{"loc":{"start":{"line":446,"column":4},"end":{"line":448,"column":null}},"type":"if","locations":[{"start":{"line":446,"column":4},"end":{"line":448,"column":null}}]},"38":{"loc":{"start":{"line":450,"column":4},"end":{"line":463,"column":null}},"type":"if","locations":[{"start":{"line":450,"column":4},"end":{"line":463,"column":null}}]},"39":{"loc":{"start":{"line":455,"column":10},"end":{"line":458,"column":null}},"type":"if","locations":[{"start":{"line":455,"column":10},"end":{"line":458,"column":null}}]},"40":{"loc":{"start":{"line":466,"column":21},"end":{"line":466,"column":56}},"type":"binary-expr","locations":[{"start":{"line":466,"column":21},"end":{"line":466,"column":32}},{"start":{"line":466,"column":36},"end":{"line":466,"column":56}}]},"41":{"loc":{"start":{"line":474,"column":6},"end":{"line":506,"column":null}},"type":"if","locations":[{"start":{"line":474,"column":6},"end":{"line":506,"column":null}}]},"42":{"loc":{"start":{"line":487,"column":12},"end":{"line":491,"column":null}},"type":"if","locations":[{"start":{"line":487,"column":12},"end":{"line":491,"column":null}}]},"43":{"loc":{"start":{"line":496,"column":27},"end":{"line":496,"column":null}},"type":"cond-expr","locations":[{"start":{"line":496,"column":52},"end":{"line":496,"column":65}},{"start":{"line":496,"column":68},"end":{"line":496,"column":null}}]},"44":{"loc":{"start":{"line":510,"column":4},"end":{"line":512,"column":null}},"type":"if","locations":[{"start":{"line":510,"column":4},"end":{"line":512,"column":null}}]},"45":{"loc":{"start":{"line":519,"column":6},"end":{"line":521,"column":null}},"type":"if","locations":[{"start":{"line":519,"column":6},"end":{"line":521,"column":null}}]}},"s":{"0":0,"1":0,"2":0,"3":0,"4":0,"5":0,"6":0,"7":0,"8":0,"9":0,"10":0,"11":0,"12":0,"13":0,"14":0,"15":0,"16":0,"17":0,"18":0,"19":0,"20":0,"21":0,"22":0,"23":0,"24":0,"25":0,"26":0,"27":0,"28":0,"29":0,"30":0,"31":0,"32":0,"33":0,"34":0,"35":0,"36":0,"37":0,"38":0,"39":0,"40":0,"41":0,"42":0,"43":0,"44":0,"45":0,"46":0,"47":0,"48":0,"49":0,"50":0,"51":0,"52":0,"53":0,"54":0,"55":0,"56":0,"57":0,"58":0,"59":0,"60":0,"61":0,"62":0,"63":0,"64":0,"65":0,"66":0,"67":0,"68":0,"69":0,"70":0,"71":0,"72":0,"73":0,"74":0,"75":0,"76":0,"77":0,"78":0,"79":0,"80":0,"81":0,"82":0,"83":0,"84":0,"85":0,"86":0,"87":0,"88":0,"89":0,"90":0,"91":0,"92":0,"93":0,"94":0,"95":0,"96":0,"97":0,"98":0,"99":0,"100":0,"101":0,"102":0,"103":0,"104":0,"105":0,"106":0,"107":0,"108":0,"109":0,"110":0,"111":0,"112":0,"113":0,"114":0,"115":0,"116":0,"117":0,"118":0,"119":0,"120":0,"121":0,"122":0,"123":0,"124":0,"125":0,"126":0,"127":0,"128":0,"129":0,"130":0,"131":0,"132":0,"133":0,"134":0,"135":0,"136":0,"137":0,"138":0,"139":0,"140":0,"141":0,"142":0,"143":0,"144":0,"145":0,"146":0,"147":0,"148":0,"149":0,"150":0,"151":0,"152":0,"153":0,"154":0,"155":0,"156":0,"157":0,"158":0,"159":0,"160":0,"161":0,"162":0,"163":0,"164":0,"165":0,"166":0,"167":0,"168":0,"169":0,"170":0,"171":0,"172":0,"173":0,"174":0,"175":0,"176":0,"177":0,"178":0,"179":0,"180":0,"181":0,"182":0,"183":0,"184":0,"185":0,"186":0,"187":0,"188":0,"189":0,"190":0,"191":0,"192":0,"193":0,"194":0,"195":0,"196":0,"197":0,"198":0,"199":0,"200":0,"201":0,"202":0,"203":0,"204":0,"205":0,"206":0,"207":0,"208":0,"209":0,"210":0,"211":0,"212":0,"213":0,"214":0,"215":0,"216":0,"217":0,"218":0,"219":0,"220":0,"221":0,"222":0,"223":0,"224":0},"f":{"0":0,"1":0,"2":0,"3":0,"4":0,"5":0,"6":0,"7":0,"8":0,"9":0,"10":0},"b":{"0":[0],"1":[0,0],"2":[0,0],"3":[0],"4":[0,0],"5":[0,0],"6":[0,0],"7":[0],"8":[0,0],"9":[0,0],"10":[0,0],"11":[0,0],"12":[0,0],"13":[0],"14":[0],"15":[0,0],"16":[0],"17":[0,0],"18":[0,0],"19":[0],"20":[0],"21":[0],"22":[0,0],"23":[0],"24":[0],"25":[0,0],"26":[0],"27":[0],"28":[0],"29":[0],"30":[0,0],"31":[0,0],"32":[0,0],"33":[0,0],"34":[0],"35":[0,0],"36":[0,0],"37":[0],"38":[0],"39":[0],"40":[0,0],"41":[0],"42":[0],"43":[0,0],"44":[0],"45":[0]}}
,"/Users/kennethkwok/Documents/Nicole/SteamPlatForm-main/lib/editor/api.ts": {"path":"/Users/kennethkwok/Documents/Nicole/SteamPlatForm-main/lib/editor/api.ts","statementMap":{"0":{"start":{"line":12,"column":22},"end":{"line":12,"column":null}},"1":{"start":{"line":40,"column":22},"end":{"line":40,"column":37}},"2":{"start":{"line":6,"column":22},"end":{"line":6,"column":37}},"3":{"start":{"line":57,"column":22},"end":{"line":57,"column":null}},"4":{"start":{"line":27,"column":22},"end":{"line":27,"column":null}},"5":{"start":{"line":4,"column":17},"end":{"line":4,"column":null}},"6":{"start":{"line":7,"column":14},"end":{"line":7,"column":null}},"7":{"start":{"line":8,"column":2},"end":{"line":8,"column":null}},"8":{"start":{"line":8,"column":15},"end":{"line":8,"column":null}},"9":{"start":{"line":9,"column":2},"end":{"line":9,"column":null}},"10":{"start":{"line":18,"column":14},"end":{"line":22,"column":null}},"11":{"start":{"line":23,"column":2},"end":{"line":23,"column":null}},"12":{"start":{"line":23,"column":15},"end":{"line":23,"column":null}},"13":{"start":{"line":24,"column":2},"end":{"line":24,"column":null}},"14":{"start":{"line":31,"column":14},"end":{"line":35,"column":null}},"15":{"start":{"line":36,"column":2},"end":{"line":36,"column":null}},"16":{"start":{"line":36,"column":15},"end":{"line":36,"column":null}},"17":{"start":{"line":37,"column":2},"end":{"line":37,"column":null}},"18":{"start":{"line":41,"column":14},"end":{"line":41,"column":null}},"19":{"start":{"line":42,"column":2},"end":{"line":42,"column":null}},"20":{"start":{"line":42,"column":15},"end":{"line":42,"column":null}},"21":{"start":{"line":63,"column":2},"end":{"line":140,"column":null}},"22":{"start":{"line":64,"column":16},"end":{"line":68,"column":null}},"23":{"start":{"line":70,"column":4},"end":{"line":72,"column":null}},"24":{"start":{"line":71,"column":6},"end":{"line":71,"column":null}},"25":{"start":{"line":74,"column":19},"end":{"line":74,"column":null}},"26":{"start":{"line":75,"column":4},"end":{"line":75,"column":null}},"27":{"start":{"line":75,"column":17},"end":{"line":75,"column":null}},"28":{"start":{"line":77,"column":20},"end":{"line":77,"column":null}},"29":{"start":{"line":78,"column":17},"end":{"line":78,"column":null}},"30":{"start":{"line":79,"column":55},"end":{"line":79,"column":null}},"31":{"start":{"line":80,"column":20},"end":{"line":80,"column":null}},"32":{"start":{"line":82,"column":26},"end":{"line":115,"column":null}},"33":{"start":{"line":83,"column":20},"end":{"line":83,"column":null}},"34":{"start":{"line":84,"column":6},"end":{"line":84,"column":null}},"35":{"start":{"line":85,"column":20},"end":{"line":85,"column":null}},"36":{"start":{"line":87,"column":6},"end":{"line":114,"column":null}},"37":{"start":{"line":88,"column":8},"end":{"line":88,"column":null}},"38":{"start":{"line":88,"column":40},"end":{"line":88,"column":null}},"39":{"start":{"line":89,"column":21},"end":{"line":89,"column":null}},"40":{"start":{"line":90,"column":8},"end":{"line":98,"column":null}},"41":{"start":{"line":91,"column":10},"end":{"line":95,"column":null}},"42":{"start":{"line":92,"column":12},"end":{"line":92,"column":null}},"43":{"start":{"line":94,"column":12},"end":{"line":94,"column":null}},"44":{"start":{"line":96,"column":10},"end":{"line":96,"column":null}},"45":{"start":{"line":97,"column":10},"end":{"line":97,"column":null}},"46":{"start":{"line":99,"column":8},"end":{"line":113,"column":null}},"47":{"start":{"line":100,"column":25},"end":{"line":100,"column":null}},"48":{"start":{"line":101,"column":10},"end":{"line":105,"column":null}},"49":{"start":{"line":102,"column":12},"end":{"line":102,"column":null}},"50":{"start":{"line":103,"column":12},"end":{"line":103,"column":null}},"51":{"start":{"line":104,"column":12},"end":{"line":104,"column":null}},"52":{"start":{"line":106,"column":10},"end":{"line":110,"column":null}},"53":{"start":{"line":107,"column":12},"end":{"line":107,"column":null}},"54":{"start":{"line":108,"column":17},"end":{"line":110,"column":null}},"55":{"start":{"line":109,"column":12},"end":{"line":109,"column":null}},"56":{"start":{"line":117,"column":4},"end":{"line":124,"column":null}},"57":{"start":{"line":118,"column":30},"end":{"line":118,"column":null}},"58":{"start":{"line":119,"column":6},"end":{"line":122,"column":null}},"59":{"start":{"line":120,"column":8},"end":{"line":120,"column":null}},"60":{"start":{"line":121,"column":8},"end":{"line":121,"column":null}},"61":{"start":{"line":123,"column":6},"end":{"line":123,"column":null}},"62":{"start":{"line":123,"column":16},"end":{"line":123,"column":null}},"63":{"start":{"line":126,"column":4},"end":{"line":129,"column":null}},"64":{"start":{"line":127,"column":6},"end":{"line":127,"column":null}},"65":{"start":{"line":128,"column":6},"end":{"line":128,"column":null}},"66":{"start":{"line":131,"column":4},"end":{"line":137,"column":null}},"67":{"start":{"line":132,"column":6},"end":{"line":136,"column":null}},"68":{"start":{"line":133,"column":8},"end":{"line":133,"column":null}},"69":{"start":{"line":135,"column":8},"end":{"line":135,"column":null}},"70":{"start":{"line":139,"column":4},"end":{"line":139,"column":null}}},"fnMap":{"0":{"name":"fetchDocuments","decl":{"start":{"line":6,"column":22},"end":{"line":6,"column":37}},"loc":{"start":{"line":6,"column":53},"end":{"line":10,"column":null}}},"1":{"name":"createDocument","decl":{"start":{"line":12,"column":22},"end":{"line":12,"column":null}},"loc":{"start":{"line":16,"column":14},"end":{"line":25,"column":null}}},"2":{"name":"updateDocument","decl":{"start":{"line":27,"column":22},"end":{"line":27,"column":null}},"loc":{"start":{"line":29,"column":43},"end":{"line":38,"column":null}}},"3":{"name":"deleteDocument","decl":{"start":{"line":40,"column":22},"end":{"line":40,"column":37}},"loc":{"start":{"line":40,"column":47},"end":{"line":43,"column":null}}},"4":{"name":"generateDocumentStream","decl":{"start":{"line":57,"column":22},"end":{"line":57,"column":null}},"loc":{"start":{"line":61,"column":33},"end":{"line":141,"column":null}}},"5":{"name":"(anonymous_11)","decl":{"start":{"line":82,"column":26},"end":{"line":82,"column":27}},"loc":{"start":{"line":82,"column":40},"end":{"line":115,"column":null}}}},"branchMap":{"0":{"loc":{"start":{"line":8,"column":2},"end":{"line":8,"column":null}},"type":"if","locations":[{"start":{"line":8,"column":2},"end":{"line":8,"column":null}}]},"1":{"loc":{"start":{"line":16,"column":2},"end":{"line":16,"column":14}},"type":"default-arg","locations":[{"start":{"line":16,"column":12},"end":{"line":16,"column":14}}]},"2":{"loc":{"start":{"line":23,"column":2},"end":{"line":23,"column":null}},"type":"if","locations":[{"start":{"line":23,"column":2},"end":{"line":23,"column":null}}]},"3":{"loc":{"start":{"line":36,"column":2},"end":{"line":36,"column":null}},"type":"if","locations":[{"start":{"line":36,"column":2},"end":{"line":36,"column":null}}]},"4":{"loc":{"start":{"line":42,"column":2},"end":{"line":42,"column":null}},"type":"if","locations":[{"start":{"line":42,"column":2},"end":{"line":42,"column":null}}]},"5":{"loc":{"start":{"line":70,"column":4},"end":{"line":72,"column":null}},"type":"if","locations":[{"start":{"line":70,"column":4},"end":{"line":72,"column":null}}]},"6":{"loc":{"start":{"line":75,"column":4},"end":{"line":75,"column":null}},"type":"if","locations":[{"start":{"line":75,"column":4},"end":{"line":75,"column":null}}]},"7":{"loc":{"start":{"line":82,"column":27},"end":{"line":82,"column":40}},"type":"default-arg","locations":[{"start":{"line":82,"column":35},"end":{"line":82,"column":40}}]},"8":{"loc":{"start":{"line":84,"column":15},"end":{"line":84,"column":null}},"type":"cond-expr","locations":[{"start":{"line":84,"column":23},"end":{"line":84,"column":28}},{"start":{"line":84,"column":28},"end":{"line":84,"column":null}}]},"9":{"loc":{"start":{"line":84,"column":28},"end":{"line":84,"column":null}},"type":"binary-expr","locations":[{"start":{"line":84,"column":28},"end":{"line":84,"column":43}},{"start":{"line":84,"column":43},"end":{"line":84,"column":null}}]},"10":{"loc":{"start":{"line":85,"column":20},"end":{"line":85,"column":null}},"type":"cond-expr","locations":[{"start":{"line":85,"column":38},"end":{"line":85,"column":59}},{"start":{"line":85,"column":59},"end":{"line":85,"column":null}}]},"11":{"loc":{"start":{"line":85,"column":20},"end":{"line":85,"column":38}},"type":"binary-expr","locations":[{"start":{"line":85,"column":20},"end":{"line":85,"column":29}},{"start":{"line":85,"column":29},"end":{"line":85,"column":38}}]},"12":{"loc":{"start":{"line":88,"column":8},"end":{"line":88,"column":null}},"type":"if","locations":[{"start":{"line":88,"column":8},"end":{"line":88,"column":null}}]},"13":{"loc":{"start":{"line":90,"column":8},"end":{"line":98,"column":null}},"type":"if","locations":[{"start":{"line":90,"column":8},"end":{"line":98,"column":null}}]},"14":{"loc":{"start":{"line":91,"column":10},"end":{"line":95,"column":null}},"type":"if","locations":[{"start":{"line":91,"column":10},"end":{"line":95,"column":null}},{"start":{"line":93,"column":17},"end":{"line":95,"column":null}}]},"15":{"loc":{"start":{"line":101,"column":10},"end":{"line":105,"column":null}},"type":"if","locations":[{"start":{"line":101,"column":10},"end":{"line":105,"column":null}}]},"16":{"loc":{"start":{"line":106,"column":10},"end":{"line":110,"column":null}},"type":"if","locations":[{"start":{"line":106,"column":10},"end":{"line":110,"column":null}},{"start":{"line":108,"column":17},"end":{"line":110,"column":null}}]},"17":{"loc":{"start":{"line":106,"column":14},"end":{"line":106,"column":40}},"type":"binary-expr","locations":[{"start":{"line":106,"column":14},"end":{"line":106,"column":25}},{"start":{"line":106,"column":29},"end":{"line":106,"column":40}}]},"18":{"loc":{"start":{"line":108,"column":17},"end":{"line":110,"column":null}},"type":"if","locations":[{"start":{"line":108,"column":17},"end":{"line":110,"column":null}}]},"19":{"loc":{"start":{"line":119,"column":6},"end":{"line":122,"column":null}},"type":"if","locations":[{"start":{"line":119,"column":6},"end":{"line":122,"column":null}}]},"20":{"loc":{"start":{"line":123,"column":6},"end":{"line":123,"column":null}},"type":"if","locations":[{"start":{"line":123,"column":6},"end":{"line":123,"column":null}}]},"21":{"loc":{"start":{"line":126,"column":4},"end":{"line":129,"column":null}},"type":"if","locations":[{"start":{"line":126,"column":4},"end":{"line":129,"column":null}}]},"22":{"loc":{"start":{"line":131,"column":4},"end":{"line":137,"column":null}},"type":"if","locations":[{"start":{"line":131,"column":4},"end":{"line":137,"column":null}}]},"23":{"loc":{"start":{"line":132,"column":6},"end":{"line":136,"column":null}},"type":"if","locations":[{"start":{"line":132,"column":6},"end":{"line":136,"column":null}},{"start":{"line":134,"column":13},"end":{"line":136,"column":null}}]},"24":{"loc":{"start":{"line":139,"column":12},"end":{"line":139,"column":null}},"type":"cond-expr","locations":[{"start":{"line":139,"column":37},"end":{"line":139,"column":45}},{"start":{"line":139,"column":45},"end":{"line":139,"column":null}}]}},"s":{"0":2,"1":2,"2":2,"3":6,"4":2,"5":1,"6":2,"7":2,"8":1,"9":1,"10":2,"11":2,"12":1,"13":1,"14":2,"15":2,"16":1,"17":1,"18":2,"19":2,"20":1,"21":6,"22":6,"23":6,"24":1,"25":5,"26":5,"27":0,"28":5,"29":5,"30":5,"31":5,"32":5,"33":12,"34":12,"35":12,"36":12,"37":11,"38":2,"39":9,"40":9,"41":2,"42":1,"43":1,"44":2,"45":2,"46":7,"47":7,"48":7,"49":1,"50":1,"51":1,"52":6,"53":2,"54":4,"55":4,"56":5,"57":12,"58":12,"59":8,"60":8,"61":12,"62":4,"63":5,"64":4,"65":4,"66":5,"67":2,"68":1,"69":1,"70":1},"f":{"0":2,"1":2,"2":2,"3":2,"4":6,"5":12},"b":{"0":[1],"1":[1],"2":[1],"3":[1],"4":[1],"5":[1],"6":[0],"7":[8],"8":[4,8],"9":[8,3],"10":[0,12],"11":[12,4],"12":[2],"13":[2],"14":[1,1],"15":[1],"16":[2,4],"17":[6,2],"18":[4],"19":[8],"20":[4],"21":[4],"22":[2],"23":[1,1],"24":[1,0]}}
,"/Users/kennethkwok/Documents/Nicole/SteamPlatForm-main/lib/editor/block-index.ts": {"path":"/Users/kennethkwok/Documents/Nicole/SteamPlatForm-main/lib/editor/block-index.ts","statementMap":{"0":{"start":{"line":3,"column":13},"end":{"line":3,"column":null}},"1":{"start":{"line":4,"column":10},"end":{"line":4,"column":null}},"2":{"start":{"line":5,"column":10},"end":{"line":5,"column":null}},"3":{"start":{"line":8,"column":4},"end":{"line":8,"column":null}},"4":{"start":{"line":12,"column":4},"end":{"line":12,"column":null}},"5":{"start":{"line":13,"column":4},"end":{"line":13,"column":null}},"6":{"start":{"line":13,"column":49},"end":{"line":13,"column":66}},"7":{"start":{"line":14,"column":4},"end":{"line":16,"column":null}},"8":{"start":{"line":15,"column":6},"end":{"line":15,"column":null}},"9":{"start":{"line":20,"column":4},"end":{"line":20,"column":null}},"10":{"start":{"line":24,"column":4},"end":{"line":29,"column":null}},"11":{"start":{"line":24,"column":41},"end":{"line":29,"column":null}},"12":{"start":{"line":33,"column":4},"end":{"line":33,"column":null}},"13":{"start":{"line":37,"column":4},"end":{"line":39,"column":null}},"14":{"start":{"line":38,"column":17},"end":{"line":38,"column":null}},"15":{"start":{"line":39,"column":33},"end":{"line":39,"column":null}},"16":{"start":{"line":45,"column":4},"end":{"line":51,"column":null}},"17":{"start":{"line":45,"column":17},"end":{"line":45,"column":42}},"18":{"start":{"line":46,"column":19},"end":{"line":46,"column":34}},"19":{"start":{"line":47,"column":6},"end":{"line":50,"column":null}},"20":{"start":{"line":48,"column":8},"end":{"line":48,"column":null}},"21":{"start":{"line":48,"column":38},"end":{"line":48,"column":null}},"22":{"start":{"line":49,"column":8},"end":{"line":49,"column":null}},"23":{"start":{"line":49,"column":38},"end":{"line":49,"column":null}},"24":{"start":{"line":53,"column":18},"end":{"line":53,"column":null}},"25":{"start":{"line":54,"column":4},"end":{"line":54,"column":null}},"26":{"start":{"line":59,"column":18},"end":{"line":59,"column":null}},"27":{"start":{"line":60,"column":4},"end":{"line":60,"column":null}},"28":{"start":{"line":60,"column":16},"end":{"line":60,"column":null}},"29":{"start":{"line":62,"column":20},"end":{"line":62,"column":null}},"30":{"start":{"line":65,"column":4},"end":{"line":65,"column":null}},"31":{"start":{"line":69,"column":18},"end":{"line":69,"column":null}},"32":{"start":{"line":70,"column":4},"end":{"line":71,"column":null}},"33":{"start":{"line":71,"column":6},"end":{"line":71,"column":null}},"34":{"start":{"line":80,"column":18},"end":{"line":80,"column":null}},"35":{"start":{"line":81,"column":4},"end":{"line":83,"column":null}},"36":{"start":{"line":82,"column":6},"end":{"line":82,"column":null}},"37":{"start":{"line":85,"column":16},"end":{"line":85,"column":null}},"38":{"start":{"line":85,"column":47},"end":{"line":85,"column":null}},"39":{"start":{"line":86,"column":19},"end":{"line":86,"column":null}},"40":{"start":{"line":87,"column":18},"end":{"line":87,"column":null}},"41":{"start":{"line":89,"column":4},"end":{"line":89,"column":null}},"42":{"start":{"line":93,"column":4},"end":{"line":93,"column":null}},"43":{"start":{"line":97,"column":4},"end":{"line":97,"column":null}},"44":{"start":{"line":97,"column":39},"end":{"line":97,"column":null}},"45":{"start":{"line":101,"column":4},"end":{"line":101,"column":null}}},"fnMap":{"0":{"name":"(anonymous_1)","decl":{"start":{"line":7,"column":2},"end":{"line":7,"column":14}},"loc":{"start":{"line":7,"column":36},"end":{"line":9,"column":null}}},"1":{"name":"(anonymous_2)","decl":{"start":{"line":11,"column":2},"end":{"line":11,"column":12}},"loc":{"start":{"line":11,"column":35},"end":{"line":17,"column":null}}},"2":{"name":"(anonymous_3)","decl":{"start":{"line":13,"column":39},"end":{"line":13,"column":40}},"loc":{"start":{"line":13,"column":49},"end":{"line":13,"column":66}}},"3":{"name":"(anonymous_4)","decl":{"start":{"line":19,"column":2},"end":{"line":19,"column":23}},"loc":{"start":{"line":19,"column":23},"end":{"line":21,"column":null}}},"4":{"name":"(anonymous_5)","decl":{"start":{"line":23,"column":2},"end":{"line":23,"column":34}},"loc":{"start":{"line":23,"column":34},"end":{"line":30,"column":null}}},"5":{"name":"(anonymous_6)","decl":{"start":{"line":24,"column":31},"end":{"line":24,"column":41}},"loc":{"start":{"line":24,"column":41},"end":{"line":29,"column":null}}},"6":{"name":"(anonymous_7)","decl":{"start":{"line":32,"column":2},"end":{"line":32,"column":10}},"loc":{"start":{"line":32,"column":46},"end":{"line":34,"column":null}}},"7":{"name":"(anonymous_8)","decl":{"start":{"line":36,"column":2},"end":{"line":36,"column":11}},"loc":{"start":{"line":36,"column":40},"end":{"line":40,"column":null}}},"8":{"name":"(anonymous_9)","decl":{"start":{"line":38,"column":11},"end":{"line":38,"column":17}},"loc":{"start":{"line":38,"column":17},"end":{"line":38,"column":null}}},"9":{"name":"(anonymous_10)","decl":{"start":{"line":39,"column":14},"end":{"line":39,"column":15}},"loc":{"start":{"line":39,"column":33},"end":{"line":39,"column":null}}},"10":{"name":"(anonymous_11)","decl":{"start":{"line":43,"column":2},"end":{"line":43,"column":22}},"loc":{"start":{"line":43,"column":83},"end":{"line":55,"column":null}}},"11":{"name":"(anonymous_12)","decl":{"start":{"line":58,"column":2},"end":{"line":58,"column":20}},"loc":{"start":{"line":58,"column":80},"end":{"line":66,"column":null}}},"12":{"name":"(anonymous_13)","decl":{"start":{"line":68,"column":2},"end":{"line":68,"column":9}},"loc":{"start":{"line":68,"column":35},"end":{"line":73,"column":null}}},"13":{"name":"(anonymous_14)","decl":{"start":{"line":70,"column":34},"end":{"line":70,"column":null}},"loc":{"start":{"line":71,"column":6},"end":{"line":71,"column":null}}},"14":{"name":"(anonymous_15)","decl":{"start":{"line":75,"column":2},"end":{"line":75,"column":17}},"loc":{"start":{"line":79,"column":4},"end":{"line":90,"column":null}}},"15":{"name":"(anonymous_16)","decl":{"start":{"line":85,"column":42},"end":{"line":85,"column":47}},"loc":{"start":{"line":85,"column":47},"end":{"line":85,"column":null}}},"16":{"name":"(anonymous_17)","decl":{"start":{"line":92,"column":2},"end":{"line":92,"column":13}},"loc":{"start":{"line":92,"column":47},"end":{"line":94,"column":null}}},"17":{"name":"(anonymous_18)","decl":{"start":{"line":96,"column":2},"end":{"line":96,"column":12}},"loc":{"start":{"line":96,"column":42},"end":{"line":98,"column":null}}},"18":{"name":"(anonymous_19)","decl":{"start":{"line":97,"column":34},"end":{"line":97,"column":39}},"loc":{"start":{"line":97,"column":39},"end":{"line":97,"column":null}}},"19":{"name":"(anonymous_20)","decl":{"start":{"line":100,"column":2},"end":{"line":100,"column":17}},"loc":{"start":{"line":100,"column":17},"end":{"line":102,"column":null}}}},"branchMap":{"0":{"loc":{"start":{"line":7,"column":14},"end":{"line":7,"column":34}},"type":"default-arg","locations":[{"start":{"line":7,"column":32},"end":{"line":7,"column":34}}]},"1":{"loc":{"start":{"line":27,"column":45},"end":{"line":27,"column":82}},"type":"cond-expr","locations":[{"start":{"line":27,"column":73},"end":{"line":27,"column":81}},{"start":{"line":27,"column":81},"end":{"line":27,"column":82}}]},"2":{"loc":{"start":{"line":47,"column":6},"end":{"line":50,"column":null}},"type":"if","locations":[{"start":{"line":47,"column":6},"end":{"line":50,"column":null}}]},"3":{"loc":{"start":{"line":48,"column":8},"end":{"line":48,"column":null}},"type":"if","locations":[{"start":{"line":48,"column":8},"end":{"line":48,"column":null}}]},"4":{"loc":{"start":{"line":49,"column":8},"end":{"line":49,"column":null}},"type":"if","locations":[{"start":{"line":49,"column":8},"end":{"line":49,"column":null}}]},"5":{"loc":{"start":{"line":54,"column":11},"end":{"line":54,"column":null}},"type":"binary-expr","locations":[{"start":{"line":54,"column":11},"end":{"line":54,"column":29}},{"start":{"line":54,"column":29},"end":{"line":54,"column":null}}]},"6":{"loc":{"start":{"line":60,"column":4},"end":{"line":60,"column":null}},"type":"if","locations":[{"start":{"line":60,"column":4},"end":{"line":60,"column":null}}]},"7":{"loc":{"start":{"line":75,"column":34},"end":{"line":75,"column":57}},"type":"default-arg","locations":[{"start":{"line":75,"column":56},"end":{"line":75,"column":57}}]},"8":{"loc":{"start":{"line":81,"column":4},"end":{"line":83,"column":null}},"type":"if","locations":[{"start":{"line":81,"column":4},"end":{"line":83,"column":null}}]}},"s":{"0":62,"1":62,"2":62,"3":62,"4":62,"5":62,"6":1164,"7":62,"8":1222,"9":0,"10":4,"11":7,"12":4,"13":0,"14":0,"15":0,"16":88,"17":88,"18":316,"19":316,"20":10,"21":3,"22":7,"23":7,"24":78,"25":78,"26":4,"27":4,"28":1,"29":3,"30":2,"31":3,"32":3,"33":1002,"34":45,"35":45,"36":3,"37":42,"38":359,"39":42,"40":42,"41":42,"42":0,"43":0,"44":0,"45":2},"f":{"0":62,"1":62,"2":1164,"3":0,"4":4,"5":7,"6":4,"7":0,"8":0,"9":0,"10":88,"11":4,"12":3,"13":1002,"14":45,"15":359,"16":0,"17":0,"18":0,"19":2},"b":{"0":[0],"1":[1,6],"2":[10],"3":[3],"4":[7],"5":[78,2],"6":[1],"7":[41],"8":[3]}}
,"/Users/kennethkwok/Documents/Nicole/SteamPlatForm-main/lib/editor/diff.ts": {"path":"/Users/kennethkwok/Documents/Nicole/SteamPlatForm-main/lib/editor/diff.ts","statementMap":{"0":{"start":{"line":43,"column":16},"end":{"line":43,"column":37}},"1":{"start":{"line":11,"column":16},"end":{"line":11,"column":29}},"2":{"start":{"line":34,"column":16},"end":{"line":34,"column":33}},"3":{"start":{"line":1,"column":22},"end":{"line":1,"column":null}},"4":{"start":{"line":12,"column":18},"end":{"line":12,"column":null}},"5":{"start":{"line":14,"column":18},"end":{"line":14,"column":null}},"6":{"start":{"line":15,"column":18},"end":{"line":15,"column":null}},"7":{"start":{"line":16,"column":18},"end":{"line":16,"column":null}},"8":{"start":{"line":18,"column":31},"end":{"line":29,"column":null}},"9":{"start":{"line":19,"column":4},"end":{"line":22,"column":null}},"10":{"start":{"line":20,"column":6},"end":{"line":20,"column":null}},"11":{"start":{"line":21,"column":6},"end":{"line":21,"column":null}},"12":{"start":{"line":23,"column":4},"end":{"line":26,"column":null}},"13":{"start":{"line":24,"column":6},"end":{"line":24,"column":null}},"14":{"start":{"line":25,"column":6},"end":{"line":25,"column":null}},"15":{"start":{"line":27,"column":4},"end":{"line":27,"column":null}},"16":{"start":{"line":28,"column":4},"end":{"line":28,"column":null}},"17":{"start":{"line":31,"column":2},"end":{"line":31,"column":null}},"18":{"start":{"line":35,"column":18},"end":{"line":35,"column":null}},"19":{"start":{"line":36,"column":2},"end":{"line":40,"column":null}},"20":{"start":{"line":37,"column":4},"end":{"line":37,"column":null}},"21":{"start":{"line":37,"column":22},"end":{"line":37,"column":null}},"22":{"start":{"line":38,"column":4},"end":{"line":38,"column":null}},"23":{"start":{"line":38,"column":24},"end":{"line":38,"column":null}},"24":{"start":{"line":39,"column":4},"end":{"line":39,"column":null}},"25":{"start":{"line":44,"column":2},"end":{"line":47,"column":null}},"26":{"start":{"line":45,"column":19},"end":{"line":45,"column":null}},"27":{"start":{"line":46,"column":4},"end":{"line":46,"column":null}},"28":{"start":{"line":46,"column":48},"end":{"line":46,"column":81}}},"fnMap":{"0":{"name":"generateDiff","decl":{"start":{"line":11,"column":16},"end":{"line":11,"column":29}},"loc":{"start":{"line":11,"column":67},"end":{"line":32,"column":null}}},"1":{"name":"(anonymous_8)","decl":{"start":{"line":18,"column":43},"end":{"line":18,"column":null}},"loc":{"start":{"line":18,"column":43},"end":{"line":29,"column":null}}},"2":{"name":"generateWordDiff","decl":{"start":{"line":34,"column":16},"end":{"line":34,"column":33}},"loc":{"start":{"line":34,"column":71},"end":{"line":41,"column":null}}},"3":{"name":"(anonymous_10)","decl":{"start":{"line":36,"column":21},"end":{"line":36,"column":null}},"loc":{"start":{"line":36,"column":21},"end":{"line":40,"column":null}}},"4":{"name":"formatDiffForDisplay","decl":{"start":{"line":43,"column":16},"end":{"line":43,"column":37}},"loc":{"start":{"line":43,"column":53},"end":{"line":48,"column":null}}},"5":{"name":"(anonymous_12)","decl":{"start":{"line":44,"column":26},"end":{"line":44,"column":null}},"loc":{"start":{"line":44,"column":26},"end":{"line":47,"column":5}}},"6":{"name":"(anonymous_13)","decl":{"start":{"line":46,"column":40},"end":{"line":46,"column":48}},"loc":{"start":{"line":46,"column":48},"end":{"line":46,"column":81}}}},"branchMap":{"0":{"loc":{"start":{"line":19,"column":4},"end":{"line":22,"column":null}},"type":"if","locations":[{"start":{"line":19,"column":4},"end":{"line":22,"column":null}}]},"1":{"loc":{"start":{"line":20,"column":19},"end":{"line":20,"column":null}},"type":"binary-expr","locations":[{"start":{"line":20,"column":19},"end":{"line":20,"column":31}},{"start":{"line":20,"column":35},"end":{"line":20,"column":null}}]},"2":{"loc":{"start":{"line":23,"column":4},"end":{"line":26,"column":null}},"type":"if","locations":[{"start":{"line":23,"column":4},"end":{"line":26,"column":null}}]},"3":{"loc":{"start":{"line":24,"column":19},"end":{"line":24,"column":null}},"type":"binary-expr","locations":[{"start":{"line":24,"column":19},"end":{"line":24,"column":31}},{"start":{"line":24,"column":35},"end":{"line":24,"column":null}}]},"4":{"loc":{"start":{"line":27,"column":17},"end":{"line":27,"column":null}},"type":"binary-expr","locations":[{"start":{"line":27,"column":17},"end":{"line":27,"column":29}},{"start":{"line":27,"column":33},"end":{"line":27,"column":null}}]},"5":{"loc":{"start":{"line":37,"column":4},"end":{"line":37,"column":null}},"type":"if","locations":[{"start":{"line":37,"column":4},"end":{"line":37,"column":null}}]},"6":{"loc":{"start":{"line":38,"column":4},"end":{"line":38,"column":null}},"type":"if","locations":[{"start":{"line":38,"column":4},"end":{"line":38,"column":null}}]},"7":{"loc":{"start":{"line":45,"column":19},"end":{"line":45,"column":null}},"type":"cond-expr","locations":[{"start":{"line":45,"column":43},"end":{"line":45,"column":49}},{"start":{"line":45,"column":49},"end":{"line":45,"column":null}}]},"8":{"loc":{"start":{"line":45,"column":49},"end":{"line":45,"column":null}},"type":"cond-expr","locations":[{"start":{"line":45,"column":76},"end":{"line":45,"column":82}},{"start":{"line":45,"column":82},"end":{"line":45,"column":null}}]},"9":{"loc":{"start":{"line":46,"column":48},"end":{"line":46,"column":81}},"type":"cond-expr","locations":[{"start":{"line":46,"column":55},"end":{"line":46,"column":74}},{"start":{"line":46,"column":77},"end":{"line":46,"column":81}}]}},"s":{"0":2,"1":12,"2":2,"3":2,"4":12,"5":12,"6":12,"7":12,"8":12,"9":20,"10":7,"11":7,"12":13,"13":7,"14":7,"15":6,"16":6,"17":12,"18":2,"19":2,"20":7,"21":2,"22":5,"23":2,"24":3,"25":2,"26":2,"27":2,"28":4},"f":{"0":12,"1":20,"2":2,"3":7,"4":2,"5":2,"6":4},"b":{"0":[7],"1":[7,0],"2":[7],"3":[7,0],"4":[6,0],"5":[2],"6":[2],"7":[1,1],"8":[1,0],"9":[2,2]}}
,"/Users/kennethkwok/Documents/Nicole/SteamPlatForm-main/lib/editor/document-manager.ts": {"path":"/Users/kennethkwok/Documents/Nicole/SteamPlatForm-main/lib/editor/document-manager.ts","statementMap":{"0":{"start":{"line":4,"column":13},"end":{"line":4,"column":null}},"1":{"start":{"line":1,"column":30},"end":{"line":1,"column":null}},"2":{"start":{"line":5,"column":10},"end":{"line":5,"column":null}},"3":{"start":{"line":6,"column":10},"end":{"line":6,"column":null}},"4":{"start":{"line":9,"column":4},"end":{"line":11,"column":null}},"5":{"start":{"line":10,"column":6},"end":{"line":10,"column":null}},"6":{"start":{"line":12,"column":4},"end":{"line":16,"column":null}},"7":{"start":{"line":13,"column":6},"end":{"line":13,"column":null}},"8":{"start":{"line":14,"column":11},"end":{"line":16,"column":null}},"9":{"start":{"line":15,"column":6},"end":{"line":15,"column":null}},"10":{"start":{"line":20,"column":4},"end":{"line":20,"column":null}},"11":{"start":{"line":24,"column":4},"end":{"line":24,"column":null}},"12":{"start":{"line":28,"column":4},"end":{"line":28,"column":null}},"13":{"start":{"line":28,"column":27},"end":{"line":28,"column":null}},"14":{"start":{"line":29,"column":4},"end":{"line":29,"column":null}},"15":{"start":{"line":33,"column":4},"end":{"line":33,"column":null}},"16":{"start":{"line":37,"column":4},"end":{"line":37,"column":null}},"17":{"start":{"line":37,"column":36},"end":{"line":37,"column":null}},"18":{"start":{"line":38,"column":4},"end":{"line":38,"column":null}},"19":{"start":{"line":39,"column":4},"end":{"line":39,"column":null}},"20":{"start":{"line":43,"column":15},"end":{"line":43,"column":76}},"21":{"start":{"line":44,"column":23},"end":{"line":44,"column":null}},"22":{"start":{"line":45,"column":35},"end":{"line":49,"column":null}},"23":{"start":{"line":50,"column":4},"end":{"line":50,"column":null}},"24":{"start":{"line":51,"column":4},"end":{"line":53,"column":null}},"25":{"start":{"line":52,"column":6},"end":{"line":52,"column":null}},"26":{"start":{"line":54,"column":4},"end":{"line":54,"column":null}},"27":{"start":{"line":58,"column":4},"end":{"line":58,"column":null}},"28":{"start":{"line":58,"column":36},"end":{"line":58,"column":null}},"29":{"start":{"line":59,"column":4},"end":{"line":59,"column":null}},"30":{"start":{"line":60,"column":4},"end":{"line":63,"column":null}},"31":{"start":{"line":61,"column":24},"end":{"line":61,"column":null}},"32":{"start":{"line":62,"column":6},"end":{"line":62,"column":null}},"33":{"start":{"line":64,"column":4},"end":{"line":64,"column":null}},"34":{"start":{"line":68,"column":16},"end":{"line":68,"column":null}},"35":{"start":{"line":69,"column":4},"end":{"line":69,"column":null}},"36":{"start":{"line":69,"column":14},"end":{"line":69,"column":null}},"37":{"start":{"line":70,"column":23},"end":{"line":70,"column":null}},"38":{"start":{"line":71,"column":4},"end":{"line":76,"column":null}},"39":{"start":{"line":77,"column":4},"end":{"line":77,"column":null}},"40":{"start":{"line":81,"column":16},"end":{"line":81,"column":null}},"41":{"start":{"line":82,"column":4},"end":{"line":82,"column":null}},"42":{"start":{"line":82,"column":14},"end":{"line":82,"column":null}},"43":{"start":{"line":83,"column":4},"end":{"line":87,"column":null}},"44":{"start":{"line":88,"column":4},"end":{"line":88,"column":null}},"45":{"start":{"line":92,"column":16},"end":{"line":92,"column":null}},"46":{"start":{"line":93,"column":4},"end":{"line":93,"column":null}},"47":{"start":{"line":93,"column":14},"end":{"line":93,"column":null}},"48":{"start":{"line":94,"column":4},"end":{"line":94,"column":null}},"49":{"start":{"line":95,"column":4},"end":{"line":95,"column":null}},"50":{"start":{"line":99,"column":4},"end":{"line":99,"column":null}}},"fnMap":{"0":{"name":"(anonymous_1)","decl":{"start":{"line":8,"column":2},"end":{"line":8,"column":14}},"loc":{"start":{"line":8,"column":70},"end":{"line":17,"column":null}}},"1":{"name":"(anonymous_2)","decl":{"start":{"line":19,"column":2},"end":{"line":19,"column":38}},"loc":{"start":{"line":19,"column":38},"end":{"line":21,"column":null}}},"2":{"name":"(anonymous_3)","decl":{"start":{"line":23,"column":2},"end":{"line":23,"column":14}},"loc":{"start":{"line":23,"column":52},"end":{"line":25,"column":null}}},"3":{"name":"(anonymous_4)","decl":{"start":{"line":27,"column":2},"end":{"line":27,"column":45}},"loc":{"start":{"line":27,"column":45},"end":{"line":30,"column":null}}},"4":{"name":"(anonymous_5)","decl":{"start":{"line":32,"column":2},"end":{"line":32,"column":27}},"loc":{"start":{"line":32,"column":27},"end":{"line":34,"column":null}}},"5":{"name":"(anonymous_6)","decl":{"start":{"line":36,"column":2},"end":{"line":36,"column":20}},"loc":{"start":{"line":36,"column":44},"end":{"line":40,"column":null}}},"6":{"name":"(anonymous_7)","decl":{"start":{"line":42,"column":2},"end":{"line":42,"column":14}},"loc":{"start":{"line":42,"column":66},"end":{"line":55,"column":null}}},"7":{"name":"(anonymous_8)","decl":{"start":{"line":57,"column":2},"end":{"line":57,"column":17}},"loc":{"start":{"line":57,"column":41},"end":{"line":65,"column":null}}},"8":{"name":"(anonymous_9)","decl":{"start":{"line":67,"column":2},"end":{"line":67,"column":24}},"loc":{"start":{"line":67,"column":65},"end":{"line":78,"column":null}}},"9":{"name":"(anonymous_10)","decl":{"start":{"line":80,"column":2},"end":{"line":80,"column":23}},"loc":{"start":{"line":80,"column":64},"end":{"line":89,"column":null}}},"10":{"name":"(anonymous_11)","decl":{"start":{"line":91,"column":2},"end":{"line":91,"column":20}},"loc":{"start":{"line":91,"column":44},"end":{"line":96,"column":null}}},"11":{"name":"(anonymous_12)","decl":{"start":{"line":98,"column":2},"end":{"line":98,"column":17}},"loc":{"start":{"line":98,"column":17},"end":{"line":100,"column":null}}}},"branchMap":{"0":{"loc":{"start":{"line":8,"column":14},"end":{"line":8,"column":46}},"type":"default-arg","locations":[{"start":{"line":8,"column":44},"end":{"line":8,"column":46}}]},"1":{"loc":{"start":{"line":12,"column":4},"end":{"line":16,"column":null}},"type":"if","locations":[{"start":{"line":12,"column":4},"end":{"line":16,"column":null}},{"start":{"line":14,"column":11},"end":{"line":16,"column":null}}]},"2":{"loc":{"start":{"line":12,"column":8},"end":{"line":12,"column":56}},"type":"binary-expr","locations":[{"start":{"line":12,"column":8},"end":{"line":12,"column":23}},{"start":{"line":12,"column":23},"end":{"line":12,"column":56}}]},"3":{"loc":{"start":{"line":14,"column":11},"end":{"line":16,"column":null}},"type":"if","locations":[{"start":{"line":14,"column":11},"end":{"line":16,"column":null}}]},"4":{"loc":{"start":{"line":24,"column":11},"end":{"line":24,"column":null}},"type":"binary-expr","locations":[{"start":{"line":24,"column":11},"end":{"line":24,"column":40}},{"start":{"line":24,"column":40},"end":{"line":24,"column":null}}]},"5":{"loc":{"start":{"line":28,"column":4},"end":{"line":28,"column":null}},"type":"if","locations":[{"start":{"line":28,"column":4},"end":{"line":28,"column":null}}]},"6":{"loc":{"start":{"line":29,"column":11},"end":{"line":29,"column":null}},"type":"binary-expr","locations":[{"start":{"line":29,"column":11},"end":{"line":29,"column":51}},{"start":{"line":29,"column":51},"end":{"line":29,"column":null}}]},"7":{"loc":{"start":{"line":33,"column":11},"end":{"line":33,"column":null}},"type":"binary-expr","locations":[{"start":{"line":33,"column":11},"end":{"line":33,"column":27}},{"start":{"line":33,"column":31},"end":{"line":33,"column":null}}]},"8":{"loc":{"start":{"line":37,"column":4},"end":{"line":37,"column":null}},"type":"if","locations":[{"start":{"line":37,"column":4},"end":{"line":37,"column":null}}]},"9":{"loc":{"start":{"line":51,"column":4},"end":{"line":53,"column":null}},"type":"if","locations":[{"start":{"line":51,"column":4},"end":{"line":53,"column":null}}]},"10":{"loc":{"start":{"line":58,"column":4},"end":{"line":58,"column":null}},"type":"if","locations":[{"start":{"line":58,"column":4},"end":{"line":58,"column":null}}]},"11":{"loc":{"start":{"line":60,"column":4},"end":{"line":63,"column":null}},"type":"if","locations":[{"start":{"line":60,"column":4},"end":{"line":63,"column":null}}]},"12":{"loc":{"start":{"line":62,"column":25},"end":{"line":62,"column":null}},"type":"cond-expr","locations":[{"start":{"line":62,"column":48},"end":{"line":62,"column":60}},{"start":{"line":62,"column":63},"end":{"line":62,"column":null}}]},"13":{"loc":{"start":{"line":69,"column":4},"end":{"line":69,"column":null}},"type":"if","locations":[{"start":{"line":69,"column":4},"end":{"line":69,"column":null}}]},"14":{"loc":{"start":{"line":82,"column":4},"end":{"line":82,"column":null}},"type":"if","locations":[{"start":{"line":82,"column":4},"end":{"line":82,"column":null}}]},"15":{"loc":{"start":{"line":93,"column":4},"end":{"line":93,"column":null}},"type":"if","locations":[{"start":{"line":93,"column":4},"end":{"line":93,"column":null}}]}},"s":{"0":25,"1":2,"2":25,"3":25,"4":25,"5":27,"6":25,"7":9,"8":16,"9":8,"10":5,"11":13,"12":9,"13":2,"14":7,"15":9,"16":6,"17":1,"18":5,"19":5,"20":2,"21":2,"22":2,"23":2,"24":2,"25":2,"26":2,"27":3,"28":1,"29":2,"30":2,"31":2,"32":2,"33":2,"34":3,"35":3,"36":1,"37":2,"38":2,"39":2,"40":1,"41":1,"42":0,"43":1,"44":1,"45":1,"46":1,"47":0,"48":1,"49":1,"50":4},"f":{"0":25,"1":5,"2":13,"3":9,"4":9,"5":6,"6":2,"7":3,"8":3,"9":1,"10":1,"11":4},"b":{"0":[7],"1":[9,16],"2":[25,10],"3":[8],"4":[13,3],"5":[2],"6":[7,0],"7":[9,1],"8":[1],"9":[2],"10":[1],"11":[2],"12":[2,0],"13":[1],"14":[0],"15":[0]}}
,"/Users/kennethkwok/Documents/Nicole/SteamPlatForm-main/lib/editor/document-templates.ts": {"path":"/Users/kennethkwok/Documents/Nicole/SteamPlatForm-main/lib/editor/document-templates.ts","statementMap":{"0":{"start":{"line":14,"column":13},"end":{"line":14,"column":68}},"1":{"start":{"line":14,"column":68},"end":{"line":112,"column":null}}},"fnMap":{},"branchMap":{},"s":{"0":0,"1":0},"f":{},"b":{}}
,"/Users/kennethkwok/Documents/Nicole/SteamPlatForm-main/lib/editor/parser.ts": {"path":"/Users/kennethkwok/Documents/Nicole/SteamPlatForm-main/lib/editor/parser.ts","statementMap":{"0":{"start":{"line":187,"column":16},"end":{"line":187,"column":null}},"1":{"start":{"line":154,"column":16},"end":{"line":154,"column":33}},"2":{"start":{"line":219,"column":16},"end":{"line":219,"column":28}},"3":{"start":{"line":147,"column":16},"end":{"line":147,"column":30}},"4":{"start":{"line":181,"column":16},"end":{"line":181,"column":35}},"5":{"start":{"line":1,"column":24},"end":{"line":1,"column":null}},"6":{"start":{"line":2,"column":24},"end":{"line":2,"column":null}},"7":{"start":{"line":7,"column":19},"end":{"line":7,"column":null}},"8":{"start":{"line":10,"column":2},"end":{"line":10,"column":null}},"9":{"start":{"line":14,"column":14},"end":{"line":14,"column":27}},"10":{"start":{"line":15,"column":2},"end":{"line":18,"column":null}},"11":{"start":{"line":22,"column":2},"end":{"line":22,"column":null}},"12":{"start":{"line":22,"column":23},"end":{"line":22,"column":null}},"13":{"start":{"line":23,"column":2},"end":{"line":25,"column":null}},"14":{"start":{"line":24,"column":4},"end":{"line":24,"column":null}},"15":{"start":{"line":26,"column":2},"end":{"line":26,"column":null}},"16":{"start":{"line":30,"column":26},"end":{"line":30,"column":28}},"17":{"start":{"line":31,"column":2},"end":{"line":63,"column":null}},"18":{"start":{"line":32,"column":4},"end":{"line":62,"column":null}},"19":{"start":{"line":33,"column":20},"end":{"line":33,"column":null}},"20":{"start":{"line":35,"column":34},"end":{"line":35,"column":36}},"21":{"start":{"line":36,"column":34},"end":{"line":36,"column":36}},"22":{"start":{"line":38,"column":6},"end":{"line":44,"column":null}},"23":{"start":{"line":39,"column":8},"end":{"line":43,"column":null}},"24":{"start":{"line":40,"column":10},"end":{"line":40,"column":null}},"25":{"start":{"line":42,"column":10},"end":{"line":42,"column":null}},"26":{"start":{"line":46,"column":6},"end":{"line":56,"column":null}},"27":{"start":{"line":47,"column":8},"end":{"line":55,"column":null}},"28":{"start":{"line":59,"column":6},"end":{"line":61,"column":null}},"29":{"start":{"line":60,"column":8},"end":{"line":60,"column":null}},"30":{"start":{"line":64,"column":2},"end":{"line":64,"column":null}},"31":{"start":{"line":68,"column":2},"end":{"line":68,"column":null}},"32":{"start":{"line":69,"column":26},"end":{"line":69,"column":28}},"33":{"start":{"line":71,"column":2},"end":{"line":140,"column":null}},"34":{"start":{"line":72,"column":18},"end":{"line":72,"column":null}},"35":{"start":{"line":74,"column":4},"end":{"line":139,"column":null}},"36":{"start":{"line":76,"column":24},"end":{"line":76,"column":null}},"37":{"start":{"line":77,"column":8},"end":{"line":85,"column":null}},"38":{"start":{"line":86,"column":8},"end":{"line":86,"column":null}},"39":{"start":{"line":90,"column":8},"end":{"line":97,"column":null}},"40":{"start":{"line":98,"column":8},"end":{"line":98,"column":null}},"41":{"start":{"line":102,"column":21},"end":{"line":102,"column":null}},"42":{"start":{"line":103,"column":21},"end":{"line":103,"column":null}},"43":{"start":{"line":104,"column":8},"end":{"line":111,"column":null}},"44":{"start":{"line":112,"column":8},"end":{"line":112,"column":null}},"45":{"start":{"line":116,"column":27},"end":{"line":116,"column":null}},"46":{"start":{"line":117,"column":8},"end":{"line":119,"column":null}},"47":{"start":{"line":118,"column":10},"end":{"line":118,"column":null}},"48":{"start":{"line":120,"column":8},"end":{"line":120,"column":null}},"49":{"start":{"line":121,"column":8},"end":{"line":121,"column":null}},"50":{"start":{"line":126,"column":8},"end":{"line":138,"column":null}},"51":{"start":{"line":127,"column":26},"end":{"line":127,"column":null}},"52":{"start":{"line":128,"column":10},"end":{"line":137,"column":null}},"53":{"start":{"line":129,"column":12},"end":{"line":136,"column":null}},"54":{"start":{"line":143,"column":2},"end":{"line":143,"column":null}},"55":{"start":{"line":143,"column":33},"end":{"line":143,"column":49}},"56":{"start":{"line":144,"column":2},"end":{"line":144,"column":null}},"57":{"start":{"line":148,"column":20},"end":{"line":148,"column":null}},"58":{"start":{"line":149,"column":14},"end":{"line":149,"column":null}},"59":{"start":{"line":150,"column":17},"end":{"line":150,"column":null}},"60":{"start":{"line":151,"column":2},"end":{"line":151,"column":null}},"61":{"start":{"line":155,"column":17},"end":{"line":155,"column":null}},"62":{"start":{"line":155,"column":44},"end":{"line":155,"column":61}},"63":{"start":{"line":156,"column":26},"end":{"line":156,"column":28}},"64":{"start":{"line":158,"column":2},"end":{"line":176,"column":null}},"65":{"start":{"line":159,"column":4},"end":{"line":174,"column":null}},"66":{"start":{"line":161,"column":8},"end":{"line":161,"column":null}},"67":{"start":{"line":162,"column":8},"end":{"line":162,"column":null}},"68":{"start":{"line":164,"column":8},"end":{"line":164,"column":null}},"69":{"start":{"line":165,"column":8},"end":{"line":165,"column":null}},"70":{"start":{"line":167,"column":8},"end":{"line":167,"column":null}},"71":{"start":{"line":168,"column":8},"end":{"line":168,"column":null}},"72":{"start":{"line":170,"column":23},"end":{"line":170,"column":null}},"73":{"start":{"line":171,"column":8},"end":{"line":171,"column":null}},"74":{"start":{"line":172,"column":8},"end":{"line":172,"column":null}},"75":{"start":{"line":175,"column":4},"end":{"line":175,"column":19}},"76":{"start":{"line":178,"column":2},"end":{"line":178,"column":null}},"77":{"start":{"line":182,"column":2},"end":{"line":183,"column":null}},"78":{"start":{"line":183,"column":4},"end":{"line":183,"column":null}},"79":{"start":{"line":194,"column":26},"end":{"line":200,"column":null}},"80":{"start":{"line":202,"column":2},"end":{"line":207,"column":null}},"81":{"start":{"line":204,"column":20},"end":{"line":204,"column":null}},"82":{"start":{"line":205,"column":4},"end":{"line":205,"column":null}},"83":{"start":{"line":205,"column":32},"end":{"line":205,"column":44}},"84":{"start":{"line":206,"column":4},"end":{"line":206,"column":null}},"85":{"start":{"line":209,"column":14},"end":{"line":209,"column":null}},"86":{"start":{"line":209,"column":36},"end":{"line":209,"column":null}},"87":{"start":{"line":210,"column":2},"end":{"line":212,"column":null}},"88":{"start":{"line":211,"column":4},"end":{"line":211,"column":null}},"89":{"start":{"line":214,"column":18},"end":{"line":214,"column":null}},"90":{"start":{"line":215,"column":2},"end":{"line":215,"column":null}},"91":{"start":{"line":215,"column":30},"end":{"line":215,"column":42}},"92":{"start":{"line":216,"column":2},"end":{"line":216,"column":null}},"93":{"start":{"line":220,"column":19},"end":{"line":220,"column":null}},"94":{"start":{"line":220,"column":38},"end":{"line":220,"column":null}},"95":{"start":{"line":221,"column":2},"end":{"line":221,"column":null}},"96":{"start":{"line":221,"column":31},"end":{"line":221,"column":43}},"97":{"start":{"line":222,"column":2},"end":{"line":222,"column":null}}},"fnMap":{"0":{"name":"generateBlockId","decl":{"start":{"line":9,"column":9},"end":{"line":9,"column":null}},"loc":{"start":{"line":9,"column":9},"end":{"line":11,"column":null}}},"1":{"name":"getNodeLines","decl":{"start":{"line":13,"column":9},"end":{"line":13,"column":22}},"loc":{"start":{"line":13,"column":35},"end":{"line":19,"column":null}}},"2":{"name":"extractTextContent","decl":{"start":{"line":21,"column":9},"end":{"line":21,"column":28}},"loc":{"start":{"line":21,"column":41},"end":{"line":27,"column":null}}},"3":{"name":"processListItems","decl":{"start":{"line":29,"column":9},"end":{"line":29,"column":26}},"loc":{"start":{"line":29,"column":55},"end":{"line":65,"column":null}}},"4":{"name":"astToBlocks","decl":{"start":{"line":67,"column":9},"end":{"line":67,"column":21}},"loc":{"start":{"line":67,"column":30},"end":{"line":145,"column":null}}},"5":{"name":"(anonymous_12)","decl":{"start":{"line":143,"column":17},"end":{"line":143,"column":18}},"loc":{"start":{"line":143,"column":25},"end":{"line":143,"column":null}}},"6":{"name":"parseMarkdown","decl":{"start":{"line":147,"column":16},"end":{"line":147,"column":30}},"loc":{"start":{"line":147,"column":46},"end":{"line":152,"column":null}}},"7":{"name":"blocksToMarkdown","decl":{"start":{"line":154,"column":16},"end":{"line":154,"column":33}},"loc":{"start":{"line":154,"column":48},"end":{"line":179,"column":null}}},"8":{"name":"(anonymous_15)","decl":{"start":{"line":155,"column":34},"end":{"line":155,"column":35}},"loc":{"start":{"line":155,"column":44},"end":{"line":155,"column":61}}},"9":{"name":"updateBlockContent","decl":{"start":{"line":181,"column":16},"end":{"line":181,"column":35}},"loc":{"start":{"line":181,"column":87},"end":{"line":185,"column":null}}},"10":{"name":"(anonymous_17)","decl":{"start":{"line":182,"column":20},"end":{"line":182,"column":null}},"loc":{"start":{"line":183,"column":4},"end":{"line":183,"column":null}}},"11":{"name":"addBlock","decl":{"start":{"line":187,"column":16},"end":{"line":187,"column":null}},"loc":{"start":{"line":192,"column":16},"end":{"line":217,"column":null}}},"12":{"name":"(anonymous_19)","decl":{"start":{"line":205,"column":20},"end":{"line":205,"column":21}},"loc":{"start":{"line":205,"column":24},"end":{"line":205,"column":null}}},"13":{"name":"(anonymous_20)","decl":{"start":{"line":209,"column":31},"end":{"line":209,"column":36}},"loc":{"start":{"line":209,"column":36},"end":{"line":209,"column":null}}},"14":{"name":"(anonymous_21)","decl":{"start":{"line":215,"column":18},"end":{"line":215,"column":19}},"loc":{"start":{"line":215,"column":22},"end":{"line":215,"column":null}}},"15":{"name":"deleteBlock","decl":{"start":{"line":219,"column":16},"end":{"line":219,"column":28}},"loc":{"start":{"line":219,"column":60},"end":{"line":223,"column":null}}},"16":{"name":"(anonymous_23)","decl":{"start":{"line":220,"column":33},"end":{"line":220,"column":38}},"loc":{"start":{"line":220,"column":38},"end":{"line":220,"column":null}}},"17":{"name":"(anonymous_24)","decl":{"start":{"line":221,"column":19},"end":{"line":221,"column":20}},"loc":{"start":{"line":221,"column":23},"end":{"line":221,"column":null}}}},"branchMap":{"0":{"loc":{"start":{"line":16,"column":11},"end":{"line":16,"column":null}},"type":"binary-expr","locations":[{"start":{"line":16,"column":11},"end":{"line":16,"column":31}},{"start":{"line":16,"column":31},"end":{"line":16,"column":null}}]},"1":{"loc":{"start":{"line":17,"column":9},"end":{"line":17,"column":null}},"type":"binary-expr","locations":[{"start":{"line":17,"column":9},"end":{"line":17,"column":27}},{"start":{"line":17,"column":27},"end":{"line":17,"column":null}}]},"2":{"loc":{"start":{"line":22,"column":2},"end":{"line":22,"column":null}},"type":"if","locations":[{"start":{"line":22,"column":2},"end":{"line":22,"column":null}}]},"3":{"loc":{"start":{"line":23,"column":2},"end":{"line":25,"column":null}},"type":"if","locations":[{"start":{"line":23,"column":2},"end":{"line":25,"column":null}}]},"4":{"loc":{"start":{"line":29,"column":38},"end":{"line":29,"column":55}},"type":"default-arg","locations":[{"start":{"line":29,"column":54},"end":{"line":29,"column":55}}]},"5":{"loc":{"start":{"line":32,"column":4},"end":{"line":62,"column":null}},"type":"if","locations":[{"start":{"line":32,"column":4},"end":{"line":62,"column":null}}]},"6":{"loc":{"start":{"line":39,"column":8},"end":{"line":43,"column":null}},"type":"if","locations":[{"start":{"line":39,"column":8},"end":{"line":43,"column":null}},{"start":{"line":41,"column":15},"end":{"line":43,"column":null}}]},"7":{"loc":{"start":{"line":46,"column":6},"end":{"line":56,"column":null}},"type":"if","locations":[{"start":{"line":46,"column":6},"end":{"line":56,"column":null}}]},"8":{"loc":{"start":{"line":74,"column":4},"end":{"line":139,"column":null}},"type":"switch","locations":[{"start":{"line":75,"column":6},"end":{"line":87,"column":null}},{"start":{"line":89,"column":6},"end":{"line":99,"column":null}},{"start":{"line":101,"column":6},"end":{"line":113,"column":null}},{"start":{"line":115,"column":6},"end":{"line":122,"column":null}},{"start":{"line":124,"column":6},"end":{"line":138,"column":null}}]},"9":{"loc":{"start":{"line":103,"column":21},"end":{"line":103,"column":null}},"type":"cond-expr","locations":[{"start":{"line":103,"column":33},"end":{"line":103,"column":55}},{"start":{"line":103,"column":58},"end":{"line":103,"column":null}}]},"
[...]
,"/Users/kennethkwok/Documents/Nicole/SteamPlatForm-main/lib/editor/tools/index.ts": {"path":"/Users/kennethkwok/Documents/Nicole/SteamPlatForm-main/lib/editor/tools/index.ts","statementMap":{"0":{"start":{"line":126,"column":16},"end":{"line":126,"column":35}},"1":{"start":{"line":172,"column":16},"end":{"line":172,"column":38}},"2":{"start":{"line":82,"column":16},"end":{"line":82,"column":37}},"3":{"start":{"line":208,"column":16},"end":{"line":208,"column":34}},"4":{"start":{"line":20,"column":16},"end":{"line":20,"column":37}},"5":{"start":{"line":219,"column":9},"end":{"line":219,"column":34}},"6":{"start":{"line":36,"column":16},"end":{"line":36,"column":37}},"7":{"start":{"line":219,"column":34},"end":{"line":219,"column":92}},"8":{"start":{"line":1,"column":38},"end":{"line":1,"column":null}},"9":{"start":{"line":2,"column":18},"end":{"line":2,"column":null}},"10":{"start":{"line":219,"column":92},"end":{"line":219,"column":null}},"11":{"start":{"line":7,"column":23},"end":{"line":7,"column":null}},"12":{"start":{"line":17,"column":2},"end":{"line":17,"column":null}},"13":{"start":{"line":21,"column":2},"end":{"line":33,"column":null}},"14":{"start":{"line":26,"column":6},"end":{"line":26,"column":null}},"15":{"start":{"line":27,"column":24},"end":{"line":27,"column":null}},"16":{"start":{"line":28,"column":24},"end":{"line":30,"column":null}},"17":{"start":{"line":29,"column":8},"end":{"line":29,"column":44}},"18":{"start":{"line":31,"column":6},"end":{"line":31,"column":null}},"19":{"start":{"line":37,"column":2},"end":{"line":79,"column":null}},"20":{"start":{"line":45,"column":18},"end":{"line":45,"column":null}},"21":{"start":{"line":46,"column":6},"end":{"line":46,"column":null}},"22":{"start":{"line":47,"column":6},"end":{"line":47,"column":null}},"23":{"start":{"line":49,"column":21},"end":{"line":75,"column":null}},"24":{"start":{"line":50,"column":23},"end":{"line":50,"column":null}},"25":{"start":{"line":51,"column":8},"end":{"line":53,"column":null}},"26":{"start":{"line":52,"column":10},"end":{"line":52,"column":null}},"27":{"start":{"line":56,"column":8},"end":{"line":62,"column":null}},"28":{"start":{"line":57,"column":25},"end":{"line":60,"column":null}},"29":{"start":{"line":58,"column":38},"end":{"line":58,"column":42}},"30":{"start":{"line":59,"column":37},"end":{"line":59,"column":41}},"31":{"start":{"line":61,"column":10},"end":{"line":61,"column":null}},"32":{"start":{"line":65,"column":24},"end":{"line":65,"column":104}},"33":{"start":{"line":67,"column":8},"end":{"line":74,"column":null}},"34":{"start":{"line":72,"column":63},"end":{"line":72,"column":113}},"35":{"start":{"line":73,"column":61},"end":{"line":73,"column":111}},"36":{"start":{"line":77,"column":6},"end":{"line":77,"column":null}},"37":{"start":{"line":83,"column":2},"end":{"line":123,"column":null}},"38":{"start":{"line":94,"column":20},"end":{"line":94,"column":null}},"39":{"start":{"line":96,"column":22},"end":{"line":119,"column":null}},"40":{"start":{"line":97,"column":22},"end":{"line":97,"column":null}},"41":{"start":{"line":98,"column":8},"end":{"line":100,"column":null}},"42":{"start":{"line":99,"column":10},"end":{"line":99,"column":null}},"43":{"start":{"line":103,"column":27},"end":{"line":103,"column":null}},"44":{"start":{"line":104,"column":8},"end":{"line":106,"column":null}},"45":{"start":{"line":105,"column":10},"end":{"line":105,"column":null}},"46":{"start":{"line":108,"column":34},"end":{"line":115,"column":null}},"47":{"start":{"line":116,"column":8},"end":{"line":116,"column":null}},"48":{"start":{"line":117,"column":8},"end":{"line":117,"column":null}},"49":{"start":{"line":118,"column":8},"end":{"line":118,"column":null}},"50":{"start":{"line":121,"column":6},"end":{"line":121,"column":null}},"51":{"start":{"line":127,"column":2},"end":{"line":169,"column":null}},"52":{"start":{"line":139,"column":6},"end":{"line":141,"column":null}},"53":{"start":{"line":140,"column":8},"end":{"line":140,"column":null}},"54":{"start":{"line":143,"column":20},"end":{"line":143,"column":null}},"55":{"start":{"line":144,"column":6},"end":{"line":146,"column":null}},"56":{"start":{"line":145,"column":8},"end":{"line":145,"column":null}},"57":{"start":{"line":148,"column":6},"end":{"line":153,"column":null}},"58":{"start":{"line":149,"column":22},"end":{"line":149,"column":null}},"59":{"start":{"line":150,"column":8},"end":{"line":152,"column":null}},"60":{"start":{"line":151,"column":10},"end":{"line":151,"column":null}},"61":{"start":{"line":155,"column":32},"end":{"line":162,"column":null}},"62":{"start":{"line":164,"column":6},"end":{"line":164,"column":null}},"63":{"start":{"line":165,"column":6},"end":{"line":165,"column":null}},"64":{"start":{"line":167,"column":6},"end":{"line":167,"column":null}},"65":{"start":{"line":173,"column":2},"end":{"line":205,"column":null}},"66":{"start":{"line":181,"column":20},"end":{"line":181,"column":null}},"67":{"start":{"line":182,"column":6},"end":{"line":184,"column":null}},"68":{"start":{"line":183,"column":8},"end":{"line":183,"column":null}},"69":{"start":{"line":186,"column":20},"end":{"line":186,"column":null}},"70":{"start":{"line":187,"column":6},"end":{"line":189,"column":null}},"71":{"start":{"line":188,"column":8},"end":{"line":188,"column":null}},"72":{"start":{"line":191,"column":32},"end":{"line":198,"column":null}},"73":{"start":{"line":200,"column":6},"end":{"line":200,"column":null}},"74":{"start":{"line":201,"column":6},"end":{"line":201,"column":null}},"75":{"start":{"line":203,"column":6},"end":{"line":203,"column":null}},"76":{"start":{"line":209,"column":2},"end":{"line":215,"column":null}}},"fnMap":{"0":{"name":"generateDiffId","decl":{"start":{"line":16,"column":9},"end":{"line":16,"column":null}},"loc":{"start":{"line":16,"column":9},"end":{"line":18,"column":null}}},"1":{"name":"createListBlocksTool","decl":{"start":{"line":20,"column":16},"end":{"line":20,"column":37}},"loc":{"start":{"line":20,"column":53},"end":{"line":34,"column":null}}},"2":{"name":"(anonymous_11)","decl":{"start":{"line":25,"column":10},"end":{"line":25,"column":null}},"loc":{"start":{"line":25,"column":10},"end":{"line":32,"column":null}}},"3":{"name":"(anonymous_12)","decl":{"start":{"line":28,"column":38},"end":{"line":28,"column":null}},"loc":{"start":{"line":29,"column":8},"end":{"line":29,"column":44}}},"4":{"name":"createReadBlocksTool","decl":{"start":{"line":36,"column":16},"end":{"line":36,"column":37}},"loc":{"start":{"line":36,"column":53},"end":{"line":80,"column":null}}},"5":{"name":"(anonymous_14)","decl":{"start":{"line":44,"column":10},"end":{"line":44,"column":17}},"loc":{"start":{"line":44,"column":42},"end":{"line":78,"column":null}}},"6":{"name":"(anonymous_15)","decl":{"start":{"line":49,"column":29},"end":{"line":49,"column":30}},"loc":{"start":{"line":49,"column":30},"end":{"line":75,"column":null}}},"7":{"name":"(anonymous_16)","decl":{"start":{"line":58,"column":33},"end":{"line":58,"column":38}},"loc":{"start":{"line":58,"column":38},"end":{"line":58,"column":42}}},"8":{"name":"(anonymous_17)","decl":{"start":{"line":59,"column":32},"end":{"line":59,"column":37}},"loc":{"start":{"line":59,"column":37},"end":{"line":59,"column":41}}},"9":{"name":"(anonymous_18)","decl":{"start":{"line":72,"column":57},"end":{"line":72,"column":63}},"loc":{"start":{"line":72,"column":63},"end":{"line":72,"column":113}}},"10":{"name":"(anonymous_19)","decl":{"start":{"line":73,"column":55},"end":{"line":73,"column":61}},"loc":{"start":{"line":73,"column":61},"end":{"line":73,"column":111}}},"11":{"name":"createEditBlocksTool","decl":{"start":{"line":82,"column":16},"end":{"line":82,"column":37}},"loc":{"start":{"line":82,"column":53},"end":{"line":124,"column":null}}},"12":{"name":"(anonymous_21)","decl":{"start":{"line":93,"column":10},"end":{"line":93,"column":17}},"loc":{"start":{"line":93,"column":26},"end":{"line":122,"column":null}}},"13":{"name":"(anonymous_22)","decl":{"start":{"line":96,"column":32},"end":{"line":96,"column":33}},"loc":{"start":{"line":96,"column":33},"end":{"line":119,"column":null}}},"14":{"name":"createAddBlockTool","decl":{"start":{"line":126,"column":16},"end":{"line":126,"column":35}},"loc":{"start":{"line":126,"column":51},"end":{"line":170,"column":null}}},"15":{"name":"(anonymous_24)","decl":{"start":{"line":137,"column":10},"end":{"line":137,"column":17}},"loc":{"start":{"line":137,"column":63},"end":{"line":168,"column":null}}},"16":{"name":"createDeleteBlockTool","decl":{"start":{"line":172,"column":16},"end":{"line":172,"column":38}},"loc":{"start":{"line":172,"column":54},"end":{"line":206,"column":null}}},"17":{"name":"(anonymous_26)","decl":{"start":{"line":180,"column":10},"end":{"line":180,"column":17}},"loc":{"start":{"line":180,"column":36},"end":{"line":204,"column":null}}},"18":{"name":"createEditorTools","decl":{"start":{"line":208,"column":16},"end":{"line":208,"column":34}},"loc":{"start":{"line":208,"column":50},"end":{"line":216,"column":null}}}},"branchMap":{"0":{"loc":{"start":{"line":51,"column":8},"end":{"line":53,"column":null}},"type":"if","locations":[{"start":{"line":51,"column":8},"end":{"line":53,"column":null}}]},"1":{"loc":{"start":{"line":56,"column":8},"end":{"line":62,"column":null}},"type":"if","locations":[{"start":{"line":56,"column":8},"end":{"line":62,"column":null}}]},"2":{"loc":{"start":{"line":65,"column":24},"end":{"line":65,"column":104}},"type":"binary-expr","locations":[{"start":{"line":65,"column":24},"end":{"line":65,"column":84}},{"start":{"line":65,"column":84},"end":{"line":65,"column":104}}]},"3":{"loc":{"start":{"line":72,"column":25},"end":{"line":72,"column":null}},"type":"cond-expr","locations":[{"start":{"line":72,"column":39},"end":{"line":72,"column":113}},{"start":{"line":72,"column":113},"end":{"line":72,"column":null}}]},"4":{"loc":{"start":{"line":73,"column":24},"end":{"line":73,"column":null}},"type":"cond-expr","locations":[{"start":{"line":73,"column":38},"end":{"line":73,"column":111}},{"start":{"line":73,"column":111},"end":{"line":73,"column":null}}]},"5":{"loc":{"start":{"line":98,"column":8},"end":{"line":100,"column":null}},"type":"if","locations":[{"start":{"line":98,"column":8},"end":{"line":100,"column":null}}]},"6":{"loc":{"start":{"line":104,"column":8},"end":{"line":106,"column":null}},"type":"if","locations":[{"start":{"line":104,"column":8},"end":{"line":106,"column":null}}]},"7":{"loc":{"start":{"line":139,"column":6},"end":{"line":141,"column":null}},"type":"if","locations":[{"start":{"line":139,"column":6},"end":{"line":141,"column":null}}]},"8":{"loc":{"start":{"line":144,"column":6},"end":{"line":146,"column":null}},"type":"if","locations":[{"start":{"line":144,"column":6},"end":{"line":146,"column":null}}]},"9":{"loc":{"start":{"line":148,"column":6},"end":{"line":153,"column":null}},"type":"if","locations":[{"start":{"line":148,"column":6},"end":{"line":153,"column":null}}]},"10":{"loc":{"start":{"line":150,"column":8},"end":{"line":152,"column":null}},"type":"if","locations":[{"start":{"line":150,"column":8},"end":{"line":152,"column":null}}]},"11":{"loc":{"start":{"line":157,"column":17},"end":{"line":157,"column":null}},"type":"binary-expr","locations":[{"start":{"line":157,"column":17},"end":{"line":157,"column":33}},{"start":{"line":157,"column":33},"end":{"line":157,"column":null}}]},"12":{"loc":{"start":{"line":167,"column":42},"end":{"line":167,"column":66}},"type":"binary-expr","locations":[{"start":{"line":167,"column":42},"end":{"line":167,"column":58}},{"start":{"line":167,"column":58},"end":{"line":167,"column":66}}]},"13":{"loc":{"start":{"line":182,"column":6},"end":{"line":184,"column":null}},"type":"if","locations":[{"start":{"line":182,"column":6},"end":{"line":184,"column":null}}]},"14":{"loc":{"start":{"line":187,"column":6},"end":{"line":189,"column":null}},"type":"if","locations":[{"start":{"line":187,"column":6},"end":{"line":189,"column":null}}]}},"s":{"0":5,"1":3,"2":12,"3":3,"4":2,"5":0,"6":11,"7":0,"8":3,"9":3,"10":3,"11":3,"12":39,"13":5,"14":2,"15":2,"16":2,"17":6,"18":2,"19":14,"20":11,"21":11,"22":11,"23":11,"24":41,"25":41,"26":2,"27":39,"28":3,"29":3,"30":3,"31":3,"32":39,"33":39,"34":3,"35":3,"36":11,"37":15,"38":12,"39":12,"40":42,"41":42,"42":4,"43":38,"44":38,"45":2,"46":36,"47":36,"48":36,"49":36,"50":12,"51":8,"52":5,"53":1,"54":4,"55":4,"56":1,"57":3,"58":2,"59":2,"60":1,"61":2,"62":2,"63":2,"64":2,"65":6,"66":3,"67":3,"68":1,"69":2,"70":2,"71":1,"72":1,"73":1,"74":1,"75":1,"76":3},"f":{"0":39,"1":5,"2":2,"3":6,"4":14,"5":11,"6":41,"7":3,"8":3,"9":3,"10":3,"11":15,"12":12,"13":42,"14":8,"15":5,"16":6,"17":3,"18":3},"b":{"0":[2],"1":[3],"2":[39,0],"3":[3,36],"4":[3,36],"5":[4],"6":[2],"7":[1],"8":[1],"9":[2],"10":[1],"11":[2,1],"12":[2,1],"13":[1],"14":[1]}}
,"/Users/kennethkwok/Documents/Nicole/SteamPlatForm-main/lib/editor/tools/middleware.ts": {"path":"/Users/kennethkwok/Documents/Nicole/SteamPlatForm-main/lib/editor/tools/middleware.ts","statementMap":{"0":{"start":{"line":4,"column":13},"end":{"line":4,"column":null}},"1":{"start":{"line":9,"column":4},"end":{"line":9,"column":null}},"2":{"start":{"line":13,"column":4},"end":{"line":13,"column":null}},"3":{"start":{"line":17,"column":4},"end":{"line":19,"column":null}},"4":{"start":{"line":18,"column":6},"end":{"line":18,"column":null}},"5":{"start":{"line":23,"column":4},"end":{"line":23,"column":null}},"6":{"start":{"line":27,"column":4},"end":{"line":27,"column":null}},"7":{"start":{"line":31,"column":4},"end":{"line":31,"column":null}},"8":{"start":{"line":31,"column":32},"end":{"line":31,"column":null}},"9":{"start":{"line":35,"column":4},"end":{"line":40,"column":null}},"10":{"start":{"line":36,"column":6},"end":{"line":39,"column":null}},"11":{"start":{"line":41,"column":4},"end":{"line":46,"column":null}},"12":{"start":{"line":42,"column":6},"end":{"line":45,"column":null}},"13":{"start":{"line":47,"column":4},"end":{"line":47,"column":null}},"14":{"start":{"line":51,"column":19},"end":{"line":51,"column":null}},"15":{"start":{"line":52,"column":4},"end":{"line":57,"column":null}},"16":{"start":{"line":53,"column":6},"end":{"line":55,"column":null}},"17":{"start":{"line":54,"column":8},"end":{"line":54,"column":null}},"18":{"start":{"line":56,"column":6},"end":{"line":56,"column":null}},"19":{"start":{"line":58,"column":4},"end":{"line":62,"column":null}},"20":{"start":{"line":59,"column":6},"end":{"line":61,"column":null}},"21":{"start":{"line":60,"column":8},"end":{"line":60,"column":null}},"22":{"start":{"line":63,"column":4},"end":{"line":63,"column":null}},"23":{"start":{"line":67,"column":4},"end":{"line":67,"column":null}},"24":{"start":{"line":71,"column":4},"end":{"line":76,"column":null}},"25":{"start":{"line":72,"column":6},"end":{"line":75,"column":null}},"26":{"start":{"line":77,"column":4},"end":{"line":77,"column":null}},"27":{"start":{"line":81,"column":4},"end":{"line":81,"column":null}},"28":{"start":{"line":82,"column":4},"end":{"line":82,"column":null}},"29":{"start":{"line":87,"column":4},"end":{"line":87,"column":null}},"30":{"start":{"line":88,"column":4},"end":{"line":88,"column":null}},"31":{"start":{"line":5,"column":10},"end":{"line":5,"column":null}},"32":{"start":{"line":6,"column":10},"end":{"line":6,"column":null}}},"fnMap":{"0":{"name":"(anonymous_1)","decl":{"start":{"line":8,"column":2},"end":{"line":8,"column":27}},"loc":{"start":{"line":8,"column":27},"end":{"line":10,"column":null}}},"1":{"name":"(anonymous_2)","decl":{"start":{"line":12,"column":2},"end":{"line":12,"column":16}},"loc":{"start":{"line":12,"column":39},"end":{"line":14,"column":null}}},"2":{"name":"(anonymous_3)","decl":{"start":{"line":16,"column":2},"end":{"line":16,"column":17}},"loc":{"start":{"line":16,"column":43},"end":{"line":20,"column":null}}},"3":{"name":"(anonymous_4)","decl":{"start":{"line":22,"column":2},"end":{"line":22,"column":29}},"loc":{"start":{"line":22,"column":29},"end":{"line":24,"column":null}}},"4":{"name":"(anonymous_5)","decl":{"start":{"line":26,"column":2},"end":{"line":26,"column":15}},"loc":{"start":{"line":26,"column":41},"end":{"line":28,"column":null}}},"5":{"name":"(anonymous_6)","decl":{"start":{"line":30,"column":2},"end":{"line":30,"column":16}},"loc":{"start":{"line":30,"column":45},"end":{"line":32,"column":null}}},"6":{"name":"(anonymous_7)","decl":{"start":{"line":31,"column":26},"end":{"line":31,"column":32}},"loc":{"start":{"line":31,"column":32},"end":{"line":31,"column":null}}},"7":{"name":"(anonymous_8)","decl":{"start":{"line":34,"column":2},"end":{"line":34,"column":10}},"loc":{"start":{"line":34,"column":65},"end":{"line":48,"column":null}}},"8":{"name":"(anonymous_9)","decl":{"start":{"line":50,"column":2},"end":{"line":50,"column":16}},"loc":{"start":{"line":50,"column":87},"end":{"line":64,"column":null}}},"9":{"name":"(anonymous_10)","decl":{"start":{"line":66,"column":2},"end":{"line":66,"column":12}},"loc":{"start":{"line":66,"column":67},"end":{"line":68,"column":null}}},"10":{"name":"(anonymous_11)","decl":{"start":{"line":70,"column":2},"end":{"line":70,"column":49}},"loc":{"start":{"line":70,"column":49},"end":{"line":78,"column":null}}},"11":{"name":"(anonymous_12)","decl":{"start":{"line":80,"column":2},"end":{"line":80,"column":16}},"loc":{"start":{"line":80,"column":16},"end":{"line":83,"column":null}}},"12":{"name":"(anonymous_13)","decl":{"start":{"line":86,"column":2},"end":{"line":86,"column":27}},"loc":{"start":{"line":86,"column":27},"end":{"line":89,"column":null}}}},"branchMap":{"0":{"loc":{"start":{"line":35,"column":4},"end":{"line":40,"column":null}},"type":"if","locations":[{"start":{"line":35,"column":4},"end":{"line":40,"column":null}}]},"1":{"loc":{"start":{"line":41,"column":4},"end":{"line":46,"column":null}},"type":"if","locations":[{"start":{"line":41,"column":4},"end":{"line":46,"column":null}}]},"2":{"loc":{"start":{"line":52,"column":4},"end":{"line":57,"column":null}},"type":"if","locations":[{"start":{"line":52,"column":4},"end":{"line":57,"column":null}}]},"3":{"loc":{"start":{"line":59,"column":6},"end":{"line":61,"column":null}},"type":"if","locations":[{"start":{"line":59,"column":6},"end":{"line":61,"column":null}}]},"4":{"loc":{"start":{"line":71,"column":4},"end":{"line":76,"column":null}},"type":"if","locations":[{"start":{"line":71,"column":4},"end":{"line":76,"column":null}}]}},"s":{"0":74,"1":46,"2":15,"3":30,"4":109,"5":10,"6":24,"7":5,"8":8,"9":49,"10":2,"11":47,"12":5,"13":42,"14":7,"15":7,"16":2,"17":4,"18":2,"19":5,"20":9,"21":4,"22":5,"23":4,"24":6,"25":2,"26":4,"27":6,"28":6,"29":2,"30":2,"31":74,"32":74},"f":{"0":46,"1":15,"2":30,"3":10,"4":24,"5":5,"6":8,"7":49,"8":7,"9":4,"10":6,"11":6,"12":2},"b":{"0":[2],"1":[5],"2":[2],"3":[4],"4":[2]}}
}
