{"/Users/kennethkwok/Documents/Nicole/SteamPlatForm-main/components/markdown-editor.tsx": {"path":"/Users/kennethkwok/Documents/Nicole/SteamPlatForm-main/components/markdown-editor.tsx","statementMap":{"0":{"start":{"line":144,"column":16},"end":{"line":144,"column":31}},"1":{"start":{"line":3,"column":53},"end":{"line":3,"column":null}},"2":{"start":{"line":4,"column":26},"end":{"line":4,"column":null}},"3":{"start":{"line":5,"column":22},"end":{"line":5,"column":null}},"4":{"start":{"line":6,"column":22},"end":{"line":6,"column":null}},"5":{"start":{"line":7,"column":31},"end":{"line":7,"column":null}},"6":{"start":{"line":8,"column":19},"end":{"line":8,"column":null}},"7":{"start":{"line":9,"column":96},"end":{"line":9,"column":null}},"8":{"start":{"line":10,"column":23},"end":{"line":10,"column":null}},"9":{"start":{"line":11,"column":30},"end":{"line":11,"column":null}},"10":{"start":{"line":14,"column":33},"end":{"line":14,"column":null}},"11":{"start":{"line":34,"column":30},"end":{"line":34,"column":null}},"12":{"start":{"line":38,"column":23},"end":{"line":38,"column":null}},"13":{"start":{"line":62,"column":2},"end":{"line":62,"column":null}},"14":{"start":{"line":62,"column":26},"end":{"line":62,"column":null}},"15":{"start":{"line":85,"column":10},"end":{"line":85,"column":29}},"16":{"start":{"line":91,"column":87},"end":{"line":91,"column":null}},"17":{"start":{"line":94,"column":87},"end":{"line":94,"column":null}},"18":{"start":{"line":107,"column":20},"end":{"line":112,"column":null}},"19":{"start":{"line":108,"column":37},"end":{"line":108,"column":null}},"20":{"start":{"line":109,"column":22},"end":{"line":109,"column":null}},"21":{"start":{"line":111,"column":22},"end":{"line":111,"column":null}},"22":{"start":{"line":119,"column":18},"end":{"line":120,"column":null}},"23":{"start":{"line":145,"column":34},"end":{"line":145,"column":null}},"24":{"start":{"line":146,"column":30},"end":{"line":146,"column":null}},"25":{"start":{"line":147,"column":34},"end":{"line":147,"column":null}},"26":{"start":{"line":148,"column":26},"end":{"line":148,"column":null}},"27":{"start":{"line":151,"column":2},"end":{"line":255,"column":null}},"28":{"start":{"line":152,"column":4},"end":{"line":152,"column":null}},"29":{"start":{"line":152,"column":19},"end":{"line":152,"column":null}},"30":{"start":{"line":153,"column":4},"end":{"line":158,"column":null}},"31":{"start":{"line":154,"column":6},"end":{"line":154,"column":null}},"32":{"start":{"line":155,"column":6},"end":{"line":155,"column":null}},"33":{"start":{"line":156,"column":6},"end":{"line":156,"column":null}},"34":{"start":{"line":157,"column":6},"end":{"line":157,"column":null}},"35":{"start":{"line":161,"column":4},"end":{"line":163,"column":null}},"36":{"start":{"line":162,"column":6},"end":{"line":162,"column":null}},"37":{"start":{"line":164,"column":4},"end":{"line":248,"column":12}},"38":{"start":{"line":165,"column":20},"end":{"line":165,"column":null}},"39":{"start":{"line":166,"column":30},"end":{"line":166,"column":32}},"40":{"start":{"line":167,"column":33},"end":{"line":167,"column":35}},"41":{"start":{"line":168,"column":36},"end":{"line":168,"column":null}},"42":{"start":{"line":169,"column":65},"end":{"line":169,"column":null}},"43":{"start":{"line":170,"column":34},"end":{"line":170,"column":36}},"44":{"start":{"line":172,"column":4},"end":{"line":203,"column":null}},"45":{"start":{"line":174,"column":6},"end":{"line":202,"column":null}},"46":{"start":{"line":176,"column":8},"end":{"line":179,"column":null}},"47":{"start":{"line":177,"column":10},"end":{"line":177,"column":null}},"48":{"start":{"line":178,"column":10},"end":{"line":178,"column":null}},"49":{"start":{"line":181,"column":8},"end":{"line":184,"column":null}},"50":{"start":{"line":182,"column":10},"end":{"line":182,"column":null}},"51":{"start":{"line":183,"column":10},"end":{"line":183,"column":null}},"52":{"start":{"line":185,"column":8},"end":{"line":185,"column":null}},"53":{"start":{"line":186,"column":8},"end":{"line":186,"column":null}},"54":{"start":{"line":187,"column":13},"end":{"line":202,"column":null}},"55":{"start":{"line":189,"column":8},"end":{"line":194,"column":null}},"56":{"start":{"line":190,"column":10},"end":{"line":190,"column":null}},"57":{"start":{"line":191,"column":15},"end":{"line":194,"column":null}},"58":{"start":{"line":192,"column":10},"end":{"line":192,"column":null}},"59":{"start":{"line":193,"column":10},"end":{"line":193,"column":null}},"60":{"start":{"line":195,"column":8},"end":{"line":195,"column":null}},"61":{"start":{"line":196,"column":13},"end":{"line":202,"column":null}},"62":{"start":{"line":197,"column":8},"end":{"line":197,"column":null}},"63":{"start":{"line":198,"column":13},"end":{"line":202,"column":null}},"64":{"start":{"line":199,"column":8},"end":{"line":199,"column":null}},"65":{"start":{"line":201,"column":8},"end":{"line":201,"column":null}},"66":{"start":{"line":206,"column":4},"end":{"line":210,"column":null}},"67":{"start":{"line":207,"column":6},"end":{"line":207,"column":null}},"68":{"start":{"line":208,"column":11},"end":{"line":210,"column":null}},"69":{"start":{"line":209,"column":6},"end":{"line":209,"column":null}},"70":{"start":{"line":211,"column":4},"end":{"line":213,"column":null}},"71":{"start":{"line":212,"column":6},"end":{"line":212,"column":null}},"72":{"start":{"line":216,"column":4},"end":{"line":247,"column":null}},"73":{"start":{"line":217,"column":6},"end":{"line":217,"column":null}},"74":{"start":{"line":218,"column":6},"end":{"line":218,"column":null}},"75":{"start":{"line":219,"column":6},"end":{"line":219,"column":null}},"76":{"start":{"line":222,"column":59},"end":{"line":222,"column":61}},"77":{"start":{"line":223,"column":34},"end":{"line":223,"column":36}},"78":{"start":{"line":224,"column":72},"end":{"line":224,"column":null}},"79":{"start":{"line":226,"column":6},"end":{"line":239,"column":null}},"80":{"start":{"line":227,"column":8},"end":{"line":238,"column":null}},"81":{"start":{"line":228,"column":10},"end":{"line":232,"column":null}},"82":{"start":{"line":229,"column":12},"end":{"line":229,"column":null}},"83":{"start":{"line":231,"column":12},"end":{"line":231,"column":null}},"84":{"start":{"line":233,"column":10},"end":{"line":233,"column":null}},"85":{"start":{"line":234,"column":15},"end":{"line":238,"column":null}},"86":{"start":{"line":235,"column":10},"end":{"line":235,"column":null}},"87":{"start":{"line":237,"column":10},"end":{"line":237,"column":null}},"88":{"start":{"line":240,"column":6},"end":{"line":244,"column":null}},"89":{"start":{"line":241,"column":8},"end":{"line":241,"column":null}},"90":{"start":{"line":243,"column":8},"end":{"line":243,"column":null}},"91":{"start":{"line":245,"column":6},"end":{"line":245,"column":null}},"92":{"start":{"line":246,"column":6},"end":{"line":246,"column":null}},"93":{"start":{"line":250,"column":4},"end":{"line":254,"column":null}},"94":{"start":{"line":251,"column":6},"end":{"line":253,"column":null}},"95":{"start":{"line":252,"column":8},"end":{"line":252,"column":null}},"96":{"start":{"line":257,"column":29},"end":{"line":279,"column":null}},"97":{"start":{"line":257,"column":44},"end":{"line":279,"column":6}},"98":{"start":{"line":266,"column":20},"end":{"line":266,"column":null}},"99":{"start":{"line":267,"column":6},"end":{"line":269,"column":null}},"100":{"start":{"line":273,"column":20},"end":{"line":273,"column":null}},"101":{"start":{"line":274,"column":6},"end":{"line":276,"column":null}},"102":{"start":{"line":303,"column":16},"end":{"line":303,"column":null}},"103":{"start":{"line":304,"column":16},"end":{"line":304,"column":null}},"104":{"start":{"line":337,"column":16},"end":{"line":337,"column":53}},"105":{"start":{"line":344,"column":20},"end":{"line":344,"column":63}},"106":{"start":{"line":354,"column":16},"end":{"line":354,"column":44}}},"fnMap":{"0":{"name":"CollapsibleSection","decl":{"start":{"line":33,"column":9},"end":{"line":33,"column":28}},"loc":{"start":{"line":33,"column":136},"end":{"line":47,"column":null}}},"1":{"name":"(anonymous_3)","decl":{"start":{"line":38,"column":17},"end":{"line":38,"column":23}},"loc":{"start":{"line":38,"column":23},"end":{"line":38,"column":null}}},"2":{"name":"DiffHighlightPanel","decl":{"start":{"line":49,"column":9},"end":{"line":49,"column":28}},"loc":{"start":{"line":61,"column":1},"end":{"line":136,"column":null}}},"3":{"name":"(anonymous_5)","decl":{"start":{"line":84,"column":19},"end":{"line":84,"column":20}},"loc":{"start":{"line":85,"column":10},"end":{"line":85,"column":29}}},"4":{"name":"(anonymous_6)","decl":{"start":{"line":91,"column":81},"end":{"line":91,"column":87}},"loc":{"start":{"line":91,"column":87},"end":{"line":91,"column":null}}},"5":{"name":"(anonymous_7)","decl":{"start":{"line":94,"column":81},"end":{"line":94,"column":87}},"loc":{"start":{"line":94,"column":87},"end":{"line":94,"column":null}}},"6":{"name":"(anonymous_8)","decl":{"start":{"line":106,"column":20},"end":{"line":106,"column":null}},"loc":{"start":{"line":106,"column":20},"end":{"line":113,"column":null}}},"7":{"name":"(anonymous_9)","decl":{"start":{"line":118,"column":72},"end":{"line":118,"column":73}},"loc":{"start":{"line":119,"column":18},"end":{"line":120,"column":null}}},"8":{"name":"MarkdownEditor","decl":{"start":{"line":144,"column":16},"end":{"line":144,"column":31}},"loc":{"start":{"line":144,"column":237},"end":{"line":366,"column":null}}},"9":{"name":"(anonymous_11)","decl":{"start":{"line":151,"column":12},"end":{"line":151,"column":null}},"loc":{"start":{"line":151,"column":12},"end":{"line":255,"column":5}}},"10":{"name":"(anonymous_12)","decl":{"start":{"line":164,"column":41},"end":{"line":164,"column":null}},"loc":{"start":{"line":164,"column":41},"end":{"line":248,"column":7}}},"11":{"name":"(anonymous_13)","decl":{"start":{"line":250,"column":11},"end":{"line":250,"column":null}},"loc":{"start":{"line":250,"column":11},"end":{"line":254,"column":null}}},"12":{"name":"(anonymous_14)","decl":{"start":{"line":257,"column":37},"end":{"line":257,"column":44}},"loc":{"start":{"line":257,"column":44},"end":{"line":279,"column":6}}},"13":{"name":"(anonymous_22)","decl":{"start":{"line":265,"column":10},"end":{"line":265,"column":11}},"loc":{"start":{"line":265,"column":86},"end":{"line":271,"column":null}}},"14":{"name":"(anonymous_23)","decl":{"start":{"line":272,"column":9},"end":{"line":272,"column":10}},"loc":{"start":{"line":272,"column":54},"end":{"line":278,"column":null}}},"15":{"name":"(anonymous_24)","decl":{"start":{"line":302,"column":27},"end":{"line":302,"column":28}},"loc":{"start":{"line":302,"column":28},"end":{"line":305,"column":null}}},"16":{"name":"(anonymous_25)","decl":{"start":{"line":336,"column":27},"end":{"line":336,"column":28}},"loc":{"start":{"line":337,"column":16},"end":{"line":337,"column":53}}},"17":{"name":"(anonymous_26)","decl":{"start":{"line":343,"column":38},"end":{"line":343,"column":39}},"loc":{"start":{"line":344,"column":20},"end":{"line":344,"column":63}}},"18":{"name":"(anonymous_27)","decl":{"start":{"line":353,"column":27},"end":{"line":353,"column":28}},"loc":{"start":{"line":354,"column":16},"end":{"line":354,"column":44}}}},"branchMap":{"0":{"loc":{"start":{"line":33,"column":47},"end":{"line":33,"column":65}},"type":"default-arg","locations":[{"start":{"line":33,"column":61},"end":{"line":33,"column":65}}]},"1":{"loc":{"start":{"line":41,"column":18},"end":{"line":41,"column":57}},"type":"cond-expr","locations":[{"start":{"line":41,"column":18},"end":{"line":41,"column":57}}]},"2":{"loc":{"start":{"line":44,"column":7},"end":{"line":44,"column":17}},"type":"binary-expr","locations":[{"start":{"line":44,"column":7},"end":{"line":44,"column":17}}]},"3":{"loc":{"start":{"line":62,"column":2},"end":{"line":62,"column":null}},"type":"if","locations":[{"start":{"line":62,"column":2},"end":{"line":62,"column":null}}]},"4":{"loc":{"start":{"line":70,"column":9},"end":{"line":70,"column":null}},"type":"binary-expr","locations":[{"start":{"line":70,"column":9},"end":{"line":70,"column":null}}]},"5":{"loc":{"start":{"line":88,"column":17},"end":{"line":88,"column":94}},"type":"cond-expr","locations":[{"start":{"line":88,"column":44},"end":{"line":88,"column":53}},{"start":{"line":88,"column":53},"end":{"line":88,"column":94}}]},"6":{"loc":{"start":{"line":88,"column":53},"end":{"line":88,"column":94}},"type":"cond-expr","locations":[{"start":{"line":88,"column":77},"end":{"line":88,"column":85}},{"start":{"line":88,"column":85},"end":{"line":88,"column":94}}]},"7":{"loc":{"start":{"line":100,"column":14},"end":{"line":103,"column":21}},"type":"cond-expr","locations":[{"start":{"line":100,"column":14},"end":{"line":103,"column":21}}]},"8":{"loc":{"start":{"line":104,"column":14},"end":{"line":117,"column":15}},"type":"cond-expr","locations":[{"start":{"line":104,"column":14},"end":{"line":117,"column":15}}]},"9":{"loc":{"start":{"line":122,"column":22},"end":{"line":122,"column":null}},"type":"binary-expr","locations":[{"start":{"line":122,"column":22},"end":{"line":122,"column":47}},{"start":{"line":122,"column":47},"end":{"line":122,"column":null}}]},"10":{"loc":{"start":{"line":123,"column":22},"end":{"line":123,"column":null}},"type":"binary-expr","locations":[{"start":{"line":123,"column":22},"end":{"line":123,"column":50}},{"start":{"line":123,"column":50},"end":{"line":123,"column":null}}]},"11":{"loc":{"start":{"line":144,"column":127},"end":{"line":144,"column":138}},"type":"default-arg","locations":[{"start":{"line":144,"column":134},"end":{"line":144,"column":138}}]},"12":{"loc":{"start":{"line":152,"column":4},"end":{"line":152,"column":null}},"type":"if","locations":[{"start":{"line":152,"column":4},"end":{"line":152,"column":null}}]},"13":{"loc":{"start":{"line":153,"column":4},"end":{"line":158,"column":null}},"type":"if","locations":[{"start":{"line":153,"column":4},"end":{"line":158,"column":null}}]},"14":{"loc":{"start":{"line":153,"column":8},"end":{"line":153,"column":33}},"type":"binary-expr","locations":[{"start":{"line":153,"column":8},"end":{"line":153,"column":18}},{"start":{"line":153,"column":18},"end":{"line":153,"column":33}}]},"15":{"loc":{"start":{"line":161,"column":4},"end":{"line":163,"column":null}},"type":"if","locations":[{"start":{"line":161,"column":4},"end":{"line":163,"column":null}}]},"16":{"loc":{"start":{"line":174,"column":6},"end":{"line":202,"column":null}},"type":"if","locations":[{"start":{"line":174,"column":6},"end":{"line":202,"column":null}},{"start":{"line":187,"column":13},"end":{"line":202,"column":null}}]},"17":{"loc":{"start":{"line":174,"column":10},"end":{"line":174,"column":60}},"type":"binary-expr","locations":[{"start":{"line":174,"column":10},"end":{"line":174,"column":35}},{"start":{"line":174,"column":35},"end":{"line":174,"column":60}}]},"18":{"loc":{"start":{"line":176,"column":8},"end":{"line":179,"column":null}},"type":"if","locations":[{"start":{"line":176,"column":8},"end":{"line":179,"column":null}}]},"19":{"loc":{"start":{"line":176,"column":12},"end":{"line":176,"column":36}},"type":"binary-expr","locations":[{"start":{"line":176,"column":12},"end":{"line":176,"column":25}},{"start":{"line":176,"column":25},"end":{"line":176,"column":36}}]},"20":{"loc":{"start":{"line":181,"column":8},"end":{"line":184,"column":null}},"type":"if","locations":[{"start":{"line":181,"column":8},"end":{"line":184,"column":null}}]},"21":{"loc":{"start":{"line":187,"column":13},"end":{"line":202,"column":null}},"type":"if","locations":[{"start":{"line":187,"column":13},"end":{"line":202,"column":null}},{"start":{"line":196,"column":13},"end":{"line":202,"column":null}}]},"22":{"loc":{"start":{"line":189,"column":8},"end":{"line":194,"column":null}},"type":"if","locations":[{"start":{"line":189,"column":8},"end":{"line":194,"column":null}},{"start":{"line":191,"column":15},"end":{"line":194,"column":null}}]},"23":{"loc":{"start":{"line":189,"column":12},"end":{"line":189,"column":36}},"type":"binary-expr","locations":[{"start":{"line":189,"column":12},"end":{"line":189,"column":25}},{"start":{"line":189,"column":25},"end":{"line":189,"column":36}}]},"24":{"loc":{"start":{"line":191,"column":15},"end":{"line":194,"column":null}},"type":"if","locations":[{"start":{"line":191,"column":15},"end":{"line":194,"column":null}}]},"25":{"loc":{"start":{"line":196,"column":13},"end":{"line":202,"column":null}},"type":"if","locations":[{"start":{"line":196,"column":13},"end":{"line":202,"column":null}},{"start":{"line":198,"column":13},"end":{"line":202,"column":null}}]},"26":{"loc":{"start":{"line":198,"column":13},"end":{"line":202,"column":null}},"type":"if","locations":[{"start":{"line":198,"column":13},"end":{"line":202,"column":null}},{"start":{"line":200,"column":13},"end":{"line":202,"column":null}}]},"27":{"loc":{"start":{"line":206,"column":4},"end":{"line":210,"column":null}},"type":"if","locations":[{"start":{"line":206,"column":4},"end":{"line":210,"column":null}},{"start":{"line":208,"column":11},"end":{"line":210,"column":null}}]},"28":{"loc":{"start":{"line":206,"column":8},"end":{"line":206,"column":32}},"type":"binary-expr","locations":[{"start":{"line":206,"column":8},"end":{"line":206,"column":21}},{"start":{"line":206,"column":21},"end":{"line":206,"column":32}}]},"29":{"loc":{"start":{"line":208,"column":11},"end":{"line":210,"column":null}},"type":"if","locations":[{"start":{"line":208,"column":11},"end":{"line":210,"column":null}}]},"30":{"loc":{"start":{"line":208,"column":15},"end":{"line":208,"column":54}},"type":"binary-expr","locations":[{"start":{"line":208,"column":15},"end":{"line":208,"column":28}},{"start":{"line":208,"column":28},"end":{"line":208,"column":54}}]},"31":{"loc":{"start":{"line":211,"column":4},"end":{"line":213,"column":null}},"type":"if","locations":[{"start":{"line":211,"column":4},"end":{"line":213,"column":null}}]},"32":{"loc":{"start":{"line":216,"column":4},"end":{"line":247,"column":null}},"type":"if","locations":[{"start":{"line":216,"column":4},"end":{"line":247,"column":null}},{"start":{"line":220,"column":11},"end":{"line":247,"column":null}}]},"33":{"loc":{"start":{"line":227,"column":8},"end":{"line":238,"column":null}},"type":"if","locations":[{"start":{"line":227,"column":8},"end":{"line":238,"column":null}},{"start":{"line":234,"column":15},"end":{"line":238,"column":null}}]},"34":{"loc":{"start":{"line":228,"column":10},"end":{"line":232,"column":null}},"type":"if","locations":[{"start":{"line":228,"column":10},"end":{"line":232,"column":null}},{"start":{"line":230,"column":17},"end":{"line":232,"column":null}}]},"35":{"loc":{"start":{"line":234,"column":15},"end":{"line":238,"column":null}},"type":"if","locations":[{"start":{"line":234,"column":15},"end":{"line":238,"column":null}},{"start":{"line":236,"column":15},"end":{"line":238,"column":null}}]},"36":{"loc":{"start":{"line":240,"column":6},"end":{"line":244,"column":null}},"type":"if","locations":[{"start":{"line":240,"column":6},"end":{"line":244,"column":null}},{"start":{"line":242,"column":13},"end":{"line":244,"column":null}}]},"37":{"loc":{"start":{"line":251,"column":6},"end":{"line":253,"column":null}},"type":"if","locations":[{"start":{"line":251,"column":6},"end":{"line":253,"column":null}}]},"38":{"loc":{"start":{"line":266,"column":42},"end":{"line":266,"column":null}},"type":"binary-expr","locations":[{"start":{"line":266,"column":42},"end":{"line":266,"column":55}},{"start":{"line":266,"column":55},"end":{"line":266,"column":null}}]},"39":{"loc":{"start":{"line":267,"column":6},"end":{"line":269,"column":null}},"type":"if","locations":[{"start":{"line":267,"column":6},"end":{"line":269,"column":null}}]},"40":{"loc":{"start":{"line":274,"column":6},"end":{"line":276,"column":null}},"type":"if","locations":[{"start":{"line":274,"column":6},"end":{"line":276,"column":null}}]},"41":{"loc":{"start":{"line":282,"column":56},"end":{"line":282,"column":135}},"type":"binary-expr","locations":[{"start":{"line":282,"column":56},"end":{"line":282,"column":70}},{"start":{"line":282,"column":70},"end":{"line":282,"column":135}}]},"42":{"loc":{"start":{"line":283,"column":7},"end":{"line":283,"column":null}},"type":"binary-expr","locations":[{"start":{"line":283,"column":7},"end":{"line":283,"column":null}}]},"43":{"loc":{"start":{"line":285,"column":11},"end":{"line":285,"column":null}},"type":"binary-expr","locations":[{"start":{"line":285,"column":11},"end":{"line":285,"column":null}}]},"44":{"loc":{"start":{"line":296,"column":11},"end":{"line":296,"column":null}},"type":"binary-expr","locations":[{"start":{"line":296,"column":11},"end":{"line":296,"column":null}}]},"45":{"loc":{"start":{"line":298,"column":26},"end":{"line":298,"column":null}},"type":"cond-expr","locations":[{"start":{"line":298,"column":38},"end":{"line":298,"column":55}},{"start":{"line":298,"column":55},"end":{"line":298,"column":null}}]},"46":{"loc":{"start":{"line":307,"column":27},"end":{"line":307,"column":58}},"type":"cond-expr","locations":[{"start":{"line":307,"column":27},"end":{"line":307,"column":58}}]},"47":{"loc":{"start":{"line":313,"column":8},"end":{"line":321,"column":9}},"type":"cond-expr","locations":[{"start":{"line":313,"column":8},"end":{"line":321,"column":9}}]},"48":{"loc":{"start":{"line":318,"column":24},"end":{"line":318,"column":null}},"type":"binary-expr","locations":[{"start":{"line":318,"column":24},"end":{"line":318,"column":38}},{"start":{"line":318,"column":38},"end":{"line":318,"column":null}}]},"49":{"loc":{"start":{"line":323,"column":13},"end":{"line":323,"column":29}},"type":"binary-expr","locations":[{"start":{"line":323,"column":13},"end":{"line":323,"column":29}},{"start":{"line":323,"column":29},"end":{"line":323,"column":null}}]},"50":{"loc":{"start":{"line":335,"column":13},"end":{"line":354,"column":44}},"type":"cond-expr","locations":[{"start":{"line":336,"column":14},"end":{"line":337,"column":53}},{"start":{"line":353,"column":14},"end":{"line":354,"column":44}}]},"51":{"loc":{"start":{"line":338,"column":19},"end":{"line":338,"column":38}},"type":"binary-expr","locations":[{"start":{"line":338,"column":19},"end":{"line":338,"column":38}}]}},"s":{"0":0,"1":0,"2":0,"3":0,"4":0,"5":0,"6":0,"7":0,"8":0,"9":0,"10":0,"11":0,"12":0,"13":0,"14":0,"15":0,"16":0,"17":0,"18":0,"19":0,"20":0,"21":0,"22":0,"23":0,"24":0,"25":0,"26":0,"27":0,"28":0,"29":0,"30":0,"31":0,"32":0,"33":0,"34":0,"35":0,"36":0,"37":0,"38":0,"39":0,"40":0,"41":0,"42":0,"43":0,"44":0,"45":0,"46":0,"47":0,"48":0,"49":0,"50":0,"51":0,"52":0,"53":0,"54":0,"55":0,"56":0,"57":0,"58":0,"59":0,"60":0,"61":0,"62":0,"63":0,"64":0,"65":0,"66":0,"67":0,"68":0,"69":0,"70":0,"71":0,"72":0,"73":0,"74":0,"75":0,"76":0,"77":0,"78":0,"79":0,"80":0,"81":0,"82":0,"83":0,"84":0,"85":0,"86":0,"87":0,"88":0,"89":0,"90":0,"91":0,"92":0,"93":0,"94":0,"95":0,"96":0,"97":0,"98":0,"99":0,"100":0,"101":0,"102":0,"103":0,"104":0,"105":0,"106":0},"f":{"0":0,"1":0,"2":0,"3":0,"4":0,"5":0,"6":0,"7":0,"8":0,"9":0,"10":0,"11":0,"12":0,"13":0,"14":0,"15":0,"16":0,"17":0,"18":0},"b":{"0":[0],"1":[0],"2":[0],"3":[0],"4":[0],"5":[0,0],"6":[0,0],"7":[0],"8":[0],"9":[0,0],"10":[0,0],"11":[0],"12":[0],"13":[0],"14":[0,0],"15":[0],"16":[0,0],"17":[0,0],"18":[0],"19":[0,0],"20":[0],"21":[0,0],"22":[0,0],"23":[0,0],"24":[0],"25":[0,0],"26":[0,0],"27":[0,0],"28":[0,0],"29":[0],"30":[0,0],"31":[0],"32":[0,0],"33":[0,0],"34":[0,0],"35":[0,0],"36":[0,0],"37":[0],"38":[0,0],"39":[0],"40":[0],"41":[0,0],"42":[0],"43":[0],"44":[0],"45":[0,0],"46":[0],"47":[0],"48":[0,0],"49":[0,0],"50":[0,0],"51":[0]}}
,"/Users/kennethkwok/Documents/Nicole/SteamPlatForm-main/components/wysiwyg-editor.tsx": {"path":"/Users/kennethkwok/Documents/Nicole/SteamPlatForm-main/components/wysiwyg-editor.tsx","statementMap":{"0":{"start":{"line":19,"column":16},"end":{"line":19,"column":30}},"1":{"start":{"line":3,"column":25},"end":{"line":3,"column":null}},"2":{"start":{"line":4,"column":19},"end":{"line":4,"column":null}}},"fnMap":{"0":{"name":"WysiwygEditor","decl":{"start":{"line":19,"column":16},"end":{"line":19,"column":30}},"loc":{"start":{"line":19,"column":99},"end":{"line":34,"column":null}}}},"branchMap":{},"s":{"0":0,"1":0,"2":0},"f":{"0":0},"b":{}}
}
