TN:
SF:components/markdown-editor.tsx
FN:26,CollapsibleSection
FN:31,(anonymous_3)
FN:42,MarkdownEditor
FN:47,(anonymous_5)
FN:73,(anonymous_6)
FN:81,(anonymous_14)
FN:88,(anonymous_15)
FN:118,(anonymous_16)
FN:142,(anonymous_17)
FNF:9
FNH:9
FNDA:7,CollapsibleSection
FNDA:3,(anonymous_3)
FNDA:8,MarkdownEditor
FNDA:4,(anonymous_5)
FNDA:4,(anonymous_6)
FNDA:11,(anonymous_14)
FNDA:18,(anonymous_15)
FNDA:1,(anonymous_16)
FNDA:4,(anonymous_17)
DA:3,1
DA:4,1
DA:5,1
DA:6,1
DA:7,1
DA:8,1
DA:9,1
DA:10,1
DA:11,1
DA:27,7
DA:31,3
DA:42,4
DA:43,8
DA:44,8
DA:47,8
DA:48,4
DA:49,4
DA:50,4
DA:51,4
DA:53,4
DA:54,17
DA:55,4
DA:56,3
DA:58,1
DA:60,4
DA:61,13
DA:62,8
DA:64,5
DA:67,4
DA:68,1
DA:70,4
DA:73,8
DA:82,11
DA:83,11
DA:89,18
DA:90,18
DA:119,1
DA:120,1
DA:143,4
LF:39
LH:39
BRDA:26,0,0,0
BRDA:34,1,0,5
BRDA:37,2,0,7
BRDA:42,3,0,6
BRDA:54,4,0,4
BRDA:54,4,1,13
BRDA:55,5,0,3
BRDA:55,5,1,1
BRDA:61,6,0,8
BRDA:61,6,1,5
BRDA:67,7,0,1
BRDA:82,8,0,11
BRDA:82,8,1,0
BRDA:83,9,0,2
BRDA:90,10,0,9
BRDA:98,11,0,8
BRDA:98,11,1,4
BRDA:99,12,0,8
BRDA:101,13,0,4
BRDA:112,14,0,4
BRDA:114,15,0,2
BRDA:114,15,1,2
BRDA:123,16,0,2
BRDA:129,17,0,4
BRDA:134,18,0,4
BRDA:134,18,1,2
BRF:26
BRH:24
end_of_record
TN:
SF:components/wysiwyg-editor.tsx
FN:19,WysiwygEditor
FNF:1
FNH:1
FNDA:5,WysiwygEditor
DA:3,2
DA:4,2
DA:19,5
LF:3
LH:3
BRF:0
BRH:0
end_of_record
