TN:
SF:app/page.tsx
FN:22,Home
FN:51,(anonymous_5)
FN:57,(anonymous_6)
FN:64,(anonymous_7)
FN:73,(anonymous_8)
FN:80,(anonymous_9)
FN:92,(anonymous_10)
FN:110,(anonymous_11)
FN:118,(anonymous_12)
FN:142,(anonymous_13)
FN:148,(anonymous_14)
FN:151,(anonymous_15)
FN:155,(anonymous_16)
FN:158,(anonymous_17)
FN:159,(anonymous_18)
FN:165,(anonymous_19)
FN:178,(anonymous_20)
FN:199,(anonymous_21)
FN:203,(anonymous_22)
FN:211,(anonymous_23)
FN:215,(anonymous_24)
FN:219,(anonymous_25)
FN:220,(anonymous_26)
FN:232,(anonymous_27)
FN:232,(anonymous_28)
FN:239,(anonymous_29)
FN:240,(anonymous_30)
FN:240,(anonymous_31)
FN:243,(anonymous_32)
FN:262,(anonymous_33)
FN:266,(anonymous_34)
FN:268,(anonymous_35)
FN:274,(anonymous_36)
FN:284,(anonymous_37)
FN:311,(anonymous_38)
FNF:35
FNH:34
FNDA:77,Home
FNDA:18,(anonymous_5)
FNDA:18,(anonymous_6)
FNDA:18,(anonymous_7)
FNDA:18,(anonymous_8)
FNDA:4,(anonymous_9)
FNDA:4,(anonymous_10)
FNDA:2,(anonymous_11)
FNDA:7,(anonymous_12)
FNDA:5,(anonymous_13)
FNDA:2,(anonymous_14)
FNDA:2,(anonymous_15)
FNDA:2,(anonymous_16)
FNDA:2,(anonymous_17)
FNDA:2,(anonymous_18)
FNDA:1,(anonymous_19)
FNDA:2,(anonymous_20)
FNDA:1,(anonymous_21)
FNDA:1,(anonymous_22)
FNDA:5,(anonymous_23)
FNDA:4,(anonymous_24)
FNDA:3,(anonymous_25)
FNDA:2,(anonymous_26)
FNDA:1,(anonymous_27)
FNDA:1,(anonymous_28)
FNDA:1,(anonymous_29)
FNDA:1,(anonymous_30)
FNDA:0,(anonymous_31)
FNDA:3,(anonymous_32)
FNDA:1,(anonymous_33)
FNDA:2,(anonymous_34)
FNDA:6,(anonymous_35)
FNDA:1,(anonymous_36)
FNDA:27,(anonymous_37)
FNDA:4,(anonymous_38)
DA:3,1
DA:4,1
DA:5,1
DA:8,1
DA:9,1
DA:10,1
DA:11,1
DA:12,1
DA:13,1
DA:14,1
DA:15,1
DA:16,1
DA:17,1
DA:18,1
DA:19,1
DA:22,18
DA:23,77
DA:24,77
DA:25,77
DA:26,77
DA:27,77
DA:28,77
DA:29,77
DA:30,77
DA:31,77
DA:32,77
DA:33,77
DA:34,77
DA:35,77
DA:36,77
DA:39,77
DA:40,77
DA:42,77
DA:51,77
DA:52,18
DA:53,17
DA:57,77
DA:58,18
DA:64,77
DA:65,18
DA:66,1
DA:71,77
DA:73,77
DA:74,18
DA:75,18
DA:76,4
DA:78,4
DA:80,4
DA:81,4
DA:82,3
DA:83,3
DA:84,3
DA:85,3
DA:86,3
DA:92,77
DA:93,4
DA:94,4
DA:95,4
DA:96,3
DA:99,1
DA:100,1
DA:101,1
DA:102,1
DA:110,77
DA:111,2
DA:112,1
DA:113,1
DA:115,1
DA:118,77
DA:119,7
DA:120,6
DA:121,6
DA:122,6
DA:124,6
DA:125,1
DA:126,1
DA:127,1
DA:128,1
DA:129,1
DA:133,5
DA:134,5
DA:135,5
DA:136,5
DA:139,5
DA:142,5
DA:146,5
DA:149,2
DA:153,2
DA:155,2
DA:156,2
DA:158,2
DA:160,2
DA:163,2
DA:166,1
DA:167,1
DA:171,1
DA:172,1
DA:174,6
DA:178,77
DA:179,2
DA:180,2
DA:181,2
DA:182,2
DA:185,2
DA:187,2
DA:189,2
DA:190,1
DA:192,1
DA:193,1
DA:195,2
DA:199,77
DA:200,1
DA:203,77
DA:204,1
DA:206,1
DA:207,1
DA:211,77
DA:212,5
DA:215,77
DA:216,4
DA:219,77
DA:220,3
DA:221,3
DA:223,2
DA:224,2
DA:229,1
DA:230,1
DA:231,1
DA:232,1
DA:235,1
DA:239,77
DA:240,1
DA:243,77
DA:244,3
DA:246,2
DA:247,2
DA:252,1
DA:253,1
DA:254,1
DA:255,1
DA:258,1
DA:262,77
DA:263,1
DA:266,77
DA:268,6
DA:271,2
DA:272,2
DA:274,1
DA:276,1
DA:279,1
DA:280,1
DA:284,77
DA:285,27
DA:286,2
DA:290,77
DA:291,2
DA:311,4
LF:157
LH:157
BRDA:52,0,0,17
BRDA:52,1,0,18
BRDA:52,1,1,18
BRDA:65,2,0,1
BRDA:75,3,0,4
BRDA:75,4,0,18
BRDA:75,4,1,4
BRDA:81,5,0,3
BRDA:82,6,0,3
BRDA:82,6,1,1
BRDA:85,7,0,3
BRDA:85,7,1,0
BRDA:95,8,0,3
BRDA:95,8,1,1
BRDA:100,9,0,1
BRDA:111,10,0,1
BRDA:119,11,0,1
BRDA:120,12,0,6
BRDA:120,12,1,1
BRDA:124,13,0,1
BRDA:124,14,0,6
BRDA:124,14,1,1
BRDA:160,15,0,1
BRDA:160,15,1,1
BRDA:167,16,0,1
BRDA:167,16,1,1
BRDA:206,17,0,1
BRDA:221,18,0,1
BRDA:229,19,0,1
BRDA:244,20,0,1
BRDA:252,21,0,1
BRDA:268,22,0,6
BRDA:268,22,1,4
BRDA:272,23,0,1
BRDA:273,24,0,2
BRDA:273,24,1,1
BRDA:285,25,0,2
BRDA:285,26,0,27
BRDA:285,26,1,9
BRDA:290,27,0,2
BRDA:290,28,0,77
BRDA:290,28,1,77
BRDA:303,29,0,47
BRDA:303,29,1,28
BRDA:334,30,0,1
BRDA:334,30,1,74
BRF:46
BRH:45
end_of_record
